# JRE version: Java(TM) SE Runtime Environment (8.0_25-b18) (build 1.8.0_25-b18)
# Java VM: Java HotSpot(TM) 64-Bit Server VM (25.25-b02 mixed mode windows-amd64 compressed oops)
Heap:
 PSYoungGen      total 154112K, used 58832K [0x00000000f5580000, 0x00000000ffa00000, 0x0000000100000000)
  eden space 147968K, 35% used [0x00000000f5580000,0x00000000f8938588,0x00000000fe600000)
  from space 6144K, 95% used [0x00000000fec00000,0x00000000ff1bbcb8,0x00000000ff200000)
  to   space 8192K, 0% used [0x00000000ff200000,0x00000000ff200000,0x00000000ffa00000)
 ParOldGen       total 66560K, used 50503K [0x00000000e0000000, 0x00000000e4100000, 0x00000000f5580000)
  object space 66560K, 75% used [0x00000000e0000000,0x00000000e3151d30,0x00000000e4100000)
 Metaspace       used 93643K, capacity 99830K, committed 99968K, reserved 1136640K
  class space    used 11296K, capacity 13173K, committed 13184K, reserved 1048576K
GC Heap History (10 events):
Event: 1836.789 GC heap before
{Heap before GC invocations=78 (full 26):
 PSYoungGen      total 162816K, used 157696K [0x00000000f5580000, 0x00000000ff980000, 0x0000000100000000)
  eden space 157696K, 100% used [0x00000000f5580000,0x00000000fef80000,0x00000000fef80000)
  from space 5120K, 0% used [0x00000000fef80000,0x00000000fef80000,0x00000000ff480000)
  to   space 5120K, 0% used [0x00000000ff480000,0x00000000ff480000,0x00000000ff980000)
 ParOldGen       total 66560K, used 39664K [0x00000000e0000000, 0x00000000e4100000, 0x00000000f5580000)
  object space 66560K, 59% used [0x00000000e0000000,0x00000000e26bc230,0x00000000e4100000)
 Metaspace       used 89295K, capacity 95324K, committed 95488K, reserved 1132544K
  class space    used 10805K, capacity 12769K, committed 12800K, reserved 1048576K
Event: 1836.800 GC heap after
Heap after GC invocations=78 (full 26):
 PSYoungGen      total 158720K, used 5104K [0x00000000f5580000, 0x0000000100000000, 0x0000000100000000)
  eden space 153600K, 0% used [0x00000000f5580000,0x00000000f5580000,0x00000000feb80000)
  from space 5120K, 99% used [0x00000000ff480000,0x00000000ff97c010,0x00000000ff980000)
  to   space 9216K, 0% used [0x00000000feb80000,0x00000000feb80000,0x00000000ff480000)
 ParOldGen       total 66560K, used 47898K [0x00000000e0000000, 0x00000000e4100000, 0x00000000f5580000)
  object space 66560K, 71% used [0x00000000e0000000,0x00000000e2ec69b0,0x00000000e4100000)
 Metaspace       used 89295K, capacity 95324K, committed 95488K, reserved 1132544K
  class space    used 10805K, capacity 12769K, committed 12800K, reserved 1048576K
}
Event: 1837.171 GC heap before
{Heap before GC invocations=79 (full 26):
 PSYoungGen      total 158720K, used 6720K [0x00000000f5580000, 0x0000000100000000, 0x0000000100000000)
  eden space 153600K, 1% used [0x00000000f5580000,0x00000000f57143a8,0x00000000feb80000)
  from space 5120K, 99% used [0x00000000ff480000,0x00000000ff97c010,0x00000000ff980000)
  to   space 9216K, 0% used [0x00000000feb80000,0x00000000feb80000,0x00000000ff480000)
 ParOldGen       total 66560K, used 47898K [0x00000000e0000000, 0x00000000e4100000, 0x00000000f5580000)
  object space 66560K, 71% used [0x00000000e0000000,0x00000000e2ec69b0,0x00000000e4100000)
 Metaspace       used 89298K, capacity 95324K, committed 95488K, reserved 1132544K
  class space    used 10805K, capacity 12769K, committed 12800K, reserved 1048576K
Event: 1837.181 GC heap after
Heap after GC invocations=79 (full 26):
 PSYoungGen      total 162816K, used 5088K [0x00000000f5580000, 0x0000000100000000, 0x0000000100000000)
  eden space 153600K, 0% used [0x00000000f5580000,0x00000000f5580000,0x00000000feb80000)
  from space 9216K, 55% used [0x00000000feb80000,0x00000000ff078020,0x00000000ff480000)
  to   space 9216K, 0% used [0x00000000ff700000,0x00000000ff700000,0x0000000100000000)
 ParOldGen       total 66560K, used 47898K [0x00000000e0000000, 0x00000000e4100000, 0x00000000f5580000)
  object space 66560K, 71% used [0x00000000e0000000,0x00000000e2ec69b0,0x00000000e4100000)
 Metaspace       used 89298K, capacity 95324K, committed 95488K, reserved 1132544K
  class space    used 10805K, capacity 12769K, committed 12800K, reserved 1048576K
}
Event: 1837.181 GC heap before
{Heap before GC invocations=80 (full 27):
 PSYoungGen      total 162816K, used 5088K [0x00000000f5580000, 0x0000000100000000, 0x0000000100000000)
  eden space 153600K, 0% used [0x00000000f5580000,0x00000000f5580000,0x00000000feb80000)
  from space 9216K, 55% used [0x00000000feb80000,0x00000000ff078020,0x00000000ff480000)
  to   space 9216K, 0% used [0x00000000ff700000,0x00000000ff700000,0x0000000100000000)
 ParOldGen       total 66560K, used 47898K [0x00000000e0000000, 0x00000000e4100000, 0x00000000f5580000)
  object space 66560K, 71% used [0x00000000e0000000,0x00000000e2ec69b0,0x00000000e4100000)
 Metaspace       used 89298K, capacity 95324K, committed 95488K, reserved 1132544K
  class space    used 10805K, capacity 12769K, committed 12800K, reserved 1048576K
Event: 1837.597 GC heap after
Heap after GC invocations=80 (full 27):
 PSYoungGen      total 162816K, used 0K [0x00000000f5580000, 0x0000000100000000, 0x0000000100000000)
  eden space 153600K, 0% used [0x00000000f5580000,0x00000000f5580000,0x00000000feb80000)
  from space 9216K, 0% used [0x00000000feb80000,0x00000000feb80000,0x00000000ff480000)
  to   space 9216K, 0% used [0x00000000ff700000,0x00000000ff700000,0x0000000100000000)
 ParOldGen       total 66560K, used 50487K [0x00000000e0000000, 0x00000000e4100000, 0x00000000f5580000)
  object space 66560K, 75% used [0x00000000e0000000,0x00000000e314dd30,0x00000000e4100000)
 Metaspace       used 89298K, capacity 95324K, committed 95488K, reserved 1132544K
  class space    used 10805K, capacity 12769K, committed 12800K, reserved 1048576K
}
Event: 2020.704 GC heap before
{Heap before GC invocations=81 (full 27):
 PSYoungGen      total 162816K, used 153600K [0x00000000f5580000, 0x0000000100000000, 0x0000000100000000)
  eden space 153600K, 100% used [0x00000000f5580000,0x00000000feb80000,0x00000000feb80000)
  from space 9216K, 0% used [0x00000000feb80000,0x00000000feb80000,0x00000000ff480000)
  to   space 9216K, 0% used [0x00000000ff700000,0x00000000ff700000,0x0000000100000000)
 ParOldGen       total 66560K, used 50487K [0x00000000e0000000, 0x00000000e4100000, 0x00000000f5580000)
  object space 66560K, 75% used [0x00000000e0000000,0x00000000e314dd30,0x00000000e4100000)
 Metaspace       used 92304K, capacity 98484K, committed 98688K, reserved 1134592K
  class space    used 11218K, capacity 13072K, committed 13184K, reserved 1048576K
Event: 2020.712 GC heap after
Heap after GC invocations=81 (full 27):
 PSYoungGen      total 163328K, used 6806K [0x00000000f5580000, 0x0000000100000000, 0x0000000100000000)
  eden space 154112K, 0% used [0x00000000f5580000,0x00000000f5580000,0x00000000fec00000)
  from space 9216K, 73% used [0x00000000ff700000,0x00000000ffda5988,0x0000000100000000)
  to   space 10240K, 0% used [0x00000000fec00000,0x00000000fec00000,0x00000000ff600000)
 ParOldGen       total 66560K, used 50495K [0x00000000e0000000, 0x00000000e4100000, 0x00000000f5580000)
  object space 66560K, 75% used [0x00000000e0000000,0x00000000e314fd30,0x00000000e4100000)
 Metaspace       used 92304K, capacity 98484K, committed 98688K, reserved 1134592K
  class space    used 11218K, capacity 13072K, committed 13184K, reserved 1048576K
}
Event: 2211.225 GC heap before
{Heap before GC invocations=82 (full 27):
 PSYoungGen      total 163328K, used 160918K [0x00000000f5580000, 0x0000000100000000, 0x0000000100000000)
  eden space 154112K, 100% used [0x00000000f5580000,0x00000000fec00000,0x00000000fec00000)
  from space 9216K, 73% used [0x00000000ff700000,0x00000000ffda5988,0x0000000100000000)
  to   space 10240K, 0% used [0x00000000fec00000,0x00000000fec00000,0x00000000ff600000)
 ParOldGen       total 66560K, used 50495K [0x00000000e0000000, 0x00000000e4100000, 0x00000000f5580000)
  object space 66560K, 75% used [0x00000000e0000000,0x00000000e314fd30,0x00000000e4100000)
 Metaspace       used 92953K, capacity 99078K, committed 99456K, reserved 1136640K
  class space    used 11226K, capacity 13075K, committed 13184K, reserved 1048576K
Event: 2211.234 GC heap after
Heap after GC invocations=82 (full 27):
 PSYoungGen      total 154112K, used 5871K [0x00000000f5580000, 0x00000000ffa00000, 0x0000000100000000)
  eden space 147968K, 0% used [0x00000000f5580000,0x00000000f5580000,0x00000000fe600000)
  from space 6144K, 95% used [0x00000000fec00000,0x00000000ff1bbcb8,0x00000000ff200000)
  to   space 8192K, 0% used [0x00000000ff200000,0x00000000ff200000,0x00000000ffa00000)
 ParOldGen       total 66560K, used 50503K [0x00000000e0000000, 0x00000000e4100000, 0x00000000f5580000)
  object space 66560K, 75% used [0x00000000e0000000,0x00000000e3151d30,0x00000000e4100000)
 Metaspace       used 92953K, capacity 99078K, committed 99456K, reserved 1136640K
  class space    used 11226K, capacity 13075K, committed 13184K, reserved 1048576K
}

