# JRE version: Java(TM) SE Runtime Environment (8.0_45-b15) (build 1.8.0_45-b15)
# Java VM: Java HotSpot(TM) 64-Bit Server VM (25.45-b02 mixed mode windows-amd64 compressed oops)
Heap:
 PSYoungGen      total 38400K, used 8824K [0x00000000f5580000, 0x00000000f8280000, 0x0000000100000000)
  eden space 32256K, 23% used [0x00000000f5580000,0x00000000f5ce02f8,0x00000000f7500000)
  from space 6144K, 20% used [0x00000000f7500000,0x00000000f763df58,0x00000000f7b00000)
  to   space 6656K, 0% used [0x00000000f7c00000,0x00000000f7c00000,0x00000000f8280000)
 ParOldGen       total 74240K, used 50050K [0x00000000e0000000, 0x00000000e4880000, 0x00000000f5580000)
  object space 74240K, 67% used [0x00000000e0000000,0x00000000e30e0950,0x00000000e4880000)
 Metaspace       used 93721K, capacity 100660K, committed 100992K, reserved 1136640K
  class space    used 10742K, capacity 12811K, committed 12928K, reserved 1048576K
GC Heap History (10 events):
Event: 14440.045 GC heap before
{Heap before GC invocations=460 (full 76):
 PSYoungGen      total 37376K, used 37114K [0x00000000f5580000, 0x00000000f8300000, 0x0000000100000000)
  eden space 33280K, 100% used [0x00000000f5580000,0x00000000f7600000,0x00000000f7600000)
  from space 4096K, 93% used [0x00000000f7680000,0x00000000f7a3e948,0x00000000f7a80000)
  to   space 6656K, 0% used [0x00000000f7c80000,0x00000000f7c80000,0x00000000f8300000)
 ParOldGen       total 74240K, used 50742K [0x00000000e0000000, 0x00000000e4880000, 0x00000000f5580000)
  object space 74240K, 68% used [0x00000000e0000000,0x00000000e318da20,0x00000000e4880000)
 Metaspace       used 93159K, capacity 99854K, committed 100096K, reserved 1136640K
  class space    used 10687K, capacity 12778K, committed 12800K, reserved 1048576K
Event: 14440.049 GC heap after
Heap after GC invocations=460 (full 76):
 PSYoungGen      total 38912K, used 4194K [0x00000000f5580000, 0x00000000f8280000, 0x0000000100000000)
  eden space 32768K, 0% used [0x00000000f5580000,0x00000000f5580000,0x00000000f7580000)
  from space 6144K, 68% used [0x00000000f7c80000,0x00000000f8098ac0,0x00000000f8280000)
  to   space 6656K, 0% used [0x00000000f7580000,0x00000000f7580000,0x00000000f7c00000)
 ParOldGen       total 74240K, used 50742K [0x00000000e0000000, 0x00000000e4880000, 0x00000000f5580000)
  object space 74240K, 68% used [0x00000000e0000000,0x00000000e318da20,0x00000000e4880000)
 Metaspace       used 93159K, capacity 99854K, committed 100096K, reserved 1136640K
  class space    used 10687K, capacity 12778K, committed 12800K, reserved 1048576K
}
Event: 14541.832 GC heap before
{Heap before GC invocations=461 (full 76):
 PSYoungGen      total 38912K, used 36962K [0x00000000f5580000, 0x00000000f8280000, 0x0000000100000000)
  eden space 32768K, 100% used [0x00000000f5580000,0x00000000f7580000,0x00000000f7580000)
  from space 6144K, 68% used [0x00000000f7c80000,0x00000000f8098ac0,0x00000000f8280000)
  to   space 6656K, 0% used [0x00000000f7580000,0x00000000f7580000,0x00000000f7c00000)
 ParOldGen       total 74240K, used 50742K [0x00000000e0000000, 0x00000000e4880000, 0x00000000f5580000)
  object space 74240K, 68% used [0x00000000e0000000,0x00000000e318da20,0x00000000e4880000)
 Metaspace       used 93189K, capacity 99982K, committed 100352K, reserved 1136640K
  class space    used 10687K, capacity 12778K, committed 12800K, reserved 1048576K
Event: 14541.842 GC heap after
Heap after GC invocations=461 (full 76):
 PSYoungGen      total 36864K, used 4314K [0x00000000f5580000, 0x00000000f8200000, 0x0000000100000000)
  eden space 32256K, 0% used [0x00000000f5580000,0x00000000f5580000,0x00000000f7500000)
  from space 4608K, 93% used [0x00000000f7580000,0x00000000f79b6bc0,0x00000000f7a00000)
  to   space 6656K, 0% used [0x00000000f7b80000,0x00000000f7b80000,0x00000000f8200000)
 ParOldGen       total 74240K, used 50742K [0x00000000e0000000, 0x00000000e4880000, 0x00000000f5580000)
  object space 74240K, 68% used [0x00000000e0000000,0x00000000e318da20,0x00000000e4880000)
 Metaspace       used 93189K, capacity 99982K, committed 100352K, reserved 1136640K
  class space    used 10687K, capacity 12778K, committed 12800K, reserved 1048576K
}
Event: 14564.224 GC heap before
{Heap before GC invocations=462 (full 76):
 PSYoungGen      total 36864K, used 25060K [0x00000000f5580000, 0x00000000f8200000, 0x0000000100000000)
  eden space 32256K, 64% used [0x00000000f5580000,0x00000000f69c27e0,0x00000000f7500000)
  from space 4608K, 93% used [0x00000000f7580000,0x00000000f79b6bc0,0x00000000f7a00000)
  to   space 6656K, 0% used [0x00000000f7b80000,0x00000000f7b80000,0x00000000f8200000)
 ParOldGen       total 74240K, used 50742K [0x00000000e0000000, 0x00000000e4880000, 0x00000000f5580000)
  object space 74240K, 68% used [0x00000000e0000000,0x00000000e318da20,0x00000000e4880000)
 Metaspace       used 93192K, capacity 99982K, committed 100352K, reserved 1136640K
  class space    used 10687K, capacity 12778K, committed 12800K, reserved 1048576K
Event: 14564.233 GC heap after
Heap after GC invocations=462 (full 76):
 PSYoungGen      total 37888K, used 3688K [0x00000000f5580000, 0x00000000f8100000, 0x0000000100000000)
  eden space 32256K, 0% used [0x00000000f5580000,0x00000000f5580000,0x00000000f7500000)
  from space 5632K, 65% used [0x00000000f7b80000,0x00000000f7f1a1f0,0x00000000f8100000)
  to   space 6144K, 0% used [0x00000000f7500000,0x00000000f7500000,0x00000000f7b00000)
 ParOldGen       total 74240K, used 50774K [0x00000000e0000000, 0x00000000e4880000, 0x00000000f5580000)
  object space 74240K, 68% used [0x00000000e0000000,0x00000000e3195a20,0x00000000e4880000)
 Metaspace       used 93192K, capacity 99982K, committed 100352K, reserved 1136640K
  class space    used 10687K, capacity 12778K, committed 12800K, reserved 1048576K
}
Event: 14564.233 GC heap before
{Heap before GC invocations=463 (full 77):
 PSYoungGen      total 37888K, used 3688K [0x00000000f5580000, 0x00000000f8100000, 0x0000000100000000)
  eden space 32256K, 0% used [0x00000000f5580000,0x00000000f5580000,0x00000000f7500000)
  from space 5632K, 65% used [0x00000000f7b80000,0x00000000f7f1a1f0,0x00000000f8100000)
  to   space 6144K, 0% used [0x00000000f7500000,0x00000000f7500000,0x00000000f7b00000)
 ParOldGen       total 74240K, used 50774K [0x00000000e0000000, 0x00000000e4880000, 0x00000000f5580000)
  object space 74240K, 68% used [0x00000000e0000000,0x00000000e3195a20,0x00000000e4880000)
 Metaspace       used 93192K, capacity 99982K, committed 100352K, reserved 1136640K
  class space    used 10687K, capacity 12778K, committed 12800K, reserved 1048576K
Event: 14564.411 GC heap after
Heap after GC invocations=463 (full 77):
 PSYoungGen      total 37888K, used 0K [0x00000000f5580000, 0x00000000f8100000, 0x0000000100000000)
  eden space 32256K, 0% used [0x00000000f5580000,0x00000000f5580000,0x00000000f7500000)
  from space 5632K, 0% used [0x00000000f7b80000,0x00000000f7b80000,0x00000000f8100000)
  to   space 6144K, 0% used [0x00000000f7500000,0x00000000f7500000,0x00000000f7b00000)
 ParOldGen       total 74240K, used 50050K [0x00000000e0000000, 0x00000000e4880000, 0x00000000f5580000)
  object space 74240K, 67% used [0x00000000e0000000,0x00000000e30e0950,0x00000000e4880000)
 Metaspace       used 93192K, capacity 99982K, committed 100352K, reserved 1136640K
  class space    used 10687K, capacity 12778K, committed 12800K, reserved 1048576K
}
Event: 14575.935 GC heap before
{Heap before GC invocations=464 (full 77):
 PSYoungGen      total 37888K, used 32256K [0x00000000f5580000, 0x00000000f8100000, 0x0000000100000000)
  eden space 32256K, 100% used [0x00000000f5580000,0x00000000f7500000,0x00000000f7500000)
  from space 5632K, 0% used [0x00000000f7b80000,0x00000000f7b80000,0x00000000f8100000)
  to   space 6144K, 0% used [0x00000000f7500000,0x00000000f7500000,0x00000000f7b00000)
 ParOldGen       total 74240K, used 50050K [0x00000000e0000000, 0x00000000e4880000, 0x00000000f5580000)
  object space 74240K, 67% used [0x00000000e0000000,0x00000000e30e0950,0x00000000e4880000)
 Metaspace       used 93408K, capacity 100206K, committed 100480K, reserved 1136640K
  class space    used 10711K, capacity 12810K, committed 12928K, reserved 1048576K
Event: 14575.938 GC heap after
Heap after GC invocations=464 (full 77):
 PSYoungGen      total 38400K, used 1271K [0x00000000f5580000, 0x00000000f8280000, 0x0000000100000000)
  eden space 32256K, 0% used [0x00000000f5580000,0x00000000f5580000,0x00000000f7500000)
  from space 6144K, 20% used [0x00000000f7500000,0x00000000f763df58,0x00000000f7b00000)
  to   space 6656K, 0% used [0x00000000f7c00000,0x00000000f7c00000,0x00000000f8280000)
 ParOldGen       total 74240K, used 50050K [0x00000000e0000000, 0x00000000e4880000, 0x00000000f5580000)
  object space 74240K, 67% used [0x00000000e0000000,0x00000000e30e0950,0x00000000e4880000)
 Metaspace       used 93408K, capacity 100206K, committed 100480K, reserved 1136640K
  class space    used 10711K, capacity 12810K, committed 12928K, reserved 1048576K
}

