# JRE version: Java(TM) SE Runtime Environment (8.0_45-b15) (build 1.8.0_45-b15)
# Java VM: Java HotSpot(TM) 64-Bit Server VM (25.45-b02 mixed mode windows-amd64 compressed oops)
Heap:
 PSYoungGen      total 45056K, used 24299K [0x00000000f5580000, 0x00000000f8c80000, 0x0000000100000000)
  eden space 34816K, 63% used [0x00000000f5580000,0x00000000f6b12d70,0x00000000f7780000)
  from space 10240K, 21% used [0x00000000f8200000,0x00000000f8428020,0x00000000f8c00000)
  to   space 10752K, 0% used [0x00000000f7780000,0x00000000f7780000,0x00000000f8200000)
 ParOldGen       total 106496K, used 100668K [0x00000000e0000000, 0x00000000e6800000, 0x00000000f5580000)
  object space 106496K, 94% used [0x00000000e0000000,0x00000000e624f0b8,0x00000000e6800000)
 Metaspace       used 100553K, capacity 107366K, committed 107776K, reserved 1142784K
  class space    used 11340K, capacity 13474K, committed 13568K, reserved 1048576K
GC Heap History (10 events):
Event: 31884.689 GC heap before
{Heap before GC invocations=1332 (full 238):
 PSYoungGen      total 44544K, used 44089K [0x00000000f5580000, 0x00000000f8d00000, 0x0000000100000000)
  eden space 37376K, 100% used [0x00000000f5580000,0x00000000f7a00000,0x00000000f7a00000)
  from space 7168K, 93% used [0x00000000f7a80000,0x00000000f810e7c8,0x00000000f8180000)
  to   space 9728K, 0% used [0x00000000f8380000,0x00000000f8380000,0x00000000f8d00000)
 ParOldGen       total 106496K, used 98698K [0x00000000e0000000, 0x00000000e6800000, 0x00000000f5580000)
  object space 106496K, 92% used [0x00000000e0000000,0x00000000e60629c0,0x00000000e6800000)
 Metaspace       used 100051K, capacity 107060K, committed 107392K, reserved 1142784K
  class space    used 11289K, capacity 13439K, committed 13440K, reserved 1048576K
Event: 31884.694 GC heap after
Heap after GC invocations=1332 (full 238):
 PSYoungGen      total 46080K, used 7553K [0x00000000f5580000, 0x00000000f8c80000, 0x0000000100000000)
  eden space 36864K, 0% used [0x00000000f5580000,0x00000000f5580000,0x00000000f7980000)
  from space 9216K, 81% used [0x00000000f8380000,0x00000000f8ae0668,0x00000000f8c80000)
  to   space 9728K, 0% used [0x00000000f7980000,0x00000000f7980000,0x00000000f8300000)
 ParOldGen       total 106496K, used 99063K [0x00000000e0000000, 0x00000000e6800000, 0x00000000f5580000)
  object space 106496K, 93% used [0x00000000e0000000,0x00000000e60bdc78,0x00000000e6800000)
 Metaspace       used 100051K, capacity 107060K, committed 107392K, reserved 1142784K
  class space    used 11289K, capacity 13439K, committed 13440K, reserved 1048576K
}
Event: 31915.451 GC heap before
{Heap before GC invocations=1333 (full 238):
 PSYoungGen      total 46080K, used 44417K [0x00000000f5580000, 0x00000000f8c80000, 0x0000000100000000)
  eden space 36864K, 100% used [0x00000000f5580000,0x00000000f7980000,0x00000000f7980000)
  from space 9216K, 81% used [0x00000000f8380000,0x00000000f8ae0668,0x00000000f8c80000)
  to   space 9728K, 0% used [0x00000000f7980000,0x00000000f7980000,0x00000000f8300000)
 ParOldGen       total 106496K, used 99063K [0x00000000e0000000, 0x00000000e6800000, 0x00000000f5580000)
  object space 106496K, 93% used [0x00000000e0000000,0x00000000e60bdc78,0x00000000e6800000)
 Metaspace       used 100052K, capacity 107060K, committed 107392K, reserved 1142784K
  class space    used 11289K, capacity 13439K, committed 13440K, reserved 1048576K
Event: 31915.455 GC heap after
Heap after GC invocations=1333 (full 238):
 PSYoungGen      total 40448K, used 3792K [0x00000000f5580000, 0x00000000f8c00000, 0x0000000100000000)
  eden space 36352K, 0% used [0x00000000f5580000,0x00000000f5580000,0x00000000f7900000)
  from space 4096K, 92% used [0x00000000f7980000,0x00000000f7d34138,0x00000000f7d80000)
  to   space 9728K, 0% used [0x00000000f8280000,0x00000000f8280000,0x00000000f8c00000)
 ParOldGen       total 106496K, used 99315K [0x00000000e0000000, 0x00000000e6800000, 0x00000000f5580000)
  object space 106496K, 93% used [0x00000000e0000000,0x00000000e60fce18,0x00000000e6800000)
 Metaspace       used 100052K, capacity 107060K, committed 107392K, reserved 1142784K
  class space    used 11289K, capacity 13439K, committed 13440K, reserved 1048576K
}
Event: 31965.268 GC heap before
{Heap before GC invocations=1334 (full 238):
 PSYoungGen      total 40448K, used 40144K [0x00000000f5580000, 0x00000000f8c00000, 0x0000000100000000)
  eden space 36352K, 100% used [0x00000000f5580000,0x00000000f7900000,0x00000000f7900000)
  from space 4096K, 92% used [0x00000000f7980000,0x00000000f7d34138,0x00000000f7d80000)
  to   space 9728K, 0% used [0x00000000f8280000,0x00000000f8280000,0x00000000f8c00000)
 ParOldGen       total 106496K, used 99315K [0x00000000e0000000, 0x00000000e6800000, 0x00000000f5580000)
  object space 106496K, 93% used [0x00000000e0000000,0x00000000e60fce18,0x00000000e6800000)
 Metaspace       used 100054K, capacity 107060K, committed 107392K, reserved 1142784K
  class space    used 11289K, capacity 13439K, committed 13440K, reserved 1048576K
Event: 31965.272 GC heap after
Heap after GC invocations=1334 (full 238):
 PSYoungGen      total 45568K, used 3200K [0x00000000f5580000, 0x00000000f8c80000, 0x0000000100000000)
  eden space 35840K, 0% used [0x00000000f5580000,0x00000000f5580000,0x00000000f7880000)
  from space 9728K, 32% used [0x00000000f8280000,0x00000000f85a0108,0x00000000f8c00000)
  to   space 10240K, 0% used [0x00000000f7880000,0x00000000f7880000,0x00000000f8280000)
 ParOldGen       total 106496K, used 99874K [0x00000000e0000000, 0x00000000e6800000, 0x00000000f5580000)
  object space 106496K, 93% used [0x00000000e0000000,0x00000000e6188b48,0x00000000e6800000)
 Metaspace       used 100054K, capacity 107060K, committed 107392K, reserved 1142784K
  class space    used 11289K, capacity 13439K, committed 13440K, reserved 1048576K
}
Event: 31979.708 GC heap before
{Heap before GC invocations=1335 (full 238):
 PSYoungGen      total 45568K, used 39040K [0x00000000f5580000, 0x00000000f8c80000, 0x0000000100000000)
  eden space 35840K, 100% used [0x00000000f5580000,0x00000000f7880000,0x00000000f7880000)
  from space 9728K, 32% used [0x00000000f8280000,0x00000000f85a0108,0x00000000f8c00000)
  to   space 10240K, 0% used [0x00000000f7880000,0x00000000f7880000,0x00000000f8280000)
 ParOldGen       total 106496K, used 99874K [0x00000000e0000000, 0x00000000e6800000, 0x00000000f5580000)
  object space 106496K, 93% used [0x00000000e0000000,0x00000000e6188b48,0x00000000e6800000)
 Metaspace       used 100055K, capacity 107060K, committed 107392K, reserved 1142784K
  class space    used 11289K, capacity 13439K, committed 13440K, reserved 1048576K
Event: 31979.713 GC heap after
Heap after GC invocations=1335 (full 238):
 PSYoungGen      total 37888K, used 2496K [0x00000000f5580000, 0x00000000f8c00000, 0x0000000100000000)
  eden space 35328K, 0% used [0x00000000f5580000,0x00000000f5580000,0x00000000f7800000)
  from space 2560K, 97% used [0x00000000f7880000,0x00000000f7af0000,0x00000000f7b00000)
  to   space 10240K, 0% used [0x00000000f8200000,0x00000000f8200000,0x00000000f8c00000)
 ParOldGen       total 106496K, used 100628K [0x00000000e0000000, 0x00000000e6800000, 0x00000000f5580000)
  object space 106496K, 94% used [0x00000000e0000000,0x00000000e62450b8,0x00000000e6800000)
 Metaspace       used 100055K, capacity 107060K, committed 107392K, reserved 1142784K
  class space    used 11289K, capacity 13439K, committed 13440K, reserved 1048576K
}
Event: 32013.960 GC heap before
{Heap before GC invocations=1336 (full 238):
 PSYoungGen      total 37888K, used 37824K [0x00000000f5580000, 0x00000000f8c00000, 0x0000000100000000)
  eden space 35328K, 100% used [0x00000000f5580000,0x00000000f7800000,0x00000000f7800000)
  from space 2560K, 97% used [0x00000000f7880000,0x00000000f7af0000,0x00000000f7b00000)
  to   space 10240K, 0% used [0x00000000f8200000,0x00000000f8200000,0x00000000f8c00000)
 ParOldGen       total 106496K, used 100628K [0x00000000e0000000, 0x00000000e6800000, 0x00000000f5580000)
  object space 106496K, 94% used [0x00000000e0000000,0x00000000e62450b8,0x00000000e6800000)
 Metaspace       used 100123K, capacity 107072K, committed 107520K, reserved 1142784K
  class space    used 11297K, capacity 13441K, committed 13568K, reserved 1048576K
Event: 32013.968 GC heap after
Heap after GC invocations=1336 (full 238):
 PSYoungGen      total 45056K, used 2208K [0x00000000f5580000, 0x00000000f8c80000, 0x0000000100000000)
  eden space 34816K, 0% used [0x00000000f5580000,0x00000000f5580000,0x00000000f7780000)
  from space 10240K, 21% used [0x00000000f8200000,0x00000000f8428020,0x00000000f8c00000)
  to   space 10752K, 0% used [0x00000000f7780000,0x00000000f7780000,0x00000000f8200000)
 ParOldGen       total 106496K, used 100668K [0x00000000e0000000, 0x00000000e6800000, 0x00000000f5580000)
  object space 106496K, 94% used [0x00000000e0000000,0x00000000e624f0b8,0x00000000e6800000)
 Metaspace       used 100123K, capacity 107072K, committed 107520K, reserved 1142784K
  class space    used 11297K, capacity 13441K, committed 13568K, reserved 1048576K
}

