# JRE version: Java(TM) SE Runtime Environment (8.0_45-b15) (build 1.8.0_45-b15)
# Java VM: Java HotSpot(TM) 64-Bit Server VM (25.45-b02 mixed mode windows-amd64 compressed oops)
Heap:
 PSYoungGen      total 42496K, used 32056K [0x00000000f5580000, 0x00000000f8000000, 0x0000000100000000)
  eden space 41472K, 77% used [0x00000000f5580000,0x00000000f74ce250,0x00000000f7e00000)
  from space 1024K, 0% used [0x00000000f7f00000,0x00000000f7f00000,0x00000000f8000000)
  to   space 1024K, 0% used [0x00000000f7e00000,0x00000000f7e00000,0x00000000f7f00000)
 ParOldGen       total 72192K, used 41376K [0x00000000e0000000, 0x00000000e4680000, 0x00000000f5580000)
  object space 72192K, 57% used [0x00000000e0000000,0x00000000e2868330,0x00000000e4680000)
 Metaspace       used 87890K, capacity 94756K, committed 95104K, reserved 1132544K
  class space    used 10560K, capacity 12662K, committed 12672K, reserved 1048576K
GC Heap History (10 events):
Event: 4634.052 GC heap before
{Heap before GC invocations=206 (full 64):
 PSYoungGen      total 42496K, used 160K [0x00000000f5580000, 0x00000000f8000000, 0x0000000100000000)
  eden space 41472K, 0% used [0x00000000f5580000,0x00000000f5580000,0x00000000f7e00000)
  from space 1024K, 15% used [0x00000000f7f00000,0x00000000f7f28000,0x00000000f8000000)
  to   space 1024K, 0% used [0x00000000f7e00000,0x00000000f7e00000,0x00000000f7f00000)
 ParOldGen       total 72192K, used 41520K [0x00000000e0000000, 0x00000000e4680000, 0x00000000f5580000)
  object space 72192K, 57% used [0x00000000e0000000,0x00000000e288c2c8,0x00000000e4680000)
 Metaspace       used 87089K, capacity 93880K, committed 94336K, reserved 1130496K
  class space    used 10471K, capacity 12564K, committed 12672K, reserved 1048576K
Event: 4634.163 GC heap after
Heap after GC invocations=206 (full 64):
 PSYoungGen      total 42496K, used 0K [0x00000000f5580000, 0x00000000f8000000, 0x0000000100000000)
  eden space 41472K, 0% used [0x00000000f5580000,0x00000000f5580000,0x00000000f7e00000)
  from space 1024K, 0% used [0x00000000f7f00000,0x00000000f7f00000,0x00000000f8000000)
  to   space 1024K, 0% used [0x00000000f7e00000,0x00000000f7e00000,0x00000000f7f00000)
 ParOldGen       total 72192K, used 41367K [0x00000000e0000000, 0x00000000e4680000, 0x00000000f5580000)
  object space 72192K, 57% used [0x00000000e0000000,0x00000000e2865ef0,0x00000000e4680000)
 Metaspace       used 87089K, capacity 93880K, committed 94336K, reserved 1130496K
  class space    used 10471K, capacity 12564K, committed 12672K, reserved 1048576K
}
Event: 4694.067 GC heap before
{Heap before GC invocations=207 (full 64):
 PSYoungGen      total 42496K, used 2566K [0x00000000f5580000, 0x00000000f8000000, 0x0000000100000000)
  eden space 41472K, 6% used [0x00000000f5580000,0x00000000f5801aa8,0x00000000f7e00000)
  from space 1024K, 0% used [0x00000000f7f00000,0x00000000f7f00000,0x00000000f8000000)
  to   space 1024K, 0% used [0x00000000f7e00000,0x00000000f7e00000,0x00000000f7f00000)
 ParOldGen       total 72192K, used 41367K [0x00000000e0000000, 0x00000000e4680000, 0x00000000f5580000)
  object space 72192K, 57% used [0x00000000e0000000,0x00000000e2865ef0,0x00000000e4680000)
 Metaspace       used 87089K, capacity 93880K, committed 94336K, reserved 1130496K
  class space    used 10471K, capacity 12564K, committed 12672K, reserved 1048576K
Event: 4694.069 GC heap after
Heap after GC invocations=207 (full 64):
 PSYoungGen      total 42496K, used 128K [0x00000000f5580000, 0x00000000f8000000, 0x0000000100000000)
  eden space 41472K, 0% used [0x00000000f5580000,0x00000000f5580000,0x00000000f7e00000)
  from space 1024K, 12% used [0x00000000f7e00000,0x00000000f7e20000,0x00000000f7f00000)
  to   space 1024K, 0% used [0x00000000f7f00000,0x00000000f7f00000,0x00000000f8000000)
 ParOldGen       total 72192K, used 41367K [0x00000000e0000000, 0x00000000e4680000, 0x00000000f5580000)
  object space 72192K, 57% used [0x00000000e0000000,0x00000000e2865ef0,0x00000000e4680000)
 Metaspace       used 87089K, capacity 93880K, committed 94336K, reserved 1130496K
  class space    used 10471K, capacity 12564K, committed 12672K, reserved 1048576K
}
Event: 4694.069 GC heap before
{Heap before GC invocations=208 (full 65):
 PSYoungGen      total 42496K, used 128K [0x00000000f5580000, 0x00000000f8000000, 0x0000000100000000)
  eden space 41472K, 0% used [0x00000000f5580000,0x00000000f5580000,0x00000000f7e00000)
  from space 1024K, 12% used [0x00000000f7e00000,0x00000000f7e20000,0x00000000f7f00000)
  to   space 1024K, 0% used [0x00000000f7f00000,0x00000000f7f00000,0x00000000f8000000)
 ParOldGen       total 72192K, used 41367K [0x00000000e0000000, 0x00000000e4680000, 0x00000000f5580000)
  object space 72192K, 57% used [0x00000000e0000000,0x00000000e2865ef0,0x00000000e4680000)
 Metaspace       used 87089K, capacity 93880K, committed 94336K, reserved 1130496K
  class space    used 10471K, capacity 12564K, committed 12672K, reserved 1048576K
Event: 4694.151 GC heap after
Heap after GC invocations=208 (full 65):
 PSYoungGen      total 42496K, used 0K [0x00000000f5580000, 0x00000000f8000000, 0x0000000100000000)
  eden space 41472K, 0% used [0x00000000f5580000,0x00000000f5580000,0x00000000f7e00000)
  from space 1024K, 0% used [0x00000000f7e00000,0x00000000f7e00000,0x00000000f7f00000)
  to   space 1024K, 0% used [0x00000000f7f00000,0x00000000f7f00000,0x00000000f8000000)
 ParOldGen       total 72192K, used 41367K [0x00000000e0000000, 0x00000000e4680000, 0x00000000f5580000)
  object space 72192K, 57% used [0x00000000e0000000,0x00000000e2865ef0,0x00000000e4680000)
 Metaspace       used 87089K, capacity 93880K, committed 94336K, reserved 1130496K
  class space    used 10471K, capacity 12564K, committed 12672K, reserved 1048576K
}
Event: 4754.077 GC heap before
{Heap before GC invocations=209 (full 65):
 PSYoungGen      total 42496K, used 2709K [0x00000000f5580000, 0x00000000f8000000, 0x0000000100000000)
  eden space 41472K, 6% used [0x00000000f5580000,0x00000000f5825790,0x00000000f7e00000)
  from space 1024K, 0% used [0x00000000f7e00000,0x00000000f7e00000,0x00000000f7f00000)
  to   space 1024K, 0% used [0x00000000f7f00000,0x00000000f7f00000,0x00000000f8000000)
 ParOldGen       total 72192K, used 41367K [0x00000000e0000000, 0x00000000e4680000, 0x00000000f5580000)
  object space 72192K, 57% used [0x00000000e0000000,0x00000000e2865ef0,0x00000000e4680000)
 Metaspace       used 87089K, capacity 93880K, committed 94336K, reserved 1130496K
  class space    used 10471K, capacity 12564K, committed 12672K, reserved 1048576K
Event: 4754.085 GC heap after
Heap after GC invocations=209 (full 65):
 PSYoungGen      total 42496K, used 160K [0x00000000f5580000, 0x00000000f8000000, 0x0000000100000000)
  eden space 41472K, 0% used [0x00000000f5580000,0x00000000f5580000,0x00000000f7e00000)
  from space 1024K, 15% used [0x00000000f7f00000,0x00000000f7f28000,0x00000000f8000000)
  to   space 1024K, 0% used [0x00000000f7e00000,0x00000000f7e00000,0x00000000f7f00000)
 ParOldGen       total 72192K, used 41367K [0x00000000e0000000, 0x00000000e4680000, 0x00000000f5580000)
  object space 72192K, 57% used [0x00000000e0000000,0x00000000e2865ef0,0x00000000e4680000)
 Metaspace       used 87089K, capacity 93880K, committed 94336K, reserved 1130496K
  class space    used 10471K, capacity 12564K, committed 12672K, reserved 1048576K
}
Event: 4754.085 GC heap before
{Heap before GC invocations=210 (full 66):
 PSYoungGen      total 42496K, used 160K [0x00000000f5580000, 0x00000000f8000000, 0x0000000100000000)
  eden space 41472K, 0% used [0x00000000f5580000,0x00000000f5580000,0x00000000f7e00000)
  from space 1024K, 15% used [0x00000000f7f00000,0x00000000f7f28000,0x00000000f8000000)
  to   space 1024K, 0% used [0x00000000f7e00000,0x00000000f7e00000,0x00000000f7f00000)
 ParOldGen       total 72192K, used 41367K [0x00000000e0000000, 0x00000000e4680000, 0x00000000f5580000)
  object space 72192K, 57% used [0x00000000e0000000,0x00000000e2865ef0,0x00000000e4680000)
 Metaspace       used 87089K, capacity 93880K, committed 94336K, reserved 1130496K
  class space    used 10471K, capacity 12564K, committed 12672K, reserved 1048576K
Event: 4754.205 GC heap after
Heap after GC invocations=210 (full 66):
 PSYoungGen      total 42496K, used 0K [0x00000000f5580000, 0x00000000f8000000, 0x0000000100000000)
  eden space 41472K, 0% used [0x00000000f5580000,0x00000000f5580000,0x00000000f7e00000)
  from space 1024K, 0% used [0x00000000f7f00000,0x00000000f7f00000,0x00000000f8000000)
  to   space 1024K, 0% used [0x00000000f7e00000,0x00000000f7e00000,0x00000000f7f00000)
 ParOldGen       total 72192K, used 41376K [0x00000000e0000000, 0x00000000e4680000, 0x00000000f5580000)
  object space 72192K, 57% used [0x00000000e0000000,0x00000000e2868330,0x00000000e4680000)
 Metaspace       used 87089K, capacity 93880K, committed 94336K, reserved 1130496K
  class space    used 10471K, capacity 12564K, committed 12672K, reserved 1048576K
}

