# JRE version: Java(TM) SE Runtime Environment (8.0_45-b15) (build 1.8.0_45-b15)
# Java VM: Java HotSpot(TM) 64-Bit Server VM (25.45-b02 mixed mode windows-amd64 compressed oops)
Heap:
 PSYoungGen      total 164864K, used 43530K [0x00000000f5580000, 0x0000000100000000, 0x0000000100000000)
  eden space 155136K, 28% used [0x00000000f5580000,0x00000000f8002890,0x00000000fed00000)
  from space 9728K, 0% used [0x00000000fed00000,0x00000000fed00000,0x00000000ff680000)
  to   space 9728K, 0% used [0x00000000ff680000,0x00000000ff680000,0x0000000100000000)
 ParOldGen       total 107520K, used 62019K [0x00000000e0000000, 0x00000000e6900000, 0x00000000f5580000)
  object space 107520K, 57% used [0x00000000e0000000,0x00000000e3c90d30,0x00000000e6900000)
 Metaspace       used 99735K, capacity 106742K, committed 107008K, reserved 1142784K
  class space    used 11166K, capacity 13259K, committed 13312K, reserved 1048576K
GC Heap History (10 events):
Event: 34353.607 GC heap before
{Heap before GC invocations=1462 (full 189):
 PSYoungGen      total 164864K, used 124717K [0x00000000f5580000, 0x0000000100000000, 0x0000000100000000)
  eden space 156160K, 79% used [0x00000000f5580000,0x00000000fcf4b560,0x00000000fee00000)
  from space 8704K, 0% used [0x00000000ff780000,0x00000000ff780000,0x0000000100000000)
  to   space 9216K, 0% used [0x00000000fee00000,0x00000000fee00000,0x00000000ff700000)
 ParOldGen       total 107520K, used 63700K [0x00000000e0000000, 0x00000000e6900000, 0x00000000f5580000)
  object space 107520K, 59% used [0x00000000e0000000,0x00000000e3e35018,0x00000000e6900000)
 Metaspace       used 99158K, capacity 106160K, committed 106496K, reserved 1142784K
  class space    used 11101K, capacity 13194K, committed 13312K, reserved 1048576K
Event: 34353.612 GC heap after
Heap after GC invocations=1462 (full 189):
 PSYoungGen      total 165376K, used 5710K [0x00000000f5580000, 0x0000000100000000, 0x0000000100000000)
  eden space 156160K, 0% used [0x00000000f5580000,0x00000000f5580000,0x00000000fee00000)
  from space 9216K, 61% used [0x00000000fee00000,0x00000000ff393b98,0x00000000ff700000)
  to   space 9216K, 0% used [0x00000000ff700000,0x00000000ff700000,0x0000000100000000)
 ParOldGen       total 107520K, used 63700K [0x00000000e0000000, 0x00000000e6900000, 0x00000000f5580000)
  object space 107520K, 59% used [0x00000000e0000000,0x00000000e3e35018,0x00000000e6900000)
 Metaspace       used 99158K, capacity 106160K, committed 106496K, reserved 1142784K
  class space    used 11101K, capacity 13194K, committed 13312K, reserved 1048576K
}
Event: 34353.612 GC heap before
{Heap before GC invocations=1463 (full 190):
 PSYoungGen      total 165376K, used 5710K [0x00000000f5580000, 0x0000000100000000, 0x0000000100000000)
  eden space 156160K, 0% used [0x00000000f5580000,0x00000000f5580000,0x00000000fee00000)
  from space 9216K, 61% used [0x00000000fee00000,0x00000000ff393b98,0x00000000ff700000)
  to   space 9216K, 0% used [0x00000000ff700000,0x00000000ff700000,0x0000000100000000)
 ParOldGen       total 107520K, used 63700K [0x00000000e0000000, 0x00000000e6900000, 0x00000000f5580000)
  object space 107520K, 59% used [0x00000000e0000000,0x00000000e3e35018,0x00000000e6900000)
 Metaspace       used 99158K, capacity 106160K, committed 106496K, reserved 1142784K
  class space    used 11101K, capacity 13194K, committed 13312K, reserved 1048576K
Event: 34353.741 GC heap after
Heap after GC invocations=1463 (full 190):
 PSYoungGen      total 165376K, used 0K [0x00000000f5580000, 0x0000000100000000, 0x0000000100000000)
  eden space 156160K, 0% used [0x00000000f5580000,0x00000000f5580000,0x00000000fee00000)
  from space 9216K, 0% used [0x00000000fee00000,0x00000000fee00000,0x00000000ff700000)
  to   space 9216K, 0% used [0x00000000ff700000,0x00000000ff700000,0x0000000100000000)
 ParOldGen       total 107520K, used 63618K [0x00000000e0000000, 0x00000000e6900000, 0x00000000f5580000)
  object space 107520K, 59% used [0x00000000e0000000,0x00000000e3e20aa0,0x00000000e6900000)
 Metaspace       used 99158K, capacity 106160K, committed 106496K, reserved 1142784K
  class space    used 11101K, capacity 13194K, committed 13312K, reserved 1048576K
}
Event: 34408.633 GC heap before
{Heap before GC invocations=1464 (full 190):
 PSYoungGen      total 165376K, used 156160K [0x00000000f5580000, 0x0000000100000000, 0x0000000100000000)
  eden space 156160K, 100% used [0x00000000f5580000,0x00000000fee00000,0x00000000fee00000)
  from space 9216K, 0% used [0x00000000fee00000,0x00000000fee00000,0x00000000ff700000)
  to   space 9216K, 0% used [0x00000000ff700000,0x00000000ff700000,0x0000000100000000)
 ParOldGen       total 107520K, used 63618K [0x00000000e0000000, 0x00000000e6900000, 0x00000000f5580000)
  object space 107520K, 59% used [0x00000000e0000000,0x00000000e3e20aa0,0x00000000e6900000)
 Metaspace       used 99158K, capacity 106160K, committed 106496K, reserved 1142784K
  class space    used 11101K, capacity 13194K, committed 13312K, reserved 1048576K
Event: 34408.638 GC heap after
Heap after GC invocations=1464 (full 190):
 PSYoungGen      total 164352K, used 8304K [0x00000000f5580000, 0x0000000100000000, 0x0000000100000000)
  eden space 155136K, 0% used [0x00000000f5580000,0x00000000f5580000,0x00000000fed00000)
  from space 9216K, 90% used [0x00000000ff700000,0x00000000fff1c218,0x0000000100000000)
  to   space 9728K, 0% used [0x00000000fed00000,0x00000000fed00000,0x00000000ff680000)
 ParOldGen       total 107520K, used 63618K [0x00000000e0000000, 0x00000000e6900000, 0x00000000f5580000)
  object space 107520K, 59% used [0x00000000e0000000,0x00000000e3e20aa0,0x00000000e6900000)
 Metaspace       used 99158K, capacity 106160K, committed 106496K, reserved 1142784K
  class space    used 11101K, capacity 13194K, committed 13312K, reserved 1048576K
}
Event: 34418.626 GC heap before
{Heap before GC invocations=1465 (full 190):
 PSYoungGen      total 164352K, used 102429K [0x00000000f5580000, 0x0000000100000000, 0x0000000100000000)
  eden space 155136K, 60% used [0x00000000f5580000,0x00000000fb16b438,0x00000000fed00000)
  from space 9216K, 90% used [0x00000000ff700000,0x00000000fff1c218,0x0000000100000000)
  to   space 9728K, 0% used [0x00000000fed00000,0x00000000fed00000,0x00000000ff680000)
 ParOldGen       total 107520K, used 63618K [0x00000000e0000000, 0x00000000e6900000, 0x00000000f5580000)
  object space 107520K, 59% used [0x00000000e0000000,0x00000000e3e20aa0,0x00000000e6900000)
 Metaspace       used 99158K, capacity 106160K, committed 106496K, reserved 1142784K
  class space    used 11101K, capacity 13194K, committed 13312K, reserved 1048576K
Event: 34418.636 GC heap after
Heap after GC invocations=1465 (full 190):
 PSYoungGen      total 164864K, used 4438K [0x00000000f5580000, 0x0000000100000000, 0x0000000100000000)
  eden space 155136K, 0% used [0x00000000f5580000,0x00000000f5580000,0x00000000fed00000)
  from space 9728K, 45% used [0x00000000fed00000,0x00000000ff155978,0x00000000ff680000)
  to   space 9728K, 0% used [0x00000000ff680000,0x00000000ff680000,0x0000000100000000)
 ParOldGen       total 107520K, used 63618K [0x00000000e0000000, 0x00000000e6900000, 0x00000000f5580000)
  object space 107520K, 59% used [0x00000000e0000000,0x00000000e3e20aa0,0x00000000e6900000)
 Metaspace       used 99158K, capacity 106160K, committed 106496K, reserved 1142784K
  class space    used 11101K, capacity 13194K, committed 13312K, reserved 1048576K
}
Event: 34418.636 GC heap before
{Heap before GC invocations=1466 (full 191):
 PSYoungGen      total 164864K, used 4438K [0x00000000f5580000, 0x0000000100000000, 0x0000000100000000)
  eden space 155136K, 0% used [0x00000000f5580000,0x00000000f5580000,0x00000000fed00000)
  from space 9728K, 45% used [0x00000000fed00000,0x00000000ff155978,0x00000000ff680000)
  to   space 9728K, 0% used [0x00000000ff680000,0x00000000ff680000,0x0000000100000000)
 ParOldGen       total 107520K, used 63618K [0x00000000e0000000, 0x00000000e6900000, 0x00000000f5580000)
  object space 107520K, 59% used [0x00000000e0000000,0x00000000e3e20aa0,0x00000000e6900000)
 Metaspace       used 99158K, capacity 106160K, committed 106496K, reserved 1142784K
  class space    used 11101K, capacity 13194K, committed 13312K, reserved 1048576K
Event: 34418.783 GC heap after
Heap after GC invocations=1466 (full 191):
 PSYoungGen      total 164864K, used 0K [0x00000000f5580000, 0x0000000100000000, 0x0000000100000000)
  eden space 155136K, 0% used [0x00000000f5580000,0x00000000f5580000,0x00000000fed00000)
  from space 9728K, 0% used [0x00000000fed00000,0x00000000fed00000,0x00000000ff680000)
  to   space 9728K, 0% used [0x00000000ff680000,0x00000000ff680000,0x0000000100000000)
 ParOldGen       total 107520K, used 62019K [0x00000000e0000000, 0x00000000e6900000, 0x00000000f5580000)
  object space 107520K, 57% used [0x00000000e0000000,0x00000000e3c90d30,0x00000000e6900000)
 Metaspace       used 99158K, capacity 106160K, committed 106496K, reserved 1142784K
  class space    used 11101K, capacity 13194K, committed 13312K, reserved 1048576K
}

