# JRE version: Java(TM) SE Runtime Environment (8.0_45-b15) (build 1.8.0_45-b15)
# Java VM: Java HotSpot(TM) 64-Bit Server VM (25.45-b02 mixed mode windows-amd64 compressed oops)
Heap:
 PSYoungGen      total 51712K, used 25704K [0x00000000f5580000, 0x00000000f9000000, 0x0000000100000000)
  eden space 43008K, 49% used [0x00000000f5580000,0x00000000f6a56e80,0x00000000f7f80000)
  from space 8704K, 50% used [0x00000000f7f80000,0x00000000f83c3458,0x00000000f8800000)
  to   space 8192K, 0% used [0x00000000f8800000,0x00000000f8800000,0x00000000f9000000)
 ParOldGen       total 77312K, used 54541K [0x00000000e0000000, 0x00000000e4b80000, 0x00000000f5580000)
  object space 77312K, 70% used [0x00000000e0000000,0x00000000e3543698,0x00000000e4b80000)
 Metaspace       used 96220K, capacity 103028K, committed 103424K, reserved 1140736K
  class space    used 10821K, capacity 12946K, committed 13056K, reserved 1048576K
GC Heap History (10 events):
Event: 20333.207 GC heap before
{Heap before GC invocations=1027 (full 176):
 PSYoungGen      total 50688K, used 41984K [0x00000000f5580000, 0x00000000f9080000, 0x0000000100000000)
  eden space 41984K, 100% used [0x00000000f5580000,0x00000000f7e80000,0x00000000f7e80000)
  from space 8704K, 0% used [0x00000000f8800000,0x00000000f8800000,0x00000000f9080000)
  to   space 9216K, 0% used [0x00000000f7e80000,0x00000000f7e80000,0x00000000f8780000)
 ParOldGen       total 77312K, used 54541K [0x00000000e0000000, 0x00000000e4b80000, 0x00000000f5580000)
  object space 77312K, 70% used [0x00000000e0000000,0x00000000e3543698,0x00000000e4b80000)
 Metaspace       used 95601K, capacity 102492K, committed 102784K, reserved 1138688K
  class space    used 10752K, capacity 12878K, committed 12928K, reserved 1048576K
Event: 20333.209 GC heap after
Heap after GC invocations=1027 (full 176):
 PSYoungGen      total 51200K, used 947K [0x00000000f5580000, 0x00000000f9100000, 0x0000000100000000)
  eden space 41984K, 0% used [0x00000000f5580000,0x00000000f5580000,0x00000000f7e80000)
  from space 9216K, 10% used [0x00000000f7e80000,0x00000000f7f6cd90,0x00000000f8780000)
  to   space 9216K, 0% used [0x00000000f8800000,0x00000000f8800000,0x00000000f9100000)
 ParOldGen       total 77312K, used 54541K [0x00000000e0000000, 0x00000000e4b80000, 0x00000000f5580000)
  object space 77312K, 70% used [0x00000000e0000000,0x00000000e3543698,0x00000000e4b80000)
 Metaspace       used 95601K, capacity 102492K, committed 102784K, reserved 1138688K
  class space    used 10752K, capacity 12878K, committed 12928K, reserved 1048576K
}
Event: 20336.215 GC heap before
{Heap before GC invocations=1028 (full 176):
 PSYoungGen      total 51200K, used 42931K [0x00000000f5580000, 0x00000000f9100000, 0x0000000100000000)
  eden space 41984K, 100% used [0x00000000f5580000,0x00000000f7e80000,0x00000000f7e80000)
  from space 9216K, 10% used [0x00000000f7e80000,0x00000000f7f6cd90,0x00000000f8780000)
  to   space 9216K, 0% used [0x00000000f8800000,0x00000000f8800000,0x00000000f9100000)
 ParOldGen       total 77312K, used 54541K [0x00000000e0000000, 0x00000000e4b80000, 0x00000000f5580000)
  object space 77312K, 70% used [0x00000000e0000000,0x00000000e3543698,0x00000000e4b80000)
 Metaspace       used 95601K, capacity 102492K, committed 102784K, reserved 1138688K
  class space    used 10752K, capacity 12878K, committed 12928K, reserved 1048576K
Event: 20336.218 GC heap after
Heap after GC invocations=1028 (full 176):
 PSYoungGen      total 51712K, used 2990K [0x00000000f5580000, 0x00000000f9100000, 0x0000000100000000)
  eden space 42496K, 0% used [0x00000000f5580000,0x00000000f5580000,0x00000000f7f00000)
  from space 9216K, 32% used [0x00000000f8800000,0x00000000f8aebb68,0x00000000f9100000)
  to   space 9216K, 0% used [0x00000000f7f00000,0x00000000f7f00000,0x00000000f8800000)
 ParOldGen       total 77312K, used 54541K [0x00000000e0000000, 0x00000000e4b80000, 0x00000000f5580000)
  object space 77312K, 70% used [0x00000000e0000000,0x00000000e3543698,0x00000000e4b80000)
 Metaspace       used 95601K, capacity 102492K, committed 102784K, reserved 1138688K
  class space    used 10752K, capacity 12878K, committed 12928K, reserved 1048576K
}
Event: 20369.699 GC heap before
{Heap before GC invocations=1029 (full 176):
 PSYoungGen      total 51712K, used 45486K [0x00000000f5580000, 0x00000000f9100000, 0x0000000100000000)
  eden space 42496K, 100% used [0x00000000f5580000,0x00000000f7f00000,0x00000000f7f00000)
  from space 9216K, 32% used [0x00000000f8800000,0x00000000f8aebb68,0x00000000f9100000)
  to   space 9216K, 0% used [0x00000000f7f00000,0x00000000f7f00000,0x00000000f8800000)
 ParOldGen       total 77312K, used 54541K [0x00000000e0000000, 0x00000000e4b80000, 0x00000000f5580000)
  object space 77312K, 70% used [0x00000000e0000000,0x00000000e3543698,0x00000000e4b80000)
 Metaspace       used 95608K, capacity 102492K, committed 102784K, reserved 1138688K
  class space    used 10752K, capacity 12878K, committed 12928K, reserved 1048576K
Event: 20369.703 GC heap after
Heap after GC invocations=1029 (full 176):
 PSYoungGen      total 51712K, used 3406K [0x00000000f5580000, 0x00000000f9080000, 0x0000000100000000)
  eden space 42496K, 0% used [0x00000000f5580000,0x00000000f5580000,0x00000000f7f00000)
  from space 9216K, 36% used [0x00000000f7f00000,0x00000000f82539b0,0x00000000f8800000)
  to   space 8704K, 0% used [0x00000000f8800000,0x00000000f8800000,0x00000000f9080000)
 ParOldGen       total 77312K, used 54541K [0x00000000e0000000, 0x00000000e4b80000, 0x00000000f5580000)
  object space 77312K, 70% used [0x00000000e0000000,0x00000000e3543698,0x00000000e4b80000)
 Metaspace       used 95608K, capacity 102492K, committed 102784K, reserved 1138688K
  class space    used 10752K, capacity 12878K, committed 12928K, reserved 1048576K
}
Event: 20387.115 GC heap before
{Heap before GC invocations=1030 (full 176):
 PSYoungGen      total 51712K, used 45902K [0x00000000f5580000, 0x00000000f9080000, 0x0000000100000000)
  eden space 42496K, 100% used [0x00000000f5580000,0x00000000f7f00000,0x00000000f7f00000)
  from space 9216K, 36% used [0x00000000f7f00000,0x00000000f82539b0,0x00000000f8800000)
  to   space 8704K, 0% used [0x00000000f8800000,0x00000000f8800000,0x00000000f9080000)
 ParOldGen       total 77312K, used 54541K [0x00000000e0000000, 0x00000000e4b80000, 0x00000000f5580000)
  object space 77312K, 70% used [0x00000000e0000000,0x00000000e3543698,0x00000000e4b80000)
 Metaspace       used 95610K, capacity 102492K, committed 102784K, reserved 1138688K
  class space    used 10752K, capacity 12878K, committed 12928K, reserved 1048576K
Event: 20387.120 GC heap after
Heap after GC invocations=1030 (full 176):
 PSYoungGen      total 51712K, used 4538K [0x00000000f5580000, 0x00000000f9080000, 0x0000000100000000)
  eden space 43008K, 0% used [0x00000000f5580000,0x00000000f5580000,0x00000000f7f80000)
  from space 8704K, 52% used [0x00000000f8800000,0x00000000f8c6eab8,0x00000000f9080000)
  to   space 8704K, 0% used [0x00000000f7f80000,0x00000000f7f80000,0x00000000f8800000)
 ParOldGen       total 77312K, used 54541K [0x00000000e0000000, 0x00000000e4b80000, 0x00000000f5580000)
  object space 77312K, 70% used [0x00000000e0000000,0x00000000e3543698,0x00000000e4b80000)
 Metaspace       used 95610K, capacity 102492K, committed 102784K, reserved 1138688K
  class space    used 10752K, capacity 12878K, committed 12928K, reserved 1048576K
}
Event: 20435.217 GC heap before
{Heap before GC invocations=1031 (full 176):
 PSYoungGen      total 51712K, used 47546K [0x00000000f5580000, 0x00000000f9080000, 0x0000000100000000)
  eden space 43008K, 100% used [0x00000000f5580000,0x00000000f7f80000,0x00000000f7f80000)
  from space 8704K, 52% used [0x00000000f8800000,0x00000000f8c6eab8,0x00000000f9080000)
  to   space 8704K, 0% used [0x00000000f7f80000,0x00000000f7f80000,0x00000000f8800000)
 ParOldGen       total 77312K, used 54541K [0x00000000e0000000, 0x00000000e4b80000, 0x00000000f5580000)
  object space 77312K, 70% used [0x00000000e0000000,0x00000000e3543698,0x00000000e4b80000)
 Metaspace       used 95695K, capacity 102492K, committed 102784K, reserved 1138688K
  class space    used 10763K, capacity 12878K, committed 12928K, reserved 1048576K
Event: 20435.221 GC heap after
Heap after GC invocations=1031 (full 176):
 PSYoungGen      total 51712K, used 4365K [0x00000000f5580000, 0x00000000f9000000, 0x0000000100000000)
  eden space 43008K, 0% used [0x00000000f5580000,0x00000000f5580000,0x00000000f7f80000)
  from space 8704K, 50% used [0x00000000f7f80000,0x00000000f83c3458,0x00000000f8800000)
  to   space 8192K, 0% used [0x00000000f8800000,0x00000000f8800000,0x00000000f9000000)
 ParOldGen       total 77312K, used 54541K [0x00000000e0000000, 0x00000000e4b80000, 0x00000000f5580000)
  object space 77312K, 70% used [0x00000000e0000000,0x00000000e3543698,0x00000000e4b80000)
 Metaspace       used 95695K, capacity 102492K, committed 102784K, reserved 1138688K
  class space    used 10763K, capacity 12878K, committed 12928K, reserved 1048576K
}

