# JRE version: Java(TM) SE Runtime Environment (8.0_45-b15) (build 1.8.0_45-b15)
# Java VM: Java HotSpot(TM) 64-Bit Server VM (25.45-b02 mixed mode windows-amd64 compressed oops)
Heap:
 PSYoungGen      total 96768K, used 69302K [0x00000000f5580000, 0x00000000fd400000, 0x0000000100000000)
  eden space 71680K, 62% used [0x00000000f5580000,0x00000000f81853c8,0x00000000f9b80000)
  from space 25088K, 96% used [0x00000000fb700000,0x00000000fcea8530,0x00000000fcf80000)
  to   space 28160K, 0% used [0x00000000f9b80000,0x00000000f9b80000,0x00000000fb700000)
 ParOldGen       total 98304K, used 40536K [0x00000000e0000000, 0x00000000e6000000, 0x00000000f5580000)
  object space 98304K, 41% used [0x00000000e0000000,0x00000000e2796218,0x00000000e6000000)
 Metaspace       used 79922K, capacity 86450K, committed 86656K, reserved 1124352K
  class space    used 10048K, capacity 12125K, committed 12160K, reserved 1048576K
GC Heap History (10 events):
Event: 8.787 GC heap before
{Heap before GC invocations=13 (full 3):
 PSYoungGen      total 75776K, used 16880K [0x00000000f5580000, 0x00000000fba00000, 0x0000000100000000)
  eden space 58880K, 0% used [0x00000000f5580000,0x00000000f5580000,0x00000000f8f00000)
  from space 16896K, 99% used [0x00000000fa300000,0x00000000fb37c108,0x00000000fb380000)
  to   space 20480K, 0% used [0x00000000f8f00000,0x00000000f8f00000,0x00000000fa300000)
 ParOldGen       total 67072K, used 28546K [0x00000000e0000000, 0x00000000e4180000, 0x00000000f5580000)
  object space 67072K, 42% used [0x00000000e0000000,0x00000000e1be0ae0,0x00000000e4180000)
 Metaspace       used 54556K, capacity 59094K, committed 59160K, reserved 1099776K
  class space    used 6676K, capacity 8052K, committed 8064K, reserved 1048576K
Event: 8.915 GC heap after
Heap after GC invocations=13 (full 3):
 PSYoungGen      total 75776K, used 0K [0x00000000f5580000, 0x00000000fba00000, 0x0000000100000000)
  eden space 58880K, 0% used [0x00000000f5580000,0x00000000f5580000,0x00000000f8f00000)
  from space 16896K, 0% used [0x00000000fa300000,0x00000000fa300000,0x00000000fb380000)
  to   space 20480K, 0% used [0x00000000f8f00000,0x00000000f8f00000,0x00000000fa300000)
 ParOldGen       total 98304K, used 40504K [0x00000000e0000000, 0x00000000e6000000, 0x00000000f5580000)
  object space 98304K, 41% used [0x00000000e0000000,0x00000000e278e218,0x00000000e6000000)
 Metaspace       used 54556K, capacity 59094K, committed 59160K, reserved 1099776K
  class space    used 6676K, capacity 8052K, committed 8064K, reserved 1048576K
}
Event: 9.948 GC heap before
{Heap before GC invocations=14 (full 3):
 PSYoungGen      total 75776K, used 58880K [0x00000000f5580000, 0x00000000fba00000, 0x0000000100000000)
  eden space 58880K, 100% used [0x00000000f5580000,0x00000000f8f00000,0x00000000f8f00000)
  from space 16896K, 0% used [0x00000000fa300000,0x00000000fa300000,0x00000000fb380000)
  to   space 20480K, 0% used [0x00000000f8f00000,0x00000000f8f00000,0x00000000fa300000)
 ParOldGen       total 98304K, used 40504K [0x00000000e0000000, 0x00000000e6000000, 0x00000000f5580000)
  object space 98304K, 41% used [0x00000000e0000000,0x00000000e278e218,0x00000000e6000000)
 Metaspace       used 66077K, capacity 71324K, committed 71552K, reserved 1112064K
  class space    used 8233K, capacity 9768K, committed 9856K, reserved 1048576K
Event: 9.955 GC heap after
Heap after GC invocations=14 (full 3):
 PSYoungGen      total 79360K, used 16346K [0x00000000f5580000, 0x00000000fc300000, 0x0000000100000000)
  eden space 58880K, 0% used [0x00000000f5580000,0x00000000f5580000,0x00000000f8f00000)
  from space 20480K, 79% used [0x00000000f8f00000,0x00000000f9ef6b20,0x00000000fa300000)
  to   space 22016K, 0% used [0x00000000fad80000,0x00000000fad80000,0x00000000fc300000)
 ParOldGen       total 98304K, used 40512K [0x00000000e0000000, 0x00000000e6000000, 0x00000000f5580000)
  object space 98304K, 41% used [0x00000000e0000000,0x00000000e2790218,0x00000000e6000000)
 Metaspace       used 66077K, capacity 71324K, committed 71552K, reserved 1112064K
  class space    used 8233K, capacity 9768K, committed 9856K, reserved 1048576K
}
Event: 11.810 GC heap before
{Heap before GC invocations=15 (full 3):
 PSYoungGen      total 79360K, used 75226K [0x00000000f5580000, 0x00000000fc300000, 0x0000000100000000)
  eden space 58880K, 100% used [0x00000000f5580000,0x00000000f8f00000,0x00000000f8f00000)
  from space 20480K, 79% used [0x00000000f8f00000,0x00000000f9ef6b20,0x00000000fa300000)
  to   space 22016K, 0% used [0x00000000fad80000,0x00000000fad80000,0x00000000fc300000)
 ParOldGen       total 98304K, used 40512K [0x00000000e0000000, 0x00000000e6000000, 0x00000000f5580000)
  object space 98304K, 41% used [0x00000000e0000000,0x00000000e2790218,0x00000000e6000000)
 Metaspace       used 68944K, capacity 74626K, committed 74880K, reserved 1114112K
  class space    used 8622K, capacity 10302K, committed 10368K, reserved 1048576K
Event: 11.820 GC heap after
Heap after GC invocations=15 (full 3):
 PSYoungGen      total 89088K, used 16386K [0x00000000f5580000, 0x00000000fc400000, 0x0000000100000000)
  eden space 67072K, 0% used [0x00000000f5580000,0x00000000f5580000,0x00000000f9700000)
  from space 22016K, 74% used [0x00000000fad80000,0x00000000fbd80a00,0x00000000fc300000)
  to   space 23040K, 0% used [0x00000000f9700000,0x00000000f9700000,0x00000000fad80000)
 ParOldGen       total 98304K, used 40520K [0x00000000e0000000, 0x00000000e6000000, 0x00000000f5580000)
  object space 98304K, 41% used [0x00000000e0000000,0x00000000e2792218,0x00000000e6000000)
 Metaspace       used 68944K, capacity 74626K, committed 74880K, reserved 1114112K
  class space    used 8622K, capacity 10302K, committed 10368K, reserved 1048576K
}
Event: 17.478 GC heap before
{Heap before GC invocations=16 (full 3):
 PSYoungGen      total 89088K, used 83458K [0x00000000f5580000, 0x00000000fc400000, 0x0000000100000000)
  eden space 67072K, 100% used [0x00000000f5580000,0x00000000f9700000,0x00000000f9700000)
  from space 22016K, 74% used [0x00000000fad80000,0x00000000fbd80a00,0x00000000fc300000)
  to   space 23040K, 0% used [0x00000000f9700000,0x00000000f9700000,0x00000000fad80000)
 ParOldGen       total 98304K, used 40520K [0x00000000e0000000, 0x00000000e6000000, 0x00000000f5580000)
  object space 98304K, 41% used [0x00000000e0000000,0x00000000e2792218,0x00000000e6000000)
 Metaspace       used 71733K, capacity 77892K, committed 78208K, reserved 1116160K
  class space    used 8926K, capacity 10755K, committed 10880K, reserved 1048576K
Event: 17.490 GC heap after
Heap after GC invocations=16 (full 3):
 PSYoungGen      total 90112K, used 19758K [0x00000000f5580000, 0x00000000fcf80000, 0x0000000100000000)
  eden space 67072K, 0% used [0x00000000f5580000,0x00000000f5580000,0x00000000f9700000)
  from space 23040K, 85% used [0x00000000f9700000,0x00000000faa4b9c0,0x00000000fad80000)
  to   space 25088K, 0% used [0x00000000fb700000,0x00000000fb700000,0x00000000fcf80000)
 ParOldGen       total 98304K, used 40528K [0x00000000e0000000, 0x00000000e6000000, 0x00000000f5580000)
  object space 98304K, 41% used [0x00000000e0000000,0x00000000e2794218,0x00000000e6000000)
 Metaspace       used 71733K, capacity 77892K, committed 78208K, reserved 1116160K
  class space    used 8926K, capacity 10755K, committed 10880K, reserved 1048576K
}
Event: 39.909 GC heap before
{Heap before GC invocations=17 (full 3):
 PSYoungGen      total 90112K, used 86830K [0x00000000f5580000, 0x00000000fcf80000, 0x0000000100000000)
  eden space 67072K, 100% used [0x00000000f5580000,0x00000000f9700000,0x00000000f9700000)
  from space 23040K, 85% used [0x00000000f9700000,0x00000000faa4b9c0,0x00000000fad80000)
  to   space 25088K, 0% used [0x00000000fb700000,0x00000000fb700000,0x00000000fcf80000)
 ParOldGen       total 98304K, used 40528K [0x00000000e0000000, 0x00000000e6000000, 0x00000000f5580000)
  object space 98304K, 41% used [0x00000000e0000000,0x00000000e2794218,0x00000000e6000000)
 Metaspace       used 77712K, capacity 83950K, committed 84096K, reserved 1122304K
  class space    used 9793K, capacity 11804K, committed 11904K, reserved 1048576K
Event: 39.937 GC heap after
Heap after GC invocations=17 (full 3):
 PSYoungGen      total 96768K, used 24225K [0x00000000f5580000, 0x00000000fd400000, 0x0000000100000000)
  eden space 71680K, 0% used [0x00000000f5580000,0x00000000f5580000,0x00000000f9b80000)
  from space 25088K, 96% used [0x00000000fb700000,0x00000000fcea8530,0x00000000fcf80000)
  to   space 28160K, 0% used [0x00000000f9b80000,0x00000000f9b80000,0x00000000fb700000)
 ParOldGen       total 98304K, used 40536K [0x00000000e0000000, 0x00000000e6000000, 0x00000000f5580000)
  object space 98304K, 41% used [0x00000000e0000000,0x00000000e2796218,0x00000000e6000000)
 Metaspace       used 77712K, capacity 83950K, committed 84096K, reserved 1122304K
  class space    used 9793K, capacity 11804K, committed 11904K, reserved 1048576K
}

