# JRE version: Java(TM) SE Runtime Environment (8.0_45-b15) (build 1.8.0_45-b15)
# Java VM: Java HotSpot(TM) 64-Bit Server VM (25.45-b02 mixed mode windows-amd64 compressed oops)
Heap:
 PSYoungGen      total 29696K, used 26049K [0x00000000f5580000, 0x00000000f7880000, 0x0000000100000000)
  eden space 23552K, 92% used [0x00000000f5580000,0x00000000f6ad1a58,0x00000000f6c80000)
  from space 6144K, 68% used [0x00000000f6c80000,0x00000000f709ebf0,0x00000000f7280000)
  to   space 6144K, 0% used [0x00000000f7280000,0x00000000f7280000,0x00000000f7880000)
 ParOldGen       total 75264K, used 62622K [0x00000000e0000000, 0x00000000e4980000, 0x00000000f5580000)
  object space 75264K, 83% used [0x00000000e0000000,0x00000000e3d27998,0x00000000e4980000)
 Metaspace       used 96459K, capacity 103140K, committed 103552K, reserved 1140736K
  class space    used 10787K, capacity 12920K, committed 12928K, reserved 1048576K
GC Heap History (10 events):
Event: 37869.949 GC heap before
{Heap before GC invocations=1678 (full 413):
 PSYoungGen      total 29184K, used 26127K [0x00000000f5580000, 0x00000000f7780000, 0x0000000100000000)
  eden space 23552K, 100% used [0x00000000f5580000,0x00000000f6c80000,0x00000000f6c80000)
  from space 5632K, 45% used [0x00000000f7200000,0x00000000f7483c38,0x00000000f7780000)
  to   space 5632K, 0% used [0x00000000f6c80000,0x00000000f6c80000,0x00000000f7200000)
 ParOldGen       total 75264K, used 62374K [0x00000000e0000000, 0x00000000e4980000, 0x00000000f5580000)
  object space 75264K, 82% used [0x00000000e0000000,0x00000000e3ce9998,0x00000000e4980000)
 Metaspace       used 95893K, capacity 102540K, committed 102784K, reserved 1138688K
  class space    used 10726K, capacity 12852K, committed 12928K, reserved 1048576K
Event: 37869.960 GC heap after
Heap after GC invocations=1678 (full 413):
 PSYoungGen      total 29184K, used 4730K [0x00000000f5580000, 0x00000000f7780000, 0x0000000100000000)
  eden space 23552K, 0% used [0x00000000f5580000,0x00000000f5580000,0x00000000f6c80000)
  from space 5632K, 84% used [0x00000000f6c80000,0x00000000f711eb90,0x00000000f7200000)
  to   space 5632K, 0% used [0x00000000f7200000,0x00000000f7200000,0x00000000f7780000)
 ParOldGen       total 75264K, used 62422K [0x00000000e0000000, 0x00000000e4980000, 0x00000000f5580000)
  object space 75264K, 82% used [0x00000000e0000000,0x00000000e3cf5998,0x00000000e4980000)
 Metaspace       used 95893K, capacity 102540K, committed 102784K, reserved 1138688K
  class space    used 10726K, capacity 12852K, committed 12928K, reserved 1048576K
}
Event: 38088.687 GC heap before
{Heap before GC invocations=1679 (full 413):
 PSYoungGen      total 29184K, used 28282K [0x00000000f5580000, 0x00000000f7780000, 0x0000000100000000)
  eden space 23552K, 100% used [0x00000000f5580000,0x00000000f6c80000,0x00000000f6c80000)
  from space 5632K, 84% used [0x00000000f6c80000,0x00000000f711eb90,0x00000000f7200000)
  to   space 5632K, 0% used [0x00000000f7200000,0x00000000f7200000,0x00000000f7780000)
 ParOldGen       total 75264K, used 62422K [0x00000000e0000000, 0x00000000e4980000, 0x00000000f5580000)
  object space 75264K, 82% used [0x00000000e0000000,0x00000000e3cf5998,0x00000000e4980000)
 Metaspace       used 95893K, capacity 102540K, committed 102784K, reserved 1138688K
  class space    used 10726K, capacity 12852K, committed 12928K, reserved 1048576K
Event: 38088.692 GC heap after
Heap after GC invocations=1679 (full 413):
 PSYoungGen      total 29184K, used 3040K [0x00000000f5580000, 0x00000000f7780000, 0x0000000100000000)
  eden space 23552K, 0% used [0x00000000f5580000,0x00000000f5580000,0x00000000f6c80000)
  from space 5632K, 53% used [0x00000000f7200000,0x00000000f74f8370,0x00000000f7780000)
  to   space 5632K, 0% used [0x00000000f6c80000,0x00000000f6c80000,0x00000000f7200000)
 ParOldGen       total 75264K, used 62454K [0x00000000e0000000, 0x00000000e4980000, 0x00000000f5580000)
  object space 75264K, 82% used [0x00000000e0000000,0x00000000e3cfd998,0x00000000e4980000)
 Metaspace       used 95893K, capacity 102540K, committed 102784K, reserved 1138688K
  class space    used 10726K, capacity 12852K, committed 12928K, reserved 1048576K
}
Event: 38089.244 GC heap before
{Heap before GC invocations=1680 (full 413):
 PSYoungGen      total 29184K, used 26592K [0x00000000f5580000, 0x00000000f7780000, 0x0000000100000000)
  eden space 23552K, 100% used [0x00000000f5580000,0x00000000f6c80000,0x00000000f6c80000)
  from space 5632K, 53% used [0x00000000f7200000,0x00000000f74f8370,0x00000000f7780000)
  to   space 5632K, 0% used [0x00000000f6c80000,0x00000000f6c80000,0x00000000f7200000)
 ParOldGen       total 75264K, used 62454K [0x00000000e0000000, 0x00000000e4980000, 0x00000000f5580000)
  object space 75264K, 82% used [0x00000000e0000000,0x00000000e3cfd998,0x00000000e4980000)
 Metaspace       used 95893K, capacity 102540K, committed 102784K, reserved 1138688K
  class space    used 10726K, capacity 12852K, committed 12928K, reserved 1048576K
Event: 38089.248 GC heap after
Heap after GC invocations=1680 (full 413):
 PSYoungGen      total 29184K, used 4953K [0x00000000f5580000, 0x00000000f7880000, 0x0000000100000000)
  eden space 23552K, 0% used [0x00000000f5580000,0x00000000f5580000,0x00000000f6c80000)
  from space 5632K, 87% used [0x00000000f6c80000,0x00000000f7156458,0x00000000f7200000)
  to   space 6144K, 0% used [0x00000000f7280000,0x00000000f7280000,0x00000000f7880000)
 ParOldGen       total 75264K, used 62494K [0x00000000e0000000, 0x00000000e4980000, 0x00000000f5580000)
  object space 75264K, 83% used [0x00000000e0000000,0x00000000e3d07998,0x00000000e4980000)
 Metaspace       used 95893K, capacity 102540K, committed 102784K, reserved 1138688K
  class space    used 10726K, capacity 12852K, committed 12928K, reserved 1048576K
}
Event: 38222.077 GC heap before
{Heap before GC invocations=1681 (full 413):
 PSYoungGen      total 29184K, used 28505K [0x00000000f5580000, 0x00000000f7880000, 0x0000000100000000)
  eden space 23552K, 100% used [0x00000000f5580000,0x00000000f6c80000,0x00000000f6c80000)
  from space 5632K, 87% used [0x00000000f6c80000,0x00000000f7156458,0x00000000f7200000)
  to   space 6144K, 0% used [0x00000000f7280000,0x00000000f7280000,0x00000000f7880000)
 ParOldGen       total 75264K, used 62494K [0x00000000e0000000, 0x00000000e4980000, 0x00000000f5580000)
  object space 75264K, 83% used [0x00000000e0000000,0x00000000e3d07998,0x00000000e4980000)
 Metaspace       used 95898K, capacity 102540K, committed 102784K, reserved 1138688K
  class space    used 10726K, capacity 12852K, committed 12928K, reserved 1048576K
Event: 38222.081 GC heap after
Heap after GC invocations=1681 (full 413):
 PSYoungGen      total 29696K, used 4635K [0x00000000f5580000, 0x00000000f7880000, 0x0000000100000000)
  eden space 23552K, 0% used [0x00000000f5580000,0x00000000f5580000,0x00000000f6c80000)
  from space 6144K, 75% used [0x00000000f7280000,0x00000000f7706c10,0x00000000f7880000)
  to   space 6144K, 0% used [0x00000000f6c80000,0x00000000f6c80000,0x00000000f7280000)
 ParOldGen       total 75264K, used 62574K [0x00000000e0000000, 0x00000000e4980000, 0x00000000f5580000)
  object space 75264K, 83% used [0x00000000e0000000,0x00000000e3d1b998,0x00000000e4980000)
 Metaspace       used 95898K, capacity 102540K, committed 102784K, reserved 1138688K
  class space    used 10726K, capacity 12852K, committed 12928K, reserved 1048576K
}
Event: 38225.549 GC heap before
{Heap before GC invocations=1682 (full 413):
 PSYoungGen      total 29696K, used 28187K [0x00000000f5580000, 0x00000000f7880000, 0x0000000100000000)
  eden space 23552K, 100% used [0x00000000f5580000,0x00000000f6c80000,0x00000000f6c80000)
  from space 6144K, 75% used [0x00000000f7280000,0x00000000f7706c10,0x00000000f7880000)
  to   space 6144K, 0% used [0x00000000f6c80000,0x00000000f6c80000,0x00000000f7280000)
 ParOldGen       total 75264K, used 62574K [0x00000000e0000000, 0x00000000e4980000, 0x00000000f5580000)
  object space 75264K, 83% used [0x00000000e0000000,0x00000000e3d1b998,0x00000000e4980000)
 Metaspace       used 95958K, capacity 102546K, committed 103040K, reserved 1138688K
  class space    used 10733K, capacity 12853K, committed 12928K, reserved 1048576K
Event: 38225.555 GC heap after
Heap after GC invocations=1682 (full 413):
 PSYoungGen      total 29696K, used 4218K [0x00000000f5580000, 0x00000000f7880000, 0x0000000100000000)
  eden space 23552K, 0% used [0x00000000f5580000,0x00000000f5580000,0x00000000f6c80000)
  from space 6144K, 68% used [0x00000000f6c80000,0x00000000f709ebf0,0x00000000f7280000)
  to   space 6144K, 0% used [0x00000000f7280000,0x00000000f7280000,0x00000000f7880000)
 ParOldGen       total 75264K, used 62622K [0x00000000e0000000, 0x00000000e4980000, 0x00000000f5580000)
  object space 75264K, 83% used [0x00000000e0000000,0x00000000e3d27998,0x00000000e4980000)
 Metaspace       used 95958K, capacity 102546K, committed 103040K, reserved 1138688K
  class space    used 10733K, capacity 12853K, committed 12928K, reserved 1048576K
}

