# JRE version: Java(TM) SE Runtime Environment (8.0_45-b15) (build 1.8.0_45-b15)
# Java VM: Java HotSpot(TM) 64-Bit Server VM (25.45-b02 mixed mode windows-amd64 compressed oops)
Heap:
 PSYoungGen      total 28160K, used 15254K [0x00000000f5580000, 0x00000000f7900000, 0x0000000100000000)
  eden space 22016K, 67% used [0x00000000f5580000,0x00000000f6415890,0x00000000f6b00000)
  from space 6144K, 5% used [0x00000000f7180000,0x00000000f71d0000,0x00000000f7780000)
  to   space 6656K, 0% used [0x00000000f6b00000,0x00000000f6b00000,0x00000000f7180000)
 ParOldGen       total 72704K, used 58937K [0x00000000e0000000, 0x00000000e4700000, 0x00000000f5580000)
  object space 72704K, 81% used [0x00000000e0000000,0x00000000e398e698,0x00000000e4700000)
 Metaspace       used 98539K, capacity 105450K, committed 105600K, reserved 1142784K
  class space    used 11016K, capacity 13163K, committed 13184K, reserved 1048576K
GC Heap History (10 events):
Event: 24262.003 GC heap before
{Heap before GC invocations=1270 (full 257):
 PSYoungGen      total 28672K, used 27112K [0x00000000f5580000, 0x00000000f7780000, 0x0000000100000000)
  eden space 22528K, 100% used [0x00000000f5580000,0x00000000f6b80000,0x00000000f6b80000)
  from space 6144K, 74% used [0x00000000f7180000,0x00000000f75fa360,0x00000000f7780000)
  to   space 6144K, 0% used [0x00000000f6b80000,0x00000000f6b80000,0x00000000f7180000)
 ParOldGen       total 72704K, used 64755K [0x00000000e0000000, 0x00000000e4700000, 0x00000000f5580000)
  object space 72704K, 89% used [0x00000000e0000000,0x00000000e3f3cf90,0x00000000e4700000)
 Metaspace       used 98048K, capacity 104690K, committed 104832K, reserved 1140736K
  class space    used 10963K, capacity 13127K, committed 13184K, reserved 1048576K
Event: 24262.015 GC heap after
Heap after GC invocations=1270 (full 257):
 PSYoungGen      total 28672K, used 4120K [0x00000000f5580000, 0x00000000f7780000, 0x0000000100000000)
  eden space 22528K, 0% used [0x00000000f5580000,0x00000000f5580000,0x00000000f6b80000)
  from space 6144K, 67% used [0x00000000f6b80000,0x00000000f6f86100,0x00000000f7180000)
  to   space 6144K, 0% used [0x00000000f7180000,0x00000000f7180000,0x00000000f7780000)
 ParOldGen       total 72704K, used 65187K [0x00000000e0000000, 0x00000000e4700000, 0x00000000f5580000)
  object space 72704K, 89% used [0x00000000e0000000,0x00000000e3fa8f90,0x00000000e4700000)
 Metaspace       used 98048K, capacity 104690K, committed 104832K, reserved 1140736K
  class space    used 10963K, capacity 13127K, committed 13184K, reserved 1048576K
}
Event: 24272.106 GC heap before
{Heap before GC invocations=1271 (full 257):
 PSYoungGen      total 28672K, used 26648K [0x00000000f5580000, 0x00000000f7780000, 0x0000000100000000)
  eden space 22528K, 100% used [0x00000000f5580000,0x00000000f6b80000,0x00000000f6b80000)
  from space 6144K, 67% used [0x00000000f6b80000,0x00000000f6f86100,0x00000000f7180000)
  to   space 6144K, 0% used [0x00000000f7180000,0x00000000f7180000,0x00000000f7780000)
 ParOldGen       total 72704K, used 65187K [0x00000000e0000000, 0x00000000e4700000, 0x00000000f5580000)
  object space 72704K, 89% used [0x00000000e0000000,0x00000000e3fa8f90,0x00000000e4700000)
 Metaspace       used 98048K, capacity 104690K, committed 104832K, reserved 1140736K
  class space    used 10963K, capacity 13127K, committed 13184K, reserved 1048576K
Event: 24272.111 GC heap after
Heap after GC invocations=1271 (full 257):
 PSYoungGen      total 28672K, used 4824K [0x00000000f5580000, 0x00000000f7780000, 0x0000000100000000)
  eden space 22528K, 0% used [0x00000000f5580000,0x00000000f5580000,0x00000000f6b80000)
  from space 6144K, 78% used [0x00000000f7180000,0x00000000f7636100,0x00000000f7780000)
  to   space 6144K, 0% used [0x00000000f6b80000,0x00000000f6b80000,0x00000000f7180000)
 ParOldGen       total 72704K, used 65323K [0x00000000e0000000, 0x00000000e4700000, 0x00000000f5580000)
  object space 72704K, 89% used [0x00000000e0000000,0x00000000e3fcaf90,0x00000000e4700000)
 Metaspace       used 98048K, capacity 104690K, committed 104832K, reserved 1140736K
  class space    used 10963K, capacity 13127K, committed 13184K, reserved 1048576K
}
Event: 24337.612 GC heap before
{Heap before GC invocations=1272 (full 257):
 PSYoungGen      total 28672K, used 25889K [0x00000000f5580000, 0x00000000f7780000, 0x0000000100000000)
  eden space 22528K, 93% used [0x00000000f5580000,0x00000000f6a123c8,0x00000000f6b80000)
  from space 6144K, 78% used [0x00000000f7180000,0x00000000f7636100,0x00000000f7780000)
  to   space 6144K, 0% used [0x00000000f6b80000,0x00000000f6b80000,0x00000000f7180000)
 ParOldGen       total 72704K, used 65323K [0x00000000e0000000, 0x00000000e4700000, 0x00000000f5580000)
  object space 72704K, 89% used [0x00000000e0000000,0x00000000e3fcaf90,0x00000000e4700000)
 Metaspace       used 98048K, capacity 104754K, committed 105088K, reserved 1140736K
  class space    used 10963K, capacity 13127K, committed 13184K, reserved 1048576K
Event: 24337.624 GC heap after
Heap after GC invocations=1272 (full 257):
 PSYoungGen      total 28672K, used 4657K [0x00000000f5580000, 0x00000000f7780000, 0x0000000100000000)
  eden space 22528K, 0% used [0x00000000f5580000,0x00000000f5580000,0x00000000f6b80000)
  from space 6144K, 75% used [0x00000000f6b80000,0x00000000f700c460,0x00000000f7180000)
  to   space 6144K, 0% used [0x00000000f7180000,0x00000000f7180000,0x00000000f7780000)
 ParOldGen       total 72704K, used 65539K [0x00000000e0000000, 0x00000000e4700000, 0x00000000f5580000)
  object space 72704K, 90% used [0x00000000e0000000,0x00000000e4000c50,0x00000000e4700000)
 Metaspace       used 98048K, capacity 104754K, committed 105088K, reserved 1140736K
  class space    used 10963K, capacity 13127K, committed 13184K, reserved 1048576K
}
Event: 24337.624 GC heap before
{Heap before GC invocations=1273 (full 258):
 PSYoungGen      total 28672K, used 4657K [0x00000000f5580000, 0x00000000f7780000, 0x0000000100000000)
  eden space 22528K, 0% used [0x00000000f5580000,0x00000000f5580000,0x00000000f6b80000)
  from space 6144K, 75% used [0x00000000f6b80000,0x00000000f700c460,0x00000000f7180000)
  to   space 6144K, 0% used [0x00000000f7180000,0x00000000f7180000,0x00000000f7780000)
 ParOldGen       total 72704K, used 65539K [0x00000000e0000000, 0x00000000e4700000, 0x00000000f5580000)
  object space 72704K, 90% used [0x00000000e0000000,0x00000000e4000c50,0x00000000e4700000)
 Metaspace       used 98048K, capacity 104754K, committed 105088K, reserved 1140736K
  class space    used 10963K, capacity 13127K, committed 13184K, reserved 1048576K
Event: 24337.826 GC heap after
Heap after GC invocations=1273 (full 258):
 PSYoungGen      total 28672K, used 0K [0x00000000f5580000, 0x00000000f7780000, 0x0000000100000000)
  eden space 22528K, 0% used [0x00000000f5580000,0x00000000f5580000,0x00000000f6b80000)
  from space 6144K, 0% used [0x00000000f6b80000,0x00000000f6b80000,0x00000000f7180000)
  to   space 6144K, 0% used [0x00000000f7180000,0x00000000f7180000,0x00000000f7780000)
 ParOldGen       total 72704K, used 58929K [0x00000000e0000000, 0x00000000e4700000, 0x00000000f5580000)
  object space 72704K, 81% used [0x00000000e0000000,0x00000000e398c698,0x00000000e4700000)
 Metaspace       used 98048K, capacity 104754K, committed 105088K, reserved 1140736K
  class space    used 10963K, capacity 13127K, committed 13184K, reserved 1048576K
}
Event: 24361.792 GC heap before
{Heap before GC invocations=1274 (full 258):
 PSYoungGen      total 28672K, used 22528K [0x00000000f5580000, 0x00000000f7780000, 0x0000000100000000)
  eden space 22528K, 100% used [0x00000000f5580000,0x00000000f6b80000,0x00000000f6b80000)
  from space 6144K, 0% used [0x00000000f6b80000,0x00000000f6b80000,0x00000000f7180000)
  to   space 6144K, 0% used [0x00000000f7180000,0x00000000f7180000,0x00000000f7780000)
 ParOldGen       total 72704K, used 58929K [0x00000000e0000000, 0x00000000e4700000, 0x00000000f5580000)
  object space 72704K, 81% used [0x00000000e0000000,0x00000000e398c698,0x00000000e4700000)
 Metaspace       used 98119K, capacity 104830K, committed 105088K, reserved 1140736K
  class space    used 10970K, capacity 13129K, committed 13184K, reserved 1048576K
Event: 24361.794 GC heap after
Heap after GC invocations=1274 (full 258):
 PSYoungGen      total 28160K, used 320K [0x00000000f5580000, 0x00000000f7900000, 0x0000000100000000)
  eden space 22016K, 0% used [0x00000000f5580000,0x00000000f5580000,0x00000000f6b00000)
  from space 6144K, 5% used [0x00000000f7180000,0x00000000f71d0000,0x00000000f7780000)
  to   space 6656K, 0% used [0x00000000f6b00000,0x00000000f6b00000,0x00000000f7180000)
 ParOldGen       total 72704K, used 58937K [0x00000000e0000000, 0x00000000e4700000, 0x00000000f5580000)
  object space 72704K, 81% used [0x00000000e0000000,0x00000000e398e698,0x00000000e4700000)
 Metaspace       used 98119K, capacity 104830K, committed 105088K, reserved 1140736K
  class space    used 10970K, capacity 13129K, committed 13184K, reserved 1048576K
}

