# JRE version: Java(TM) SE Runtime Environment (8.0_45-b15) (build 1.8.0_45-b15)
# Java VM: Java HotSpot(TM) 64-Bit Server VM (25.45-b02 mixed mode windows-amd64 compressed oops)
Heap:
 PSYoungGen      total 56832K, used 52413K [0x00000000f5580000, 0x00000000f9480000, 0x0000000100000000)
  eden space 49152K, 94% used [0x00000000f5580000,0x00000000f8306138,0x00000000f8580000)
  from space 7680K, 75% used [0x00000000f8d00000,0x00000000f92a93d8,0x00000000f9480000)
  to   space 7680K, 0% used [0x00000000f8580000,0x00000000f8580000,0x00000000f8d00000)
 ParOldGen       total 93696K, used 54693K [0x00000000e0000000, 0x00000000e5b80000, 0x00000000f5580000)
  object space 93696K, 58% used [0x00000000e0000000,0x00000000e3569718,0x00000000e5b80000)
 Metaspace       used 94935K, capacity 101698K, committed 102168K, reserved 1138688K
  class space    used 10674K, capacity 12739K, committed 12824K, reserved 1048576K
GC Heap History (10 events):
Event: 25203.094 GC heap before
{Heap before GC invocations=753 (full 223):
 PSYoungGen      total 55296K, used 51042K [0x00000000f5580000, 0x00000000f9300000, 0x0000000100000000)
  eden space 48128K, 100% used [0x00000000f5580000,0x00000000f8480000,0x00000000f8480000)
  from space 7168K, 40% used [0x00000000f8480000,0x00000000f8758900,0x00000000f8b80000)
  to   space 7168K, 0% used [0x00000000f8c00000,0x00000000f8c00000,0x00000000f9300000)
 ParOldGen       total 93696K, used 54693K [0x00000000e0000000, 0x00000000e5b80000, 0x00000000f5580000)
  object space 93696K, 58% used [0x00000000e0000000,0x00000000e3569718,0x00000000e5b80000)
 Metaspace       used 94314K, capacity 101130K, committed 101656K, reserved 1138688K
  class space    used 10606K, capacity 12703K, committed 12824K, reserved 1048576K
Event: 25203.104 GC heap after
Heap after GC invocations=753 (full 223):
 PSYoungGen      total 55808K, used 2702K [0x00000000f5580000, 0x00000000f9300000, 0x0000000100000000)
  eden space 48640K, 0% used [0x00000000f5580000,0x00000000f5580000,0x00000000f8500000)
  from space 7168K, 37% used [0x00000000f8c00000,0x00000000f8ea3ad8,0x00000000f9300000)
  to   space 7168K, 0% used [0x00000000f8500000,0x00000000f8500000,0x00000000f8c00000)
 ParOldGen       total 93696K, used 54693K [0x00000000e0000000, 0x00000000e5b80000, 0x00000000f5580000)
  object space 93696K, 58% used [0x00000000e0000000,0x00000000e3569718,0x00000000e5b80000)
 Metaspace       used 94314K, capacity 101130K, committed 101656K, reserved 1138688K
  class space    used 10606K, capacity 12703K, committed 12824K, reserved 1048576K
}
Event: 25207.683 GC heap before
{Heap before GC invocations=754 (full 223):
 PSYoungGen      total 55808K, used 51342K [0x00000000f5580000, 0x00000000f9300000, 0x0000000100000000)
  eden space 48640K, 100% used [0x00000000f5580000,0x00000000f8500000,0x00000000f8500000)
  from space 7168K, 37% used [0x00000000f8c00000,0x00000000f8ea3ad8,0x00000000f9300000)
  to   space 7168K, 0% used [0x00000000f8500000,0x00000000f8500000,0x00000000f8c00000)
 ParOldGen       total 93696K, used 54693K [0x00000000e0000000, 0x00000000e5b80000, 0x00000000f5580000)
  object space 93696K, 58% used [0x00000000e0000000,0x00000000e3569718,0x00000000e5b80000)
 Metaspace       used 94316K, capacity 101130K, committed 101656K, reserved 1138688K
  class space    used 10606K, capacity 12703K, committed 12824K, reserved 1048576K
Event: 25207.686 GC heap after
Heap after GC invocations=754 (full 223):
 PSYoungGen      total 55808K, used 4109K [0x00000000f5580000, 0x00000000f9280000, 0x0000000100000000)
  eden space 48640K, 0% used [0x00000000f5580000,0x00000000f5580000,0x00000000f8500000)
  from space 7168K, 57% used [0x00000000f8500000,0x00000000f8903430,0x00000000f8c00000)
  to   space 6656K, 0% used [0x00000000f8c00000,0x00000000f8c00000,0x00000000f9280000)
 ParOldGen       total 93696K, used 54693K [0x00000000e0000000, 0x00000000e5b80000, 0x00000000f5580000)
  object space 93696K, 58% used [0x00000000e0000000,0x00000000e3569718,0x00000000e5b80000)
 Metaspace       used 94316K, capacity 101130K, committed 101656K, reserved 1138688K
  class space    used 10606K, capacity 12703K, committed 12824K, reserved 1048576K
}
Event: 25239.691 GC heap before
{Heap before GC invocations=755 (full 223):
 PSYoungGen      total 55808K, used 52749K [0x00000000f5580000, 0x00000000f9280000, 0x0000000100000000)
  eden space 48640K, 100% used [0x00000000f5580000,0x00000000f8500000,0x00000000f8500000)
  from space 7168K, 57% used [0x00000000f8500000,0x00000000f8903430,0x00000000f8c00000)
  to   space 6656K, 0% used [0x00000000f8c00000,0x00000000f8c00000,0x00000000f9280000)
 ParOldGen       total 93696K, used 54693K [0x00000000e0000000, 0x00000000e5b80000, 0x00000000f5580000)
  object space 93696K, 58% used [0x00000000e0000000,0x00000000e3569718,0x00000000e5b80000)
 Metaspace       used 94323K, capacity 101130K, committed 101656K, reserved 1138688K
  class space    used 10606K, capacity 12703K, committed 12824K, reserved 1048576K
Event: 25239.697 GC heap after
Heap after GC invocations=755 (full 223):
 PSYoungGen      total 55296K, used 5261K [0x00000000f5580000, 0x00000000f9380000, 0x0000000100000000)
  eden space 48640K, 0% used [0x00000000f5580000,0x00000000f5580000,0x00000000f8500000)
  from space 6656K, 79% used [0x00000000f8c00000,0x00000000f9123518,0x00000000f9280000)
  to   space 7168K, 0% used [0x00000000f8500000,0x00000000f8500000,0x00000000f8c00000)
 ParOldGen       total 93696K, used 54693K [0x00000000e0000000, 0x00000000e5b80000, 0x00000000f5580000)
  object space 93696K, 58% used [0x00000000e0000000,0x00000000e3569718,0x00000000e5b80000)
 Metaspace       used 94323K, capacity 101130K, committed 101656K, reserved 1138688K
  class space    used 10606K, capacity 12703K, committed 12824K, reserved 1048576K
}
Event: 25253.037 GC heap before
{Heap before GC invocations=756 (full 223):
 PSYoungGen      total 55296K, used 53901K [0x00000000f5580000, 0x00000000f9380000, 0x0000000100000000)
  eden space 48640K, 100% used [0x00000000f5580000,0x00000000f8500000,0x00000000f8500000)
  from space 6656K, 79% used [0x00000000f8c00000,0x00000000f9123518,0x00000000f9280000)
  to   space 7168K, 0% used [0x00000000f8500000,0x00000000f8500000,0x00000000f8c00000)
 ParOldGen       total 93696K, used 54693K [0x00000000e0000000, 0x00000000e5b80000, 0x00000000f5580000)
  object space 93696K, 58% used [0x00000000e0000000,0x00000000e3569718,0x00000000e5b80000)
 Metaspace       used 94324K, capacity 101130K, committed 101656K, reserved 1138688K
  class space    used 10606K, capacity 12703K, committed 12824K, reserved 1048576K
Event: 25253.041 GC heap after
Heap after GC invocations=756 (full 223):
 PSYoungGen      total 55808K, used 6184K [0x00000000f5580000, 0x00000000f9480000, 0x0000000100000000)
  eden space 48640K, 0% used [0x00000000f5580000,0x00000000f5580000,0x00000000f8500000)
  from space 7168K, 86% used [0x00000000f8500000,0x00000000f8b0a170,0x00000000f8c00000)
  to   space 7680K, 0% used [0x00000000f8d00000,0x00000000f8d00000,0x00000000f9480000)
 ParOldGen       total 93696K, used 54693K [0x00000000e0000000, 0x00000000e5b80000, 0x00000000f5580000)
  object space 93696K, 58% used [0x00000000e0000000,0x00000000e3569718,0x00000000e5b80000)
 Metaspace       used 94324K, capacity 101130K, committed 101656K, reserved 1138688K
  class space    used 10606K, capacity 12703K, committed 12824K, reserved 1048576K
}
Event: 25275.878 GC heap before
{Heap before GC invocations=757 (full 223):
 PSYoungGen      total 55808K, used 54824K [0x00000000f5580000, 0x00000000f9480000, 0x0000000100000000)
  eden space 48640K, 100% used [0x00000000f5580000,0x00000000f8500000,0x00000000f8500000)
  from space 7168K, 86% used [0x00000000f8500000,0x00000000f8b0a170,0x00000000f8c00000)
  to   space 7680K, 0% used [0x00000000f8d00000,0x00000000f8d00000,0x00000000f9480000)
 ParOldGen       total 93696K, used 54693K [0x00000000e0000000, 0x00000000e5b80000, 0x00000000f5580000)
  object space 93696K, 58% used [0x00000000e0000000,0x00000000e3569718,0x00000000e5b80000)
 Metaspace       used 94327K, capacity 101130K, committed 101656K, reserved 1138688K
  class space    used 10606K, capacity 12703K, committed 12824K, reserved 1048576K
Event: 25275.885 GC heap after
Heap after GC invocations=757 (full 223):
 PSYoungGen      total 56832K, used 5796K [0x00000000f5580000, 0x00000000f9480000, 0x0000000100000000)
  eden space 49152K, 0% used [0x00000000f5580000,0x00000000f5580000,0x00000000f8580000)
  from space 7680K, 75% used [0x00000000f8d00000,0x00000000f92a93d8,0x00000000f9480000)
  to   space 7680K, 0% used [0x00000000f8580000,0x00000000f8580000,0x00000000f8d00000)
 ParOldGen       total 93696K, used 54693K [0x00000000e0000000, 0x00000000e5b80000, 0x00000000f5580000)
  object space 93696K, 58% used [0x00000000e0000000,0x00000000e3569718,0x00000000e5b80000)
 Metaspace       used 94327K, capacity 101130K, committed 101656K, reserved 1138688K
  class space    used 10606K, capacity 12703K, committed 12824K, reserved 1048576K
}

