# JRE version: Java(TM) SE Runtime Environment (8.0_45-b15) (build 1.8.0_45-b15)
# Java VM: Java HotSpot(TM) 64-Bit Server VM (25.45-b02 mixed mode windows-amd64 compressed oops)
Heap:
 PSYoungGen      total 89600K, used 23976K [0x00000000f5580000, 0x00000000fe700000, 0x0000000100000000)
  eden space 84480K, 28% used [0x00000000f5580000,0x00000000f6cea090,0x00000000fa800000)
  from space 5120K, 0% used [0x00000000fa800000,0x00000000fa800000,0x00000000fad00000)
  to   space 32256K, 0% used [0x00000000fc780000,0x00000000fc780000,0x00000000fe700000)
 ParOldGen       total 93696K, used 57115K [0x00000000e0000000, 0x00000000e5b80000, 0x00000000f5580000)
  object space 93696K, 60% used [0x00000000e0000000,0x00000000e37c6fe8,0x00000000e5b80000)
 Metaspace       used 84965K, capacity 91862K, committed 92032K, reserved 1128448K
  class space    used 10455K, capacity 12610K, committed 12672K, reserved 1048576K
GC Heap History (10 events):
Event: 102.424 GC heap before
{Heap before GC invocations=20 (full 4):
 PSYoungGen      total 113152K, used 24290K [0x00000000f5580000, 0x00000000fe880000, 0x0000000100000000)
  eden space 81920K, 0% used [0x00000000f5580000,0x00000000f5580000,0x00000000fa580000)
  from space 31232K, 77% used [0x00000000fc600000,0x00000000fddb88d8,0x00000000fe480000)
  to   space 33280K, 0% used [0x00000000fa580000,0x00000000fa580000,0x00000000fc600000)
 ParOldGen       total 93696K, used 40163K [0x00000000e0000000, 0x00000000e5b80000, 0x00000000f5580000)
  object space 93696K, 42% used [0x00000000e0000000,0x00000000e2738dd8,0x00000000e5b80000)
 Metaspace       used 79818K, capacity 86242K, committed 86400K, reserved 1124352K
  class space    used 9878K, capacity 11789K, committed 11904K, reserved 1048576K
Event: 102.656 GC heap after
Heap after GC invocations=20 (full 4):
 PSYoungGen      total 113152K, used 0K [0x00000000f5580000, 0x00000000fe880000, 0x0000000100000000)
  eden space 81920K, 0% used [0x00000000f5580000,0x00000000f5580000,0x00000000fa580000)
  from space 31232K, 0% used [0x00000000fc600000,0x00000000fc600000,0x00000000fe480000)
  to   space 33280K, 0% used [0x00000000fa580000,0x00000000fa580000,0x00000000fc600000)
 ParOldGen       total 93696K, used 55960K [0x00000000e0000000, 0x00000000e5b80000, 0x00000000f5580000)
  object space 93696K, 59% used [0x00000000e0000000,0x00000000e36a6058,0x00000000e5b80000)
 Metaspace       used 79818K, capacity 86242K, committed 86400K, reserved 1124352K
  class space    used 9878K, capacity 11789K, committed 11904K, reserved 1048576K
}
Event: 146.394 GC heap before
{Heap before GC invocations=21 (full 4):
 PSYoungGen      total 113152K, used 81920K [0x00000000f5580000, 0x00000000fe880000, 0x0000000100000000)
  eden space 81920K, 100% used [0x00000000f5580000,0x00000000fa580000,0x00000000fa580000)
  from space 31232K, 0% used [0x00000000fc600000,0x00000000fc600000,0x00000000fe480000)
  to   space 33280K, 0% used [0x00000000fa580000,0x00000000fa580000,0x00000000fc600000)
 ParOldGen       total 93696K, used 55960K [0x00000000e0000000, 0x00000000e5b80000, 0x00000000f5580000)
  object space 93696K, 59% used [0x00000000e0000000,0x00000000e36a6058,0x00000000e5b80000)
 Metaspace       used 83173K, capacity 90220K, committed 90496K, reserved 1128448K
  class space    used 10287K, capacity 12409K, committed 12416K, reserved 1048576K
Event: 146.400 GC heap after
Heap after GC invocations=21 (full 4):
 PSYoungGen      total 115200K, used 6673K [0x00000000f5580000, 0x00000000fea00000, 0x0000000100000000)
  eden space 81920K, 0% used [0x00000000f5580000,0x00000000f5580000,0x00000000fa580000)
  from space 33280K, 20% used [0x00000000fa580000,0x00000000fac04458,0x00000000fc600000)
  to   space 32768K, 0% used [0x00000000fca00000,0x00000000fca00000,0x00000000fea00000)
 ParOldGen       total 93696K, used 55968K [0x00000000e0000000, 0x00000000e5b80000, 0x00000000f5580000)
  object space 93696K, 59% used [0x00000000e0000000,0x00000000e36a8058,0x00000000e5b80000)
 Metaspace       used 83173K, capacity 90220K, committed 90496K, reserved 1128448K
  class space    used 10287K, capacity 12409K, committed 12416K, reserved 1048576K
}
Event: 171.144 GC heap before
{Heap before GC invocations=22 (full 4):
 PSYoungGen      total 115200K, used 88593K [0x00000000f5580000, 0x00000000fea00000, 0x0000000100000000)
  eden space 81920K, 100% used [0x00000000f5580000,0x00000000fa580000,0x00000000fa580000)
  from space 33280K, 20% used [0x00000000fa580000,0x00000000fac04458,0x00000000fc600000)
  to   space 32768K, 0% used [0x00000000fca00000,0x00000000fca00000,0x00000000fea00000)
 ParOldGen       total 93696K, used 55968K [0x00000000e0000000, 0x00000000e5b80000, 0x00000000f5580000)
  object space 93696K, 59% used [0x00000000e0000000,0x00000000e36a8058,0x00000000e5b80000)
 Metaspace       used 83747K, capacity 90678K, committed 90880K, reserved 1128448K
  class space    used 10330K, capacity 12450K, committed 12544K, reserved 1048576K
Event: 171.149 GC heap after
Heap after GC invocations=22 (full 4):
 PSYoungGen      total 115200K, used 5360K [0x00000000f5580000, 0x00000000fe800000, 0x0000000100000000)
  eden space 84480K, 0% used [0x00000000f5580000,0x00000000f5580000,0x00000000fa800000)
  from space 30720K, 17% used [0x00000000fca00000,0x00000000fcf3c030,0x00000000fe800000)
  to   space 32768K, 0% used [0x00000000fa800000,0x00000000fa800000,0x00000000fc800000)
 ParOldGen       total 93696K, used 55976K [0x00000000e0000000, 0x00000000e5b80000, 0x00000000f5580000)
  object space 93696K, 59% used [0x00000000e0000000,0x00000000e36aa058,0x00000000e5b80000)
 Metaspace       used 83747K, capacity 90678K, committed 90880K, reserved 1128448K
  class space    used 10330K, capacity 12450K, committed 12544K, reserved 1048576K
}
Event: 178.129 GC heap before
{Heap before GC invocations=23 (full 4):
 PSYoungGen      total 115200K, used 19175K [0x00000000f5580000, 0x00000000fe800000, 0x0000000100000000)
  eden space 84480K, 16% used [0x00000000f5580000,0x00000000f62fdbe8,0x00000000fa800000)
  from space 30720K, 17% used [0x00000000fca00000,0x00000000fcf3c030,0x00000000fe800000)
  to   space 32768K, 0% used [0x00000000fa800000,0x00000000fa800000,0x00000000fc800000)
 ParOldGen       total 93696K, used 55976K [0x00000000e0000000, 0x00000000e5b80000, 0x00000000f5580000)
  object space 93696K, 59% used [0x00000000e0000000,0x00000000e36aa058,0x00000000e5b80000)
 Metaspace       used 83817K, capacity 90742K, committed 91136K, reserved 1128448K
  class space    used 10331K, capacity 12450K, committed 12544K, reserved 1048576K
Event: 178.134 GC heap after
Heap after GC invocations=23 (full 4):
 PSYoungGen      total 89600K, used 4624K [0x00000000f5580000, 0x00000000fe700000, 0x0000000100000000)
  eden space 84480K, 0% used [0x00000000f5580000,0x00000000f5580000,0x00000000fa800000)
  from space 5120K, 90% used [0x00000000fa800000,0x00000000fac84010,0x00000000fad00000)
  to   space 32256K, 0% used [0x00000000fc780000,0x00000000fc780000,0x00000000fe700000)
 ParOldGen       total 93696K, used 55984K [0x00000000e0000000, 0x00000000e5b80000, 0x00000000f5580000)
  object space 93696K, 59% used [0x00000000e0000000,0x00000000e36ac058,0x00000000e5b80000)
 Metaspace       used 83817K, capacity 90742K, committed 91136K, reserved 1128448K
  class space    used 10331K, capacity 12450K, committed 12544K, reserved 1048576K
}
Event: 178.134 GC heap before
{Heap before GC invocations=24 (full 5):
 PSYoungGen      total 89600K, used 4624K [0x00000000f5580000, 0x00000000fe700000, 0x0000000100000000)
  eden space 84480K, 0% used [0x00000000f5580000,0x00000000f5580000,0x00000000fa800000)
  from space 5120K, 90% used [0x00000000fa800000,0x00000000fac84010,0x00000000fad00000)
  to   space 32256K, 0% used [0x00000000fc780000,0x00000000fc780000,0x00000000fe700000)
 ParOldGen       total 93696K, used 55984K [0x00000000e0000000, 0x00000000e5b80000, 0x00000000f5580000)
  object space 93696K, 59% used [0x00000000e0000000,0x00000000e36ac058,0x00000000e5b80000)
 Metaspace       used 83817K, capacity 90742K, committed 91136K, reserved 1128448K
  class space    used 10331K, capacity 12450K, committed 12544K, reserved 1048576K
Event: 178.422 GC heap after
Heap after GC invocations=24 (full 5):
 PSYoungGen      total 89600K, used 0K [0x00000000f5580000, 0x00000000fe700000, 0x0000000100000000)
  eden space 84480K, 0% used [0x00000000f5580000,0x00000000f5580000,0x00000000fa800000)
  from space 5120K, 0% used [0x00000000fa800000,0x00000000fa800000,0x00000000fad00000)
  to   space 32256K, 0% used [0x00000000fc780000,0x00000000fc780000,0x00000000fe700000)
 ParOldGen       total 93696K, used 57115K [0x00000000e0000000, 0x00000000e5b80000, 0x00000000f5580000)
  object space 93696K, 60% used [0x00000000e0000000,0x00000000e37c6fe8,0x00000000e5b80000)
 Metaspace       used 83817K, capacity 90742K, committed 91136K, reserved 1128448K
  class space    used 10331K, capacity 12450K, committed 12544K, reserved 1048576K
}

