# JRE version: Java(TM) SE Runtime Environment (8.0_45-b15) (build 1.8.0_45-b15)
# Java VM: Java HotSpot(TM) 64-Bit Server VM (25.45-b02 mixed mode windows-amd64 compressed oops)
Heap:
 PSYoungGen      total 93184K, used 67507K [0x00000000f5580000, 0x00000000fbe80000, 0x0000000100000000)
  eden space 79872K, 84% used [0x00000000f5580000,0x00000000f976ce80,0x00000000fa380000)
  from space 13312K, 0% used [0x00000000fb180000,0x00000000fb180000,0x00000000fbe80000)
  to   space 13824K, 0% used [0x00000000fa380000,0x00000000fa380000,0x00000000fb100000)
 ParOldGen       total 74240K, used 51149K [0x00000000e0000000, 0x00000000e4880000, 0x00000000f5580000)
  object space 74240K, 68% used [0x00000000e0000000,0x00000000e31f37f0,0x00000000e4880000)
 Metaspace       used 94270K, capacity 101328K, committed 101504K, reserved 1136640K
  class space    used 11478K, capacity 13625K, committed 13696K, reserved 1048576K
GC Heap History (10 events):
Event: 571.147 GC heap before
{Heap before GC invocations=52 (full 9):
 PSYoungGen      total 96256K, used 80896K [0x00000000f5580000, 0x00000000fc380000, 0x0000000100000000)
  eden space 80896K, 100% used [0x00000000f5580000,0x00000000fa480000,0x00000000fa480000)
  from space 15360K, 0% used [0x00000000fb480000,0x00000000fb480000,0x00000000fc380000)
  to   space 15872K, 0% used [0x00000000fa480000,0x00000000fa480000,0x00000000fb400000)
 ParOldGen       total 74240K, used 54580K [0x00000000e0000000, 0x00000000e4880000, 0x00000000f5580000)
  object space 74240K, 73% used [0x00000000e0000000,0x00000000e354d1f8,0x00000000e4880000)
 Metaspace       used 92683K, capacity 100024K, committed 100352K, reserved 1136640K
  class space    used 11336K, capacity 13467K, committed 13568K, reserved 1048576K
Event: 571.152 GC heap after
Heap after GC invocations=52 (full 9):
 PSYoungGen      total 96768K, used 4792K [0x00000000f5580000, 0x00000000fc400000, 0x0000000100000000)
  eden space 80896K, 0% used [0x00000000f5580000,0x00000000f5580000,0x00000000fa480000)
  from space 15872K, 30% used [0x00000000fa480000,0x00000000fa92e098,0x00000000fb400000)
  to   space 15360K, 0% used [0x00000000fb500000,0x00000000fb500000,0x00000000fc400000)
 ParOldGen       total 74240K, used 54580K [0x00000000e0000000, 0x00000000e4880000, 0x00000000f5580000)
  object space 74240K, 73% used [0x00000000e0000000,0x00000000e354d1f8,0x00000000e4880000)
 Metaspace       used 92683K, capacity 100024K, committed 100352K, reserved 1136640K
  class space    used 11336K, capacity 13467K, committed 13568K, reserved 1048576K
}
Event: 584.368 GC heap before
{Heap before GC invocations=53 (full 9):
 PSYoungGen      total 96768K, used 85688K [0x00000000f5580000, 0x00000000fc400000, 0x0000000100000000)
  eden space 80896K, 100% used [0x00000000f5580000,0x00000000fa480000,0x00000000fa480000)
  from space 15872K, 30% used [0x00000000fa480000,0x00000000fa92e098,0x00000000fb400000)
  to   space 15360K, 0% used [0x00000000fb500000,0x00000000fb500000,0x00000000fc400000)
 ParOldGen       total 74240K, used 54580K [0x00000000e0000000, 0x00000000e4880000, 0x00000000f5580000)
  object space 74240K, 73% used [0x00000000e0000000,0x00000000e354d1f8,0x00000000e4880000)
 Metaspace       used 93097K, capacity 100472K, committed 100608K, reserved 1136640K
  class space    used 11357K, capacity 13531K, committed 13568K, reserved 1048576K
Event: 584.381 GC heap after
Heap after GC invocations=53 (full 9):
 PSYoungGen      total 96768K, used 3595K [0x00000000f5580000, 0x00000000fc300000, 0x0000000100000000)
  eden space 82432K, 0% used [0x00000000f5580000,0x00000000f5580000,0x00000000fa600000)
  from space 14336K, 25% used [0x00000000fb500000,0x00000000fb882ce8,0x00000000fc300000)
  to   space 14848K, 0% used [0x00000000fa600000,0x00000000fa600000,0x00000000fb480000)
 ParOldGen       total 74240K, used 54588K [0x00000000e0000000, 0x00000000e4880000, 0x00000000f5580000)
  object space 74240K, 73% used [0x00000000e0000000,0x00000000e354f1f8,0x00000000e4880000)
 Metaspace       used 93097K, capacity 100472K, committed 100608K, reserved 1136640K
  class space    used 11357K, capacity 13531K, committed 13568K, reserved 1048576K
}
Event: 845.823 GC heap before
{Heap before GC invocations=54 (full 9):
 PSYoungGen      total 96768K, used 86017K [0x00000000f5580000, 0x00000000fc300000, 0x0000000100000000)
  eden space 82432K, 99% used [0x00000000f5580000,0x00000000fa5fd830,0x00000000fa600000)
  from space 14336K, 25% used [0x00000000fb500000,0x00000000fb882ce8,0x00000000fc300000)
  to   space 14848K, 0% used [0x00000000fa600000,0x00000000fa600000,0x00000000fb480000)
 ParOldGen       total 74240K, used 54588K [0x00000000e0000000, 0x00000000e4880000, 0x00000000f5580000)
  object space 74240K, 73% used [0x00000000e0000000,0x00000000e354f1f8,0x00000000e4880000)
 Metaspace       used 93367K, capacity 100638K, committed 100864K, reserved 1136640K
  class space    used 11375K, capacity 13564K, committed 13568K, reserved 1048576K
Event: 845.828 GC heap after
Heap after GC invocations=54 (full 9):
 PSYoungGen      total 86016K, used 5722K [0x00000000f5580000, 0x00000000fbf80000, 0x0000000100000000)
  eden space 79872K, 0% used [0x00000000f5580000,0x00000000f5580000,0x00000000fa380000)
  from space 6144K, 93% used [0x00000000fa600000,0x00000000fab96b70,0x00000000fac00000)
  to   space 14336K, 0% used [0x00000000fb180000,0x00000000fb180000,0x00000000fbf80000)
 ParOldGen       total 74240K, used 54596K [0x00000000e0000000, 0x00000000e4880000, 0x00000000f5580000)
  object space 74240K, 73% used [0x00000000e0000000,0x00000000e35511f8,0x00000000e4880000)
 Metaspace       used 93367K, capacity 100638K, committed 100864K, reserved 1136640K
  class space    used 11375K, capacity 13564K, committed 13568K, reserved 1048576K
}
Event: 853.559 GC heap before
{Heap before GC invocations=55 (full 9):
 PSYoungGen      total 86016K, used 23301K [0x00000000f5580000, 0x00000000fbf80000, 0x0000000100000000)
  eden space 79872K, 22% used [0x00000000f5580000,0x00000000f66aabf8,0x00000000fa380000)
  from space 6144K, 93% used [0x00000000fa600000,0x00000000fab96b70,0x00000000fac00000)
  to   space 14336K, 0% used [0x00000000fb180000,0x00000000fb180000,0x00000000fbf80000)
 ParOldGen       total 74240K, used 54596K [0x00000000e0000000, 0x00000000e4880000, 0x00000000f5580000)
  object space 74240K, 73% used [0x00000000e0000000,0x00000000e35511f8,0x00000000e4880000)
 Metaspace       used 93383K, capacity 100638K, committed 100864K, reserved 1136640K
  class space    used 11375K, capacity 13564K, committed 13568K, reserved 1048576K
Event: 853.572 GC heap after
Heap after GC invocations=55 (full 9):
 PSYoungGen      total 93184K, used 5378K [0x00000000f5580000, 0x00000000fbe80000, 0x0000000100000000)
  eden space 79872K, 0% used [0x00000000f5580000,0x00000000f5580000,0x00000000fa380000)
  from space 13312K, 40% used [0x00000000fb180000,0x00000000fb6c0ab0,0x00000000fbe80000)
  to   space 13824K, 0% used [0x00000000fa380000,0x00000000fa380000,0x00000000fb100000)
 ParOldGen       total 74240K, used 54604K [0x00000000e0000000, 0x00000000e4880000, 0x00000000f5580000)
  object space 74240K, 73% used [0x00000000e0000000,0x00000000e35531f8,0x00000000e4880000)
 Metaspace       used 93383K, capacity 100638K, committed 100864K, reserved 1136640K
  class space    used 11375K, capacity 13564K, committed 13568K, reserved 1048576K
}
Event: 853.572 GC heap before
{Heap before GC invocations=56 (full 10):
 PSYoungGen      total 93184K, used 5378K [0x00000000f5580000, 0x00000000fbe80000, 0x0000000100000000)
  eden space 79872K, 0% used [0x00000000f5580000,0x00000000f5580000,0x00000000fa380000)
  from space 13312K, 40% used [0x00000000fb180000,0x00000000fb6c0ab0,0x00000000fbe80000)
  to   space 13824K, 0% used [0x00000000fa380000,0x00000000fa380000,0x00000000fb100000)
 ParOldGen       total 74240K, used 54604K [0x00000000e0000000, 0x00000000e4880000, 0x00000000f5580000)
  object space 74240K, 73% used [0x00000000e0000000,0x00000000e35531f8,0x00000000e4880000)
 Metaspace       used 93383K, capacity 100638K, committed 100864K, reserved 1136640K
  class space    used 11375K, capacity 13564K, committed 13568K, reserved 1048576K
Event: 853.843 GC heap after
Heap after GC invocations=56 (full 10):
 PSYoungGen      total 93184K, used 0K [0x00000000f5580000, 0x00000000fbe80000, 0x0000000100000000)
  eden space 79872K, 0% used [0x00000000f5580000,0x00000000f5580000,0x00000000fa380000)
  from space 13312K, 0% used [0x00000000fb180000,0x00000000fb180000,0x00000000fbe80000)
  to   space 13824K, 0% used [0x00000000fa380000,0x00000000fa380000,0x00000000fb100000)
 ParOldGen       total 74240K, used 51149K [0x00000000e0000000, 0x00000000e4880000, 0x00000000f5580000)
  object space 74240K, 68% used [0x00000000e0000000,0x00000000e31f37f0,0x00000000e4880000)
 Metaspace       used 93366K, capacity 100608K, committed 100864K, reserved 1136640K
  class space    used 11373K, capacity 13559K, committed 13568K, reserved 1048576K
}

