# JRE version: Java(TM) SE Runtime Environment (8.0_45-b15) (build 1.8.0_45-b15)
# Java VM: Java HotSpot(TM) 64-Bit Server VM (25.45-b02 mixed mode windows-amd64 compressed oops)
Heap:
 PSYoungGen      total 106496K, used 51279K [0x00000000f5580000, 0x00000000fdc80000, 0x0000000100000000)
  eden space 77824K, 37% used [0x00000000f5580000,0x00000000f71d6220,0x00000000fa180000)
  from space 28672K, 77% used [0x00000000fbf00000,0x00000000fd4bda78,0x00000000fdb00000)
  to   space 30208K, 0% used [0x00000000fa180000,0x00000000fa180000,0x00000000fbf00000)
 ParOldGen       total 116224K, used 42330K [0x00000000e0000000, 0x00000000e7180000, 0x00000000f5580000)
  object space 116224K, 36% used [0x00000000e0000000,0x00000000e2956bc8,0x00000000e7180000)
 Metaspace       used 82461K, capacity 89220K, committed 89472K, reserved 1126400K
  class space    used 10316K, capacity 12358K, committed 12416K, reserved 1048576K
GC Heap History (10 events):
Event: 4.761 GC heap before
{Heap before GC invocations=13 (full 3):
 PSYoungGen      total 74752K, used 58367K [0x00000000f5580000, 0x00000000fc380000, 0x0000000100000000)
  eden space 58368K, 99% used [0x00000000f5580000,0x00000000f8e7ffa8,0x00000000f8e80000)
  from space 16384K, 0% used [0x00000000f8e80000,0x00000000f8e80000,0x00000000f9e80000)
  to   space 20992K, 0% used [0x00000000faf00000,0x00000000faf00000,0x00000000fc380000)
 ParOldGen       total 116224K, used 42204K [0x00000000e0000000, 0x00000000e7180000, 0x00000000f5580000)
  object space 116224K, 36% used [0x00000000e0000000,0x00000000e2937030,0x00000000e7180000)
 Metaspace       used 62144K, capacity 67290K, committed 67456K, reserved 1107968K
  class space    used 7753K, capacity 9254K, committed 9344K, reserved 1048576K
Event: 4.770 GC heap after
Heap after GC invocations=13 (full 3):
 PSYoungGen      total 85504K, used 12836K [0x00000000f5580000, 0x00000000fc080000, 0x0000000100000000)
  eden space 67584K, 0% used [0x00000000f5580000,0x00000000f5580000,0x00000000f9780000)
  from space 17920K, 71% used [0x00000000faf00000,0x00000000fbb89130,0x00000000fc080000)
  to   space 20992K, 0% used [0x00000000f9780000,0x00000000f9780000,0x00000000fac00000)
 ParOldGen       total 116224K, used 42212K [0x00000000e0000000, 0x00000000e7180000, 0x00000000f5580000)
  object space 116224K, 36% used [0x00000000e0000000,0x00000000e2939030,0x00000000e7180000)
 Metaspace       used 62144K, capacity 67290K, committed 67456K, reserved 1107968K
  class space    used 7753K, capacity 9254K, committed 9344K, reserved 1048576K
}
Event: 14.733 GC heap before
{Heap before GC invocations=14 (full 3):
 PSYoungGen      total 85504K, used 80420K [0x00000000f5580000, 0x00000000fc080000, 0x0000000100000000)
  eden space 67584K, 100% used [0x00000000f5580000,0x00000000f9780000,0x00000000f9780000)
  from space 17920K, 71% used [0x00000000faf00000,0x00000000fbb89130,0x00000000fc080000)
  to   space 20992K, 0% used [0x00000000f9780000,0x00000000f9780000,0x00000000fac00000)
 ParOldGen       total 116224K, used 42212K [0x00000000e0000000, 0x00000000e7180000, 0x00000000f5580000)
  object space 116224K, 36% used [0x00000000e0000000,0x00000000e2939030,0x00000000e7180000)
 Metaspace       used 70553K, capacity 76884K, committed 77056K, reserved 1116160K
  class space    used 8818K, capacity 10697K, committed 10752K, reserved 1048576K
Event: 14.747 GC heap after
Heap after GC invocations=14 (full 3):
 PSYoungGen      total 88576K, used 20989K [0x00000000f5580000, 0x00000000fcf00000, 0x0000000100000000)
  eden space 67584K, 0% used [0x00000000f5580000,0x00000000f5580000,0x00000000f9780000)
  from space 20992K, 99% used [0x00000000f9780000,0x00000000fabff600,0x00000000fac00000)
  to   space 24064K, 0% used [0x00000000fb780000,0x00000000fb780000,0x00000000fcf00000)
 ParOldGen       total 116224K, used 42306K [0x00000000e0000000, 0x00000000e7180000, 0x00000000f5580000)
  object space 116224K, 36% used [0x00000000e0000000,0x00000000e2950bc8,0x00000000e7180000)
 Metaspace       used 70553K, capacity 76884K, committed 77056K, reserved 1116160K
  class space    used 8818K, capacity 10697K, committed 10752K, reserved 1048576K
}
Event: 28.560 GC heap before
{Heap before GC invocations=15 (full 3):
 PSYoungGen      total 88576K, used 88573K [0x00000000f5580000, 0x00000000fcf00000, 0x0000000100000000)
  eden space 67584K, 100% used [0x00000000f5580000,0x00000000f9780000,0x00000000f9780000)
  from space 20992K, 99% used [0x00000000f9780000,0x00000000fabff600,0x00000000fac00000)
  to   space 24064K, 0% used [0x00000000fb780000,0x00000000fb780000,0x00000000fcf00000)
 ParOldGen       total 116224K, used 42306K [0x00000000e0000000, 0x00000000e7180000, 0x00000000f5580000)
  object space 116224K, 36% used [0x00000000e0000000,0x00000000e2950bc8,0x00000000e7180000)
 Metaspace       used 77419K, capacity 83914K, committed 84224K, reserved 1122304K
  class space    used 9844K, capacity 11965K, committed 12032K, reserved 1048576K
Event: 28.573 GC heap after
Heap after GC invocations=15 (full 3):
 PSYoungGen      total 97280K, used 23347K [0x00000000f5580000, 0x00000000fd380000, 0x0000000100000000)
  eden space 73216K, 0% used [0x00000000f5580000,0x00000000f5580000,0x00000000f9d00000)
  from space 24064K, 97% used [0x00000000fb780000,0x00000000fce4cf10,0x00000000fcf00000)
  to   space 27136K, 0% used [0x00000000f9d00000,0x00000000f9d00000,0x00000000fb780000)
 ParOldGen       total 116224K, used 42314K [0x00000000e0000000, 0x00000000e7180000, 0x00000000f5580000)
  object space 116224K, 36% used [0x00000000e0000000,0x00000000e2952bc8,0x00000000e7180000)
 Metaspace       used 77419K, capacity 83914K, committed 84224K, reserved 1122304K
  class space    used 9844K, capacity 11965K, committed 12032K, reserved 1048576K
}
Event: 65.559 GC heap before
{Heap before GC invocations=16 (full 3):
 PSYoungGen      total 97280K, used 96563K [0x00000000f5580000, 0x00000000fd380000, 0x0000000100000000)
  eden space 73216K, 100% used [0x00000000f5580000,0x00000000f9d00000,0x00000000f9d00000)
  from space 24064K, 97% used [0x00000000fb780000,0x00000000fce4cf10,0x00000000fcf00000)
  to   space 27136K, 0% used [0x00000000f9d00000,0x00000000f9d00000,0x00000000fb780000)
 ParOldGen       total 116224K, used 42314K [0x00000000e0000000, 0x00000000e7180000, 0x00000000f5580000)
  object space 116224K, 36% used [0x00000000e0000000,0x00000000e2952bc8,0x00000000e7180000)
 Metaspace       used 80126K, capacity 86598K, committed 86912K, reserved 1124352K
  class space    used 10104K, capacity 12129K, committed 12160K, reserved 1048576K
Event: 65.573 GC heap after
Heap after GC invocations=16 (full 3):
 PSYoungGen      total 100352K, used 20009K [0x00000000f5580000, 0x00000000fdb00000, 0x0000000100000000)
  eden space 73216K, 0% used [0x00000000f5580000,0x00000000f5580000,0x00000000f9d00000)
  from space 27136K, 73% used [0x00000000f9d00000,0x00000000fb08a6e0,0x00000000fb780000)
  to   space 28672K, 0% used [0x00000000fbf00000,0x00000000fbf00000,0x00000000fdb00000)
 ParOldGen       total 116224K, used 42322K [0x00000000e0000000, 0x00000000e7180000, 0x00000000f5580000)
  object space 116224K, 36% used [0x00000000e0000000,0x00000000e2954bc8,0x00000000e7180000)
 Metaspace       used 80126K, capacity 86598K, committed 86912K, reserved 1124352K
  class space    used 10104K, capacity 12129K, committed 12160K, reserved 1048576K
}
Event: 94.492 GC heap before
{Heap before GC invocations=17 (full 3):
 PSYoungGen      total 100352K, used 93225K [0x00000000f5580000, 0x00000000fdb00000, 0x0000000100000000)
  eden space 73216K, 100% used [0x00000000f5580000,0x00000000f9d00000,0x00000000f9d00000)
  from space 27136K, 73% used [0x00000000f9d00000,0x00000000fb08a6e0,0x00000000fb780000)
  to   space 28672K, 0% used [0x00000000fbf00000,0x00000000fbf00000,0x00000000fdb00000)
 ParOldGen       total 116224K, used 42322K [0x00000000e0000000, 0x00000000e7180000, 0x00000000f5580000)
  object space 116224K, 36% used [0x00000000e0000000,0x00000000e2954bc8,0x00000000e7180000)
 Metaspace       used 81215K, capacity 87794K, committed 88064K, reserved 1124352K
  class space    used 10187K, capacity 12227K, committed 12288K, reserved 1048576K
Event: 94.504 GC heap after
Heap after GC invocations=17 (full 3):
 PSYoungGen      total 106496K, used 22262K [0x00000000f5580000, 0x00000000fdc80000, 0x0000000100000000)
  eden space 77824K, 0% used [0x00000000f5580000,0x00000000f5580000,0x00000000fa180000)
  from space 28672K, 77% used [0x00000000fbf00000,0x00000000fd4bda78,0x00000000fdb00000)
  to   space 30208K, 0% used [0x00000000fa180000,0x00000000fa180000,0x00000000fbf00000)
 ParOldGen       total 116224K, used 42330K [0x00000000e0000000, 0x00000000e7180000, 0x00000000f5580000)
  object space 116224K, 36% used [0x00000000e0000000,0x00000000e2956bc8,0x00000000e7180000)
 Metaspace       used 81215K, capacity 87794K, committed 88064K, reserved 1124352K
  class space    used 10187K, capacity 12227K, committed 12288K, reserved 1048576K
}

