# JRE version: Java(TM) SE Runtime Environment (8.0_45-b15) (build 1.8.0_45-b15)
# Java VM: Java HotSpot(TM) 64-Bit Server VM (25.45-b02 mixed mode windows-amd64 compressed oops)
Heap:
 PSYoungGen      total 58880K, used 30202K [0x00000000f5580000, 0x00000000faa80000, 0x0000000100000000)
  eden space 49152K, 42% used [0x00000000f5580000,0x00000000f69b96c8,0x00000000f8580000)
  from space 9728K, 97% used [0x00000000f8700000,0x00000000f90452c8,0x00000000f9080000)
  to   space 18944K, 0% used [0x00000000f9800000,0x00000000f9800000,0x00000000faa80000)
 ParOldGen       total 71680K, used 56234K [0x00000000e0000000, 0x00000000e4600000, 0x00000000f5580000)
  object space 71680K, 78% used [0x00000000e0000000,0x00000000e36ea9e8,0x00000000e4600000)
 Metaspace       used 91844K, capacity 98936K, committed 99200K, reserved 1134592K
  class space    used 11161K, capacity 13393K, committed 13440K, reserved 1048576K
GC Heap History (10 events):
Event: 451.622 GC heap before
{Heap before GC invocations=41 (full 4):
 PSYoungGen      total 77312K, used 71458K [0x00000000f5580000, 0x00000000fb800000, 0x0000000100000000)
  eden space 56832K, 100% used [0x00000000f5580000,0x00000000f8d00000,0x00000000f8d00000)
  from space 20480K, 71% used [0x00000000fa400000,0x00000000fb2488f8,0x00000000fb800000)
  to   space 22016K, 0% used [0x00000000f8d00000,0x00000000f8d00000,0x00000000fa280000)
 ParOldGen       total 71680K, used 52538K [0x00000000e0000000, 0x00000000e4600000, 0x00000000f5580000)
  object space 71680K, 73% used [0x00000000e0000000,0x00000000e334e950,0x00000000e4600000)
 Metaspace       used 90926K, capacity 98074K, committed 98432K, reserved 1134592K
  class space    used 11104K, capacity 13324K, committed 13440K, reserved 1048576K
Event: 451.630 GC heap after
Heap after GC invocations=41 (full 4):
 PSYoungGen      total 68096K, used 12544K [0x00000000f5580000, 0x00000000fb580000, 0x0000000100000000)
  eden space 55296K, 0% used [0x00000000f5580000,0x00000000f5580000,0x00000000f8b80000)
  from space 12800K, 98% used [0x00000000f8d00000,0x00000000f99400b8,0x00000000f9980000)
  to   space 21504K, 0% used [0x00000000fa080000,0x00000000fa080000,0x00000000fb580000)
 ParOldGen       total 71680K, used 53282K [0x00000000e0000000, 0x00000000e4600000, 0x00000000f5580000)
  object space 71680K, 74% used [0x00000000e0000000,0x00000000e3408850,0x00000000e4600000)
 Metaspace       used 90926K, capacity 98074K, committed 98432K, reserved 1134592K
  class space    used 11104K, capacity 13324K, committed 13440K, reserved 1048576K
}
Event: 463.195 GC heap before
{Heap before GC invocations=42 (full 4):
 PSYoungGen      total 68096K, used 67840K [0x00000000f5580000, 0x00000000fb580000, 0x0000000100000000)
  eden space 55296K, 100% used [0x00000000f5580000,0x00000000f8b80000,0x00000000f8b80000)
  from space 12800K, 98% used [0x00000000f8d00000,0x00000000f99400b8,0x00000000f9980000)
  to   space 21504K, 0% used [0x00000000fa080000,0x00000000fa080000,0x00000000fb580000)
 ParOldGen       total 71680K, used 53282K [0x00000000e0000000, 0x00000000e4600000, 0x00000000f5580000)
  object space 71680K, 74% used [0x00000000e0000000,0x00000000e3408850,0x00000000e4600000)
 Metaspace       used 91028K, capacity 98208K, committed 98688K, reserved 1134592K
  class space    used 11106K, capacity 13325K, committed 13440K, reserved 1048576K
Event: 463.205 GC heap after
Heap after GC invocations=42 (full 4):
 PSYoungGen      total 72704K, used 12990K [0x00000000f5580000, 0x00000000fb300000, 0x0000000100000000)
  eden space 53760K, 0% used [0x00000000f5580000,0x00000000f5580000,0x00000000f8a00000)
  from space 18944K, 68% used [0x00000000fa080000,0x00000000fad2fa58,0x00000000fb300000)
  to   space 20992K, 0% used [0x00000000f8a00000,0x00000000f8a00000,0x00000000f9e80000)
 ParOldGen       total 71680K, used 53709K [0x00000000e0000000, 0x00000000e4600000, 0x00000000f5580000)
  object space 71680K, 74% used [0x00000000e0000000,0x00000000e3473640,0x00000000e4600000)
 Metaspace       used 91028K, capacity 98208K, committed 98688K, reserved 1134592K
  class space    used 11106K, capacity 13325K, committed 13440K, reserved 1048576K
}
Event: 472.639 GC heap before
{Heap before GC invocations=43 (full 4):
 PSYoungGen      total 72704K, used 66750K [0x00000000f5580000, 0x00000000fb300000, 0x0000000100000000)
  eden space 53760K, 100% used [0x00000000f5580000,0x00000000f8a00000,0x00000000f8a00000)
  from space 18944K, 68% used [0x00000000fa080000,0x00000000fad2fa58,0x00000000fb300000)
  to   space 20992K, 0% used [0x00000000f8a00000,0x00000000f8a00000,0x00000000f9e80000)
 ParOldGen       total 71680K, used 53709K [0x00000000e0000000, 0x00000000e4600000, 0x00000000f5580000)
  object space 71680K, 74% used [0x00000000e0000000,0x00000000e3473640,0x00000000e4600000)
 Metaspace       used 91164K, capacity 98284K, committed 98688K, reserved 1134592K
  class space    used 11107K, capacity 13327K, committed 13440K, reserved 1048576K
Event: 472.646 GC heap after
Heap after GC invocations=43 (full 4):
 PSYoungGen      total 64000K, used 11725K [0x00000000f5580000, 0x00000000faf80000, 0x0000000100000000)
  eden space 52224K, 0% used [0x00000000f5580000,0x00000000f5580000,0x00000000f8880000)
  from space 11776K, 99% used [0x00000000f8a00000,0x00000000f9573668,0x00000000f9580000)
  to   space 19968K, 0% used [0x00000000f9c00000,0x00000000f9c00000,0x00000000faf80000)
 ParOldGen       total 71680K, used 54125K [0x00000000e0000000, 0x00000000e4600000, 0x00000000f5580000)
  object space 71680K, 75% used [0x00000000e0000000,0x00000000e34db640,0x00000000e4600000)
 Metaspace       used 91164K, capacity 98284K, committed 98688K, reserved 1134592K
  class space    used 11107K, capacity 13327K, committed 13440K, reserved 1048576K
}
Event: 477.543 GC heap before
{Heap before GC invocations=44 (full 4):
 PSYoungGen      total 64000K, used 63949K [0x00000000f5580000, 0x00000000faf80000, 0x0000000100000000)
  eden space 52224K, 100% used [0x00000000f5580000,0x00000000f8880000,0x00000000f8880000)
  from space 11776K, 99% used [0x00000000f8a00000,0x00000000f9573668,0x00000000f9580000)
  to   space 19968K, 0% used [0x00000000f9c00000,0x00000000f9c00000,0x00000000faf80000)
 ParOldGen       total 71680K, used 54125K [0x00000000e0000000, 0x00000000e4600000, 0x00000000f5580000)
  object space 71680K, 75% used [0x00000000e0000000,0x00000000e34db640,0x00000000e4600000)
 Metaspace       used 91245K, capacity 98348K, committed 98688K, reserved 1134592K
  class space    used 11107K, capacity 13327K, committed 13440K, reserved 1048576K
Event: 477.556 GC heap after
Heap after GC invocations=44 (full 4):
 PSYoungGen      total 68096K, used 10814K [0x00000000f5580000, 0x00000000fad00000, 0x0000000100000000)
  eden space 50688K, 0% used [0x00000000f5580000,0x00000000f5580000,0x00000000f8700000)
  from space 17408K, 62% used [0x00000000f9c00000,0x00000000fa68fb50,0x00000000fad00000)
  to   space 19456K, 0% used [0x00000000f8700000,0x00000000f8700000,0x00000000f9a00000)
 ParOldGen       total 71680K, used 55197K [0x00000000e0000000, 0x00000000e4600000, 0x00000000f5580000)
  object space 71680K, 77% used [0x00000000e0000000,0x00000000e35e7660,0x00000000e4600000)
 Metaspace       used 91245K, capacity 98348K, committed 98688K, reserved 1134592K
  class space    used 11107K, capacity 13327K, committed 13440K, reserved 1048576K
}
Event: 497.044 GC heap before
{Heap before GC invocations=45 (full 4):
 PSYoungGen      total 68096K, used 61502K [0x00000000f5580000, 0x00000000fad00000, 0x0000000100000000)
  eden space 50688K, 100% used [0x00000000f5580000,0x00000000f8700000,0x00000000f8700000)
  from space 17408K, 62% used [0x00000000f9c00000,0x00000000fa68fb50,0x00000000fad00000)
  to   space 19456K, 0% used [0x00000000f8700000,0x00000000f8700000,0x00000000f9a00000)
 ParOldGen       total 71680K, used 55197K [0x00000000e0000000, 0x00000000e4600000, 0x00000000f5580000)
  object space 71680K, 77% used [0x00000000e0000000,0x00000000e35e7660,0x00000000e4600000)
 Metaspace       used 91385K, capacity 98540K, committed 98944K, reserved 1134592K
  class space    used 11117K, capacity 13327K, committed 13440K, reserved 1048576K
Event: 497.051 GC heap after
Heap after GC invocations=45 (full 4):
 PSYoungGen      total 58880K, used 9492K [0x00000000f5580000, 0x00000000faa80000, 0x0000000100000000)
  eden space 49152K, 0% used [0x00000000f5580000,0x00000000f5580000,0x00000000f8580000)
  from space 9728K, 97% used [0x00000000f8700000,0x00000000f90452c8,0x00000000f9080000)
  to   space 18944K, 0% used [0x00000000f9800000,0x00000000f9800000,0x00000000faa80000)
 ParOldGen       total 71680K, used 56234K [0x00000000e0000000, 0x00000000e4600000, 0x00000000f5580000)
  object space 71680K, 78% used [0x00000000e0000000,0x00000000e36ea9e8,0x00000000e4600000)
 Metaspace       used 91385K, capacity 98540K, committed 98944K, reserved 1134592K
  class space    used 11117K, capacity 13327K, committed 13440K, reserved 1048576K
}

