# JRE version: Java(TM) SE Runtime Environment (8.0_45-b15) (build 1.8.0_45-b15)
# Java VM: Java HotSpot(TM) 64-Bit Server VM (25.45-b02 mixed mode windows-amd64 compressed oops)
Heap:
 PSYoungGen      total 146944K, used 45187K [0x00000000f5580000, 0x00000000fe680000, 0x0000000100000000)
  eden space 145408K, 31% used [0x00000000f5580000,0x00000000f81a0f88,0x00000000fe380000)
  from space 1536K, 0% used [0x00000000fe380000,0x00000000fe380000,0x00000000fe500000)
  to   space 1536K, 0% used [0x00000000fe500000,0x00000000fe500000,0x00000000fe680000)
 ParOldGen       total 75264K, used 50193K [0x00000000e0000000, 0x00000000e4980000, 0x00000000f5580000)
  object space 75264K, 66% used [0x00000000e0000000,0x00000000e3104578,0x00000000e4980000)
 Metaspace       used 102291K, capacity 109188K, committed 109568K, reserved 1144832K
  class space    used 12024K, capacity 14211K, committed 14336K, reserved 1048576K
GC Heap History (10 events):
Event: 29578.640 GC heap before
{Heap before GC invocations=1154 (full 471):
 PSYoungGen      total 146944K, used 192K [0x00000000f5580000, 0x00000000fe680000, 0x0000000100000000)
  eden space 145408K, 0% used [0x00000000f5580000,0x00000000f5580000,0x00000000fe380000)
  from space 1536K, 12% used [0x00000000fe380000,0x00000000fe3b0000,0x00000000fe500000)
  to   space 1536K, 0% used [0x00000000fe500000,0x00000000fe500000,0x00000000fe680000)
 ParOldGen       total 75264K, used 50193K [0x00000000e0000000, 0x00000000e4980000, 0x00000000f5580000)
  object space 75264K, 66% used [0x00000000e0000000,0x00000000e31045d0,0x00000000e4980000)
 Metaspace       used 101724K, capacity 108594K, committed 108928K, reserved 1144832K
  class space    used 11961K, capacity 14144K, committed 14208K, reserved 1048576K
Event: 29578.757 GC heap after
Heap after GC invocations=1154 (full 471):
 PSYoungGen      total 146944K, used 0K [0x00000000f5580000, 0x00000000fe680000, 0x0000000100000000)
  eden space 145408K, 0% used [0x00000000f5580000,0x00000000f5580000,0x00000000fe380000)
  from space 1536K, 0% used [0x00000000fe380000,0x00000000fe380000,0x00000000fe500000)
  to   space 1536K, 0% used [0x00000000fe500000,0x00000000fe500000,0x00000000fe680000)
 ParOldGen       total 75264K, used 50193K [0x00000000e0000000, 0x00000000e4980000, 0x00000000f5580000)
  object space 75264K, 66% used [0x00000000e0000000,0x00000000e31045d0,0x00000000e4980000)
 Metaspace       used 101724K, capacity 108594K, committed 108928K, reserved 1144832K
  class space    used 11961K, capacity 14144K, committed 14208K, reserved 1048576K
}
Event: 29638.640 GC heap before
{Heap before GC invocations=1155 (full 471):
 PSYoungGen      total 146944K, used 4928K [0x00000000f5580000, 0x00000000fe680000, 0x0000000100000000)
  eden space 145408K, 3% used [0x00000000f5580000,0x00000000f5a50390,0x00000000fe380000)
  from space 1536K, 0% used [0x00000000fe380000,0x00000000fe380000,0x00000000fe500000)
  to   space 1536K, 0% used [0x00000000fe500000,0x00000000fe500000,0x00000000fe680000)
 ParOldGen       total 75264K, used 50193K [0x00000000e0000000, 0x00000000e4980000, 0x00000000f5580000)
  object space 75264K, 66% used [0x00000000e0000000,0x00000000e31045d0,0x00000000e4980000)
 Metaspace       used 101724K, capacity 108594K, committed 108928K, reserved 1144832K
  class space    used 11961K, capacity 14144K, committed 14208K, reserved 1048576K
Event: 29638.644 GC heap after
Heap after GC invocations=1155 (full 471):
 PSYoungGen      total 146944K, used 192K [0x00000000f5580000, 0x00000000fe680000, 0x0000000100000000)
  eden space 145408K, 0% used [0x00000000f5580000,0x00000000f5580000,0x00000000fe380000)
  from space 1536K, 12% used [0x00000000fe500000,0x00000000fe530000,0x00000000fe680000)
  to   space 1536K, 0% used [0x00000000fe380000,0x00000000fe380000,0x00000000fe500000)
 ParOldGen       total 75264K, used 50193K [0x00000000e0000000, 0x00000000e4980000, 0x00000000f5580000)
  object space 75264K, 66% used [0x00000000e0000000,0x00000000e31045d0,0x00000000e4980000)
 Metaspace       used 101724K, capacity 108594K, committed 108928K, reserved 1144832K
  class space    used 11961K, capacity 14144K, committed 14208K, reserved 1048576K
}
Event: 29638.644 GC heap before
{Heap before GC invocations=1156 (full 472):
 PSYoungGen      total 146944K, used 192K [0x00000000f5580000, 0x00000000fe680000, 0x0000000100000000)
  eden space 145408K, 0% used [0x00000000f5580000,0x00000000f5580000,0x00000000fe380000)
  from space 1536K, 12% used [0x00000000fe500000,0x00000000fe530000,0x00000000fe680000)
  to   space 1536K, 0% used [0x00000000fe380000,0x00000000fe380000,0x00000000fe500000)
 ParOldGen       total 75264K, used 50193K [0x00000000e0000000, 0x00000000e4980000, 0x00000000f5580000)
  object space 75264K, 66% used [0x00000000e0000000,0x00000000e31045d0,0x00000000e4980000)
 Metaspace       used 101724K, capacity 108594K, committed 108928K, reserved 1144832K
  class space    used 11961K, capacity 14144K, committed 14208K, reserved 1048576K
Event: 29638.767 GC heap after
Heap after GC invocations=1156 (full 472):
 PSYoungGen      total 146944K, used 0K [0x00000000f5580000, 0x00000000fe680000, 0x0000000100000000)
  eden space 145408K, 0% used [0x00000000f5580000,0x00000000f5580000,0x00000000fe380000)
  from space 1536K, 0% used [0x00000000fe500000,0x00000000fe500000,0x00000000fe680000)
  to   space 1536K, 0% used [0x00000000fe380000,0x00000000fe380000,0x00000000fe500000)
 ParOldGen       total 75264K, used 50193K [0x00000000e0000000, 0x00000000e4980000, 0x00000000f5580000)
  object space 75264K, 66% used [0x00000000e0000000,0x00000000e3104578,0x00000000e4980000)
 Metaspace       used 101724K, capacity 108594K, committed 108928K, reserved 1144832K
  class space    used 11961K, capacity 14144K, committed 14208K, reserved 1048576K
}
Event: 29698.649 GC heap before
{Heap before GC invocations=1157 (full 472):
 PSYoungGen      total 146944K, used 4908K [0x00000000f5580000, 0x00000000fe680000, 0x0000000100000000)
  eden space 145408K, 3% used [0x00000000f5580000,0x00000000f5a4b160,0x00000000fe380000)
  from space 1536K, 0% used [0x00000000fe500000,0x00000000fe500000,0x00000000fe680000)
  to   space 1536K, 0% used [0x00000000fe380000,0x00000000fe380000,0x00000000fe500000)
 ParOldGen       total 75264K, used 50193K [0x00000000e0000000, 0x00000000e4980000, 0x00000000f5580000)
  object space 75264K, 66% used [0x00000000e0000000,0x00000000e3104578,0x00000000e4980000)
 Metaspace       used 101724K, capacity 108594K, committed 108928K, reserved 1144832K
  class space    used 11961K, capacity 14144K, committed 14208K, reserved 1048576K
Event: 29698.651 GC heap after
Heap after GC invocations=1157 (full 472):
 PSYoungGen      total 146944K, used 160K [0x00000000f5580000, 0x00000000fe680000, 0x0000000100000000)
  eden space 145408K, 0% used [0x00000000f5580000,0x00000000f5580000,0x00000000fe380000)
  from space 1536K, 10% used [0x00000000fe380000,0x00000000fe3a8000,0x00000000fe500000)
  to   space 1536K, 0% used [0x00000000fe500000,0x00000000fe500000,0x00000000fe680000)
 ParOldGen       total 75264K, used 50193K [0x00000000e0000000, 0x00000000e4980000, 0x00000000f5580000)
  object space 75264K, 66% used [0x00000000e0000000,0x00000000e3104578,0x00000000e4980000)
 Metaspace       used 101724K, capacity 108594K, committed 108928K, reserved 1144832K
  class space    used 11961K, capacity 14144K, committed 14208K, reserved 1048576K
}
Event: 29698.651 GC heap before
{Heap before GC invocations=1158 (full 473):
 PSYoungGen      total 146944K, used 160K [0x00000000f5580000, 0x00000000fe680000, 0x0000000100000000)
  eden space 145408K, 0% used [0x00000000f5580000,0x00000000f5580000,0x00000000fe380000)
  from space 1536K, 10% used [0x00000000fe380000,0x00000000fe3a8000,0x00000000fe500000)
  to   space 1536K, 0% used [0x00000000fe500000,0x00000000fe500000,0x00000000fe680000)
 ParOldGen       total 75264K, used 50193K [0x00000000e0000000, 0x00000000e4980000, 0x00000000f5580000)
  object space 75264K, 66% used [0x00000000e0000000,0x00000000e3104578,0x00000000e4980000)
 Metaspace       used 101724K, capacity 108594K, committed 108928K, reserved 1144832K
  class space    used 11961K, capacity 14144K, committed 14208K, reserved 1048576K
Event: 29698.744 GC heap after
Heap after GC invocations=1158 (full 473):
 PSYoungGen      total 146944K, used 0K [0x00000000f5580000, 0x00000000fe680000, 0x0000000100000000)
  eden space 145408K, 0% used [0x00000000f5580000,0x00000000f5580000,0x00000000fe380000)
  from space 1536K, 0% used [0x00000000fe380000,0x00000000fe380000,0x00000000fe500000)
  to   space 1536K, 0% used [0x00000000fe500000,0x00000000fe500000,0x00000000fe680000)
 ParOldGen       total 75264K, used 50193K [0x00000000e0000000, 0x00000000e4980000, 0x00000000f5580000)
  object space 75264K, 66% used [0x00000000e0000000,0x00000000e3104578,0x00000000e4980000)
 Metaspace       used 101724K, capacity 108594K, committed 108928K, reserved 1144832K
  class space    used 11961K, capacity 14144K, committed 14208K, reserved 1048576K
}

