# JRE version: Java(TM) SE Runtime Environment (8.0_45-b15) (build 1.8.0_45-b15)
# Java VM: Java HotSpot(TM) 64-Bit Server VM (25.45-b02 mixed mode windows-amd64 compressed oops)
Heap:
 PSYoungGen      total 76288K, used 11498K [0x00000000f5580000, 0x00000000fa880000, 0x0000000100000000)
  eden space 67584K, 13% used [0x00000000f5580000,0x00000000f5e929e8,0x00000000f9780000)
  from space 8704K, 25% used [0x00000000fa000000,0x00000000fa227fe8,0x00000000fa880000)
  to   space 8704K, 0% used [0x00000000f9780000,0x00000000f9780000,0x00000000fa000000)
 ParOldGen       total 95232K, used 53192K [0x00000000e0000000, 0x00000000e5d00000, 0x00000000f5580000)
  object space 95232K, 55% used [0x00000000e0000000,0x00000000e33f2298,0x00000000e5d00000)
 Metaspace       used 99117K, capacity 106462K, committed 106752K, reserved 1142784K
  class space    used 11698K, capacity 13958K, committed 14080K, reserved 1048576K
GC Heap History (10 events):
Event: 2063.961 GC heap before
{Heap before GC invocations=117 (full 20):
 PSYoungGen      total 74240K, used 70400K [0x00000000f5580000, 0x00000000fa680000, 0x0000000100000000)
  eden space 66560K, 100% used [0x00000000f5580000,0x00000000f9680000,0x00000000f9680000)
  from space 7680K, 50% used [0x00000000f9f00000,0x00000000fa2c0000,0x00000000fa680000)
  to   space 8192K, 0% used [0x00000000f9680000,0x00000000f9680000,0x00000000f9e80000)
 ParOldGen       total 95232K, used 51139K [0x00000000e0000000, 0x00000000e5d00000, 0x00000000f5580000)
  object space 95232K, 53% used [0x00000000e0000000,0x00000000e31f0ca0,0x00000000e5d00000)
 Metaspace       used 98395K, capacity 105774K, committed 106112K, reserved 1140736K
  class space    used 11630K, capacity 13860K, committed 13952K, reserved 1048576K
Event: 2063.965 GC heap after
Heap after GC invocations=117 (full 20):
 PSYoungGen      total 74752K, used 5774K [0x00000000f5580000, 0x00000000fa800000, 0x0000000100000000)
  eden space 66560K, 0% used [0x00000000f5580000,0x00000000f5580000,0x00000000f9680000)
  from space 8192K, 70% used [0x00000000f9680000,0x00000000f9c238e0,0x00000000f9e80000)
  to   space 8704K, 0% used [0x00000000f9f80000,0x00000000f9f80000,0x00000000fa800000)
 ParOldGen       total 95232K, used 51139K [0x00000000e0000000, 0x00000000e5d00000, 0x00000000f5580000)
  object space 95232K, 53% used [0x00000000e0000000,0x00000000e31f0ca0,0x00000000e5d00000)
 Metaspace       used 98395K, capacity 105774K, committed 106112K, reserved 1140736K
  class space    used 11630K, capacity 13860K, committed 13952K, reserved 1048576K
}
Event: 2092.991 GC heap before
{Heap before GC invocations=118 (full 20):
 PSYoungGen      total 74752K, used 27039K [0x00000000f5580000, 0x00000000fa800000, 0x0000000100000000)
  eden space 66560K, 31% used [0x00000000f5580000,0x00000000f6a44490,0x00000000f9680000)
  from space 8192K, 70% used [0x00000000f9680000,0x00000000f9c238e0,0x00000000f9e80000)
  to   space 8704K, 0% used [0x00000000f9f80000,0x00000000f9f80000,0x00000000fa800000)
 ParOldGen       total 95232K, used 51139K [0x00000000e0000000, 0x00000000e5d00000, 0x00000000f5580000)
  object space 95232K, 53% used [0x00000000e0000000,0x00000000e31f0ca0,0x00000000e5d00000)
 Metaspace       used 98440K, capacity 105774K, committed 106112K, reserved 1140736K
  class space    used 11632K, capacity 13860K, committed 13952K, reserved 1048576K
Event: 2093.004 GC heap after
Heap after GC invocations=118 (full 20):
 PSYoungGen      total 75776K, used 5582K [0x00000000f5580000, 0x00000000fa800000, 0x0000000100000000)
  eden space 67072K, 0% used [0x00000000f5580000,0x00000000f5580000,0x00000000f9700000)
  from space 8704K, 64% used [0x00000000f9f80000,0x00000000fa4f3a10,0x00000000fa800000)
  to   space 8704K, 0% used [0x00000000f9700000,0x00000000f9700000,0x00000000f9f80000)
 ParOldGen       total 95232K, used 51139K [0x00000000e0000000, 0x00000000e5d00000, 0x00000000f5580000)
  object space 95232K, 53% used [0x00000000e0000000,0x00000000e31f0ca0,0x00000000e5d00000)
 Metaspace       used 98440K, capacity 105774K, committed 106112K, reserved 1140736K
  class space    used 11632K, capacity 13860K, committed 13952K, reserved 1048576K
}
Event: 2093.004 GC heap before
{Heap before GC invocations=119 (full 21):
 PSYoungGen      total 75776K, used 5582K [0x00000000f5580000, 0x00000000fa800000, 0x0000000100000000)
  eden space 67072K, 0% used [0x00000000f5580000,0x00000000f5580000,0x00000000f9700000)
  from space 8704K, 64% used [0x00000000f9f80000,0x00000000fa4f3a10,0x00000000fa800000)
  to   space 8704K, 0% used [0x00000000f9700000,0x00000000f9700000,0x00000000f9f80000)
 ParOldGen       total 95232K, used 51139K [0x00000000e0000000, 0x00000000e5d00000, 0x00000000f5580000)
  object space 95232K, 53% used [0x00000000e0000000,0x00000000e31f0ca0,0x00000000e5d00000)
 Metaspace       used 98440K, capacity 105774K, committed 106112K, reserved 1140736K
  class space    used 11632K, capacity 13860K, committed 13952K, reserved 1048576K
Event: 2093.244 GC heap after
Heap after GC invocations=119 (full 21):
 PSYoungGen      total 75776K, used 0K [0x00000000f5580000, 0x00000000fa800000, 0x0000000100000000)
  eden space 67072K, 0% used [0x00000000f5580000,0x00000000f5580000,0x00000000f9700000)
  from space 8704K, 0% used [0x00000000f9f80000,0x00000000f9f80000,0x00000000fa800000)
  to   space 8704K, 0% used [0x00000000f9700000,0x00000000f9700000,0x00000000f9f80000)
 ParOldGen       total 95232K, used 53192K [0x00000000e0000000, 0x00000000e5d00000, 0x00000000f5580000)
  object space 95232K, 55% used [0x00000000e0000000,0x00000000e33f2298,0x00000000e5d00000)
 Metaspace       used 98440K, capacity 105774K, committed 106112K, reserved 1140736K
  class space    used 11632K, capacity 13860K, committed 13952K, reserved 1048576K
}
Event: 2151.484 GC heap before
{Heap before GC invocations=120 (full 21):
 PSYoungGen      total 75776K, used 67072K [0x00000000f5580000, 0x00000000fa800000, 0x0000000100000000)
  eden space 67072K, 100% used [0x00000000f5580000,0x00000000f9700000,0x00000000f9700000)
  from space 8704K, 0% used [0x00000000f9f80000,0x00000000f9f80000,0x00000000fa800000)
  to   space 8704K, 0% used [0x00000000f9700000,0x00000000f9700000,0x00000000f9f80000)
 ParOldGen       total 95232K, used 53192K [0x00000000e0000000, 0x00000000e5d00000, 0x00000000f5580000)
  object space 95232K, 55% used [0x00000000e0000000,0x00000000e33f2298,0x00000000e5d00000)
 Metaspace       used 98500K, capacity 105844K, committed 106112K, reserved 1140736K
  class space    used 11633K, capacity 13861K, committed 13952K, reserved 1048576K
Event: 2151.488 GC heap after
Heap after GC invocations=120 (full 21):
 PSYoungGen      total 75776K, used 1911K [0x00000000f5580000, 0x00000000fa880000, 0x0000000100000000)
  eden space 67072K, 0% used [0x00000000f5580000,0x00000000f5580000,0x00000000f9700000)
  from space 8704K, 21% used [0x00000000f9700000,0x00000000f98ddc38,0x00000000f9f80000)
  to   space 8704K, 0% used [0x00000000fa000000,0x00000000fa000000,0x00000000fa880000)
 ParOldGen       total 95232K, used 53192K [0x00000000e0000000, 0x00000000e5d00000, 0x00000000f5580000)
  object space 95232K, 55% used [0x00000000e0000000,0x00000000e33f2298,0x00000000e5d00000)
 Metaspace       used 98500K, capacity 105844K, committed 106112K, reserved 1140736K
  class space    used 11633K, capacity 13861K, committed 13952K, reserved 1048576K
}
Event: 2191.564 GC heap before
{Heap before GC invocations=121 (full 21):
 PSYoungGen      total 75776K, used 68983K [0x00000000f5580000, 0x00000000fa880000, 0x0000000100000000)
  eden space 67072K, 100% used [0x00000000f5580000,0x00000000f9700000,0x00000000f9700000)
  from space 8704K, 21% used [0x00000000f9700000,0x00000000f98ddc38,0x00000000f9f80000)
  to   space 8704K, 0% used [0x00000000fa000000,0x00000000fa000000,0x00000000fa880000)
 ParOldGen       total 95232K, used 53192K [0x00000000e0000000, 0x00000000e5d00000, 0x00000000f5580000)
  object space 95232K, 55% used [0x00000000e0000000,0x00000000e33f2298,0x00000000e5d00000)
 Metaspace       used 98760K, capacity 106100K, committed 106368K, reserved 1142784K
  class space    used 11664K, capacity 13925K, committed 13952K, reserved 1048576K
Event: 2191.568 GC heap after
Heap after GC invocations=121 (full 21):
 PSYoungGen      total 76288K, used 2207K [0x00000000f5580000, 0x00000000fa880000, 0x0000000100000000)
  eden space 67584K, 0% used [0x00000000f5580000,0x00000000f5580000,0x00000000f9780000)
  from space 8704K, 25% used [0x00000000fa000000,0x00000000fa227fe8,0x00000000fa880000)
  to   space 8704K, 0% used [0x00000000f9780000,0x00000000f9780000,0x00000000fa000000)
 ParOldGen       total 95232K, used 53192K [0x00000000e0000000, 0x00000000e5d00000, 0x00000000f5580000)
  object space 95232K, 55% used [0x00000000e0000000,0x00000000e33f2298,0x00000000e5d00000)
 Metaspace       used 98760K, capacity 106100K, committed 106368K, reserved 1142784K
  class space    used 11664K, capacity 13925K, committed 13952K, reserved 1048576K
}

