# JRE version: Java(TM) SE Runtime Environment (8.0_45-b15) (build 1.8.0_45-b15)
# Java VM: Java HotSpot(TM) 64-Bit Server VM (25.45-b02 mixed mode windows-amd64 compressed oops)
Heap:
 PSYoungGen      total 52736K, used 20239K [0x00000000f5580000, 0x00000000f8f00000, 0x0000000100000000)
  eden space 47104K, 38% used [0x00000000f5580000,0x00000000f6744d78,0x00000000f8380000)
  from space 5632K, 36% used [0x00000000f8380000,0x00000000f857ef80,0x00000000f8900000)
  to   space 5632K, 0% used [0x00000000f8980000,0x00000000f8980000,0x00000000f8f00000)
 ParOldGen       total 73728K, used 60899K [0x00000000e0000000, 0x00000000e4800000, 0x00000000f5580000)
  object space 73728K, 82% used [0x00000000e0000000,0x00000000e3b78e98,0x00000000e4800000)
 Metaspace       used 100113K, capacity 107048K, committed 107264K, reserved 1142784K
  class space    used 11165K, capacity 13280K, committed 13312K, reserved 1048576K
GC Heap History (10 events):
Event: 27841.258 GC heap before
{Heap before GC invocations=1762 (full 199):
 PSYoungGen      total 52224K, used 48145K [0x00000000f5580000, 0x00000000f8f00000, 0x0000000100000000)
  eden space 46080K, 100% used [0x00000000f5580000,0x00000000f8280000,0x00000000f8280000)
  from space 6144K, 33% used [0x00000000f8880000,0x00000000f8a845f8,0x00000000f8e80000)
  to   space 6144K, 0% used [0x00000000f8280000,0x00000000f8280000,0x00000000f8880000)
 ParOldGen       total 73728K, used 60899K [0x00000000e0000000, 0x00000000e4800000, 0x00000000f5580000)
  object space 73728K, 82% used [0x00000000e0000000,0x00000000e3b78e98,0x00000000e4800000)
 Metaspace       used 99630K, capacity 106614K, committed 106880K, reserved 1142784K
  class space    used 11114K, capacity 13181K, committed 13184K, reserved 1048576K
Event: 27841.260 GC heap after
Heap after GC invocations=1762 (full 199):
 PSYoungGen      total 52224K, used 1025K [0x00000000f5580000, 0x00000000f8f00000, 0x0000000100000000)
  eden space 46080K, 0% used [0x00000000f5580000,0x00000000f5580000,0x00000000f8280000)
  from space 6144K, 16% used [0x00000000f8280000,0x00000000f83804f0,0x00000000f8880000)
  to   space 6144K, 0% used [0x00000000f8900000,0x00000000f8900000,0x00000000f8f00000)
 ParOldGen       total 73728K, used 60899K [0x00000000e0000000, 0x00000000e4800000, 0x00000000f5580000)
  object space 73728K, 82% used [0x00000000e0000000,0x00000000e3b78e98,0x00000000e4800000)
 Metaspace       used 99630K, capacity 106614K, committed 106880K, reserved 1142784K
  class space    used 11114K, capacity 13181K, committed 13184K, reserved 1048576K
}
Event: 27848.512 GC heap before
{Heap before GC invocations=1763 (full 199):
 PSYoungGen      total 52224K, used 47105K [0x00000000f5580000, 0x00000000f8f00000, 0x0000000100000000)
  eden space 46080K, 100% used [0x00000000f5580000,0x00000000f8280000,0x00000000f8280000)
  from space 6144K, 16% used [0x00000000f8280000,0x00000000f83804f0,0x00000000f8880000)
  to   space 6144K, 0% used [0x00000000f8900000,0x00000000f8900000,0x00000000f8f00000)
 ParOldGen       total 73728K, used 60899K [0x00000000e0000000, 0x00000000e4800000, 0x00000000f5580000)
  object space 73728K, 82% used [0x00000000e0000000,0x00000000e3b78e98,0x00000000e4800000)
 Metaspace       used 99630K, capacity 106614K, committed 106880K, reserved 1142784K
  class space    used 11114K, capacity 13181K, committed 13184K, reserved 1048576K
Event: 27848.515 GC heap after
Heap after GC invocations=1763 (full 199):
 PSYoungGen      total 51712K, used 2802K [0x00000000f5580000, 0x00000000f8e00000, 0x0000000100000000)
  eden space 46592K, 0% used [0x00000000f5580000,0x00000000f5580000,0x00000000f8300000)
  from space 5120K, 54% used [0x00000000f8900000,0x00000000f8bbc9b0,0x00000000f8e00000)
  to   space 5632K, 0% used [0x00000000f8300000,0x00000000f8300000,0x00000000f8880000)
 ParOldGen       total 73728K, used 60899K [0x00000000e0000000, 0x00000000e4800000, 0x00000000f5580000)
  object space 73728K, 82% used [0x00000000e0000000,0x00000000e3b78e98,0x00000000e4800000)
 Metaspace       used 99630K, capacity 106614K, committed 106880K, reserved 1142784K
  class space    used 11114K, capacity 13181K, committed 13184K, reserved 1048576K
}
Event: 27874.407 GC heap before
{Heap before GC invocations=1764 (full 199):
 PSYoungGen      total 51712K, used 49394K [0x00000000f5580000, 0x00000000f8e00000, 0x0000000100000000)
  eden space 46592K, 100% used [0x00000000f5580000,0x00000000f8300000,0x00000000f8300000)
  from space 5120K, 54% used [0x00000000f8900000,0x00000000f8bbc9b0,0x00000000f8e00000)
  to   space 5632K, 0% used [0x00000000f8300000,0x00000000f8300000,0x00000000f8880000)
 ParOldGen       total 73728K, used 60899K [0x00000000e0000000, 0x00000000e4800000, 0x00000000f5580000)
  object space 73728K, 82% used [0x00000000e0000000,0x00000000e3b78e98,0x00000000e4800000)
 Metaspace       used 99631K, capacity 106614K, committed 106880K, reserved 1142784K
  class space    used 11114K, capacity 13181K, committed 13184K, reserved 1048576K
Event: 27874.411 GC heap after
Heap after GC invocations=1764 (full 199):
 PSYoungGen      total 52224K, used 3403K [0x00000000f5580000, 0x00000000f8e80000, 0x0000000100000000)
  eden space 46592K, 0% used [0x00000000f5580000,0x00000000f5580000,0x00000000f8300000)
  from space 5632K, 60% used [0x00000000f8300000,0x00000000f8652f70,0x00000000f8880000)
  to   space 5632K, 0% used [0x00000000f8900000,0x00000000f8900000,0x00000000f8e80000)
 ParOldGen       total 73728K, used 60899K [0x00000000e0000000, 0x00000000e4800000, 0x00000000f5580000)
  object space 73728K, 82% used [0x00000000e0000000,0x00000000e3b78e98,0x00000000e4800000)
 Metaspace       used 99631K, capacity 106614K, committed 106880K, reserved 1142784K
  class space    used 11114K, capacity 13181K, committed 13184K, reserved 1048576K
}
Event: 27899.557 GC heap before
{Heap before GC invocations=1765 (full 199):
 PSYoungGen      total 52224K, used 49995K [0x00000000f5580000, 0x00000000f8e80000, 0x0000000100000000)
  eden space 46592K, 100% used [0x00000000f5580000,0x00000000f8300000,0x00000000f8300000)
  from space 5632K, 60% used [0x00000000f8300000,0x00000000f8652f70,0x00000000f8880000)
  to   space 5632K, 0% used [0x00000000f8900000,0x00000000f8900000,0x00000000f8e80000)
 ParOldGen       total 73728K, used 60899K [0x00000000e0000000, 0x00000000e4800000, 0x00000000f5580000)
  object space 73728K, 82% used [0x00000000e0000000,0x00000000e3b78e98,0x00000000e4800000)
 Metaspace       used 99631K, capacity 106614K, committed 106880K, reserved 1142784K
  class space    used 11114K, capacity 13181K, committed 13184K, reserved 1048576K
Event: 27899.561 GC heap after
Heap after GC invocations=1765 (full 199):
 PSYoungGen      total 52736K, used 3680K [0x00000000f5580000, 0x00000000f8e80000, 0x0000000100000000)
  eden space 47104K, 0% used [0x00000000f5580000,0x00000000f5580000,0x00000000f8380000)
  from space 5632K, 65% used [0x00000000f8900000,0x00000000f8c98380,0x00000000f8e80000)
  to   space 5632K, 0% used [0x00000000f8380000,0x00000000f8380000,0x00000000f8900000)
 ParOldGen       total 73728K, used 60899K [0x00000000e0000000, 0x00000000e4800000, 0x00000000f5580000)
  object space 73728K, 82% used [0x00000000e0000000,0x00000000e3b78e98,0x00000000e4800000)
 Metaspace       used 99631K, capacity 106614K, committed 106880K, reserved 1142784K
  class space    used 11114K, capacity 13181K, committed 13184K, reserved 1048576K
}
Event: 27934.269 GC heap before
{Heap before GC invocations=1766 (full 199):
 PSYoungGen      total 52736K, used 50784K [0x00000000f5580000, 0x00000000f8e80000, 0x0000000100000000)
  eden space 47104K, 100% used [0x00000000f5580000,0x00000000f8380000,0x00000000f8380000)
  from space 5632K, 65% used [0x00000000f8900000,0x00000000f8c98380,0x00000000f8e80000)
  to   space 5632K, 0% used [0x00000000f8380000,0x00000000f8380000,0x00000000f8900000)
 ParOldGen       total 73728K, used 60899K [0x00000000e0000000, 0x00000000e4800000, 0x00000000f5580000)
  object space 73728K, 82% used [0x00000000e0000000,0x00000000e3b78e98,0x00000000e4800000)
 Metaspace       used 99701K, capacity 106626K, committed 106880K, reserved 1142784K
  class space    used 11124K, capacity 13183K, committed 13184K, reserved 1048576K
Event: 27934.273 GC heap after
Heap after GC invocations=1766 (full 199):
 PSYoungGen      total 52736K, used 2043K [0x00000000f5580000, 0x00000000f8f00000, 0x0000000100000000)
  eden space 47104K, 0% used [0x00000000f5580000,0x00000000f5580000,0x00000000f8380000)
  from space 5632K, 36% used [0x00000000f8380000,0x00000000f857ef80,0x00000000f8900000)
  to   space 5632K, 0% used [0x00000000f8980000,0x00000000f8980000,0x00000000f8f00000)
 ParOldGen       total 73728K, used 60899K [0x00000000e0000000, 0x00000000e4800000, 0x00000000f5580000)
  object space 73728K, 82% used [0x00000000e0000000,0x00000000e3b78e98,0x00000000e4800000)
 Metaspace       used 99701K, capacity 106626K, committed 106880K, reserved 1142784K
  class space    used 11124K, capacity 13183K, committed 13184K, reserved 1048576K
}

