# JRE version: Java(TM) SE Runtime Environment (8.0_25-b18) (build 1.8.0_25-b18)
# Java VM: Java HotSpot(TM) 64-Bit Server VM (25.25-b02 mixed mode windows-amd64 compressed oops)
Heap:
 PSYoungGen      total 62464K, used 38063K [0x00000000f5580000, 0x00000000fb000000, 0x0000000100000000)
  eden space 49152K, 77% used [0x00000000f5580000,0x00000000f7aabf98,0x00000000f8580000)
  from space 13312K, 0% used [0x00000000f8580000,0x00000000f8580000,0x00000000f9280000)
  to   space 13824K, 0% used [0x00000000fa280000,0x00000000fa280000,0x00000000fb000000)
 ParOldGen       total 62976K, used 26740K [0x00000000e0000000, 0x00000000e3d80000, 0x00000000f5580000)
  object space 62976K, 42% used [0x00000000e0000000,0x00000000e1a1d2a8,0x00000000e3d80000)
 Metaspace       used 59193K, capacity 64058K, committed 64256K, reserved 1103872K
  class space    used 7346K, capacity 8909K, committed 8960K, reserved 1048576K
GC Heap History (10 events):
Event: 18.581 GC heap before
{Heap before GC invocations=12 (full 2):
 PSYoungGen      total 39936K, used 27136K [0x00000000f5580000, 0x00000000f9600000, 0x0000000100000000)
  eden space 27136K, 100% used [0x00000000f5580000,0x00000000f7000000,0x00000000f7000000)
  from space 12800K, 0% used [0x00000000f7000000,0x00000000f7000000,0x00000000f7c80000)
  to   space 12288K, 0% used [0x00000000f8a00000,0x00000000f8a00000,0x00000000f9600000)
 ParOldGen       total 48128K, used 17503K [0x00000000e0000000, 0x00000000e2f00000, 0x00000000f5580000)
  object space 48128K, 36% used [0x00000000e0000000,0x00000000e1117e80,0x00000000e2f00000)
 Metaspace       used 37077K, capacity 40290K, committed 40448K, reserved 1083392K
  class space    used 4580K, capacity 5554K, committed 5632K, reserved 1048576K
Event: 18.606 GC heap after
Heap after GC invocations=12 (full 2):
 PSYoungGen      total 45568K, used 6014K [0x00000000f5580000, 0x00000000f9200000, 0x0000000100000000)
  eden space 37376K, 0% used [0x00000000f5580000,0x00000000f5580000,0x00000000f7a00000)
  from space 8192K, 73% used [0x00000000f8a00000,0x00000000f8fdf9d8,0x00000000f9200000)
  to   space 12288K, 0% used [0x00000000f7a00000,0x00000000f7a00000,0x00000000f8600000)
 ParOldGen       total 48128K, used 17511K [0x00000000e0000000, 0x00000000e2f00000, 0x00000000f5580000)
  object space 48128K, 36% used [0x00000000e0000000,0x00000000e1119e80,0x00000000e2f00000)
 Metaspace       used 37077K, capacity 40290K, committed 40448K, reserved 1083392K
  class space    used 4580K, capacity 5554K, committed 5632K, reserved 1048576K
}
Event: 21.386 GC heap before
{Heap before GC invocations=13 (full 2):
 PSYoungGen      total 45568K, used 43390K [0x00000000f5580000, 0x00000000f9200000, 0x0000000100000000)
  eden space 37376K, 100% used [0x00000000f5580000,0x00000000f7a00000,0x00000000f7a00000)
  from space 8192K, 73% used [0x00000000f8a00000,0x00000000f8fdf9d8,0x00000000f9200000)
  to   space 12288K, 0% used [0x00000000f7a00000,0x00000000f7a00000,0x00000000f8600000)
 ParOldGen       total 48128K, used 17511K [0x00000000e0000000, 0x00000000e2f00000, 0x00000000f5580000)
  object space 48128K, 36% used [0x00000000e0000000,0x00000000e1119e80,0x00000000e2f00000)
 Metaspace       used 44475K, capacity 48414K, committed 48640K, reserved 1091584K
  class space    used 5531K, capacity 6828K, committed 6912K, reserved 1048576K
Event: 21.402 GC heap after
Heap after GC invocations=13 (full 2):
 PSYoungGen      total 49664K, used 9875K [0x00000000f5580000, 0x00000000fa000000, 0x0000000100000000)
  eden space 37376K, 0% used [0x00000000f5580000,0x00000000f5580000,0x00000000f7a00000)
  from space 12288K, 80% used [0x00000000f7a00000,0x00000000f83a4d18,0x00000000f8600000)
  to   space 12800K, 0% used [0x00000000f9380000,0x00000000f9380000,0x00000000fa000000)
 ParOldGen       total 48128K, used 19516K [0x00000000e0000000, 0x00000000e2f00000, 0x00000000f5580000)
  object space 48128K, 40% used [0x00000000e0000000,0x00000000e130f3c8,0x00000000e2f00000)
 Metaspace       used 44475K, capacity 48414K, committed 48640K, reserved 1091584K
  class space    used 5531K, capacity 6828K, committed 6912K, reserved 1048576K
}
Event: 52.153 GC heap before
{Heap before GC invocations=14 (full 2):
 PSYoungGen      total 49664K, used 47251K [0x00000000f5580000, 0x00000000fa000000, 0x0000000100000000)
  eden space 37376K, 100% used [0x00000000f5580000,0x00000000f7a00000,0x00000000f7a00000)
  from space 12288K, 80% used [0x00000000f7a00000,0x00000000f83a4d18,0x00000000f8600000)
  to   space 12800K, 0% used [0x00000000f9380000,0x00000000f9380000,0x00000000fa000000)
 ParOldGen       total 48128K, used 19516K [0x00000000e0000000, 0x00000000e2f00000, 0x00000000f5580000)
  object space 48128K, 40% used [0x00000000e0000000,0x00000000e130f3c8,0x00000000e2f00000)
 Metaspace       used 53281K, capacity 57778K, committed 57984K, reserved 1099776K
  class space    used 6665K, capacity 8034K, committed 8064K, reserved 1048576K
Event: 52.166 GC heap after
Heap after GC invocations=14 (full 2):
 PSYoungGen      total 61440K, used 10668K [0x00000000f5580000, 0x00000000f9f80000, 0x0000000100000000)
  eden space 49152K, 0% used [0x00000000f5580000,0x00000000f5580000,0x00000000f8580000)
  from space 12288K, 86% used [0x00000000f9380000,0x00000000f9deb0d0,0x00000000f9f80000)
  to   space 13312K, 0% used [0x00000000f8580000,0x00000000f8580000,0x00000000f9280000)
 ParOldGen       total 48128K, used 23218K [0x00000000e0000000, 0x00000000e2f00000, 0x00000000f5580000)
  object space 48128K, 48% used [0x00000000e0000000,0x00000000e16ac840,0x00000000e2f00000)
 Metaspace       used 53281K, capacity 57778K, committed 57984K, reserved 1099776K
  class space    used 6665K, capacity 8034K, committed 8064K, reserved 1048576K
}
Event: 52.644 GC heap before
{Heap before GC invocations=15 (full 2):
 PSYoungGen      total 61440K, used 15048K [0x00000000f5580000, 0x00000000f9f80000, 0x0000000100000000)
  eden space 49152K, 8% used [0x00000000f5580000,0x00000000f59c7288,0x00000000f8580000)
  from space 12288K, 86% used [0x00000000f9380000,0x00000000f9deb0d0,0x00000000f9f80000)
  to   space 13312K, 0% used [0x00000000f8580000,0x00000000f8580000,0x00000000f9280000)
 ParOldGen       total 48128K, used 23218K [0x00000000e0000000, 0x00000000e2f00000, 0x00000000f5580000)
  object space 48128K, 48% used [0x00000000e0000000,0x00000000e16ac840,0x00000000e2f00000)
 Metaspace       used 54212K, capacity 58942K, committed 59028K, reserved 1099776K
  class space    used 6793K, capacity 8249K, committed 8320K, reserved 1048576K
Event: 52.652 GC heap after
Heap after GC invocations=15 (full 2):
 PSYoungGen      total 62464K, used 1238K [0x00000000f5580000, 0x00000000fb000000, 0x0000000100000000)
  eden space 49152K, 0% used [0x00000000f5580000,0x00000000f5580000,0x00000000f8580000)
  from space 13312K, 9% used [0x00000000f8580000,0x00000000f86b5a50,0x00000000f9280000)
  to   space 13824K, 0% used [0x00000000fa280000,0x00000000fa280000,0x00000000fb000000)
 ParOldGen       total 48128K, used 26654K [0x00000000e0000000, 0x00000000e2f00000, 0x00000000f5580000)
  object space 48128K, 55% used [0x00000000e0000000,0x00000000e1a07888,0x00000000e2f00000)
 Metaspace       used 54212K, capacity 58942K, committed 59028K, reserved 1099776K
  class space    used 6793K, capacity 8249K, committed 8320K, reserved 1048576K
}
Event: 52.652 GC heap before
{Heap before GC invocations=16 (full 3):
 PSYoungGen      total 62464K, used 1238K [0x00000000f5580000, 0x00000000fb000000, 0x0000000100000000)
  eden space 49152K, 0% used [0x00000000f5580000,0x00000000f5580000,0x00000000f8580000)
  from space 13312K, 9% used [0x00000000f8580000,0x00000000f86b5a50,0x00000000f9280000)
  to   space 13824K, 0% used [0x00000000fa280000,0x00000000fa280000,0x00000000fb000000)
 ParOldGen       total 48128K, used 26654K [0x00000000e0000000, 0x00000000e2f00000, 0x00000000f5580000)
  object space 48128K, 55% used [0x00000000e0000000,0x00000000e1a07888,0x00000000e2f00000)
 Metaspace       used 54212K, capacity 58942K, committed 59028K, reserved 1099776K
  class space    used 6793K, capacity 8249K, committed 8320K, reserved 1048576K
Event: 52.920 GC heap after
Heap after GC invocations=16 (full 3):
 PSYoungGen      total 62464K, used 0K [0x00000000f5580000, 0x00000000fb000000, 0x0000000100000000)
  eden space 49152K, 0% used [0x00000000f5580000,0x00000000f5580000,0x00000000f8580000)
  from space 13312K, 0% used [0x00000000f8580000,0x00000000f8580000,0x00000000f9280000)
  to   space 13824K, 0% used [0x00000000fa280000,0x00000000fa280000,0x00000000fb000000)
 ParOldGen       total 62976K, used 26740K [0x00000000e0000000, 0x00000000e3d80000, 0x00000000f5580000)
  object space 62976K, 42% used [0x00000000e0000000,0x00000000e1a1d2a8,0x00000000e3d80000)
 Metaspace       used 54212K, capacity 58942K, committed 59028K, reserved 1099776K
  class space    used 6793K, capacity 8249K, committed 8320K, reserved 1048576K
}

