# JRE version: Java(TM) SE Runtime Environment (8.0_45-b15) (build 1.8.0_45-b15)
# Java VM: Java HotSpot(TM) 64-Bit Server VM (25.45-b02 mixed mode windows-amd64 compressed oops)
Heap:
 PSYoungGen      total 35840K, used 8081K [0x00000000f5580000, 0x00000000f7e80000, 0x0000000100000000)
  eden space 30208K, 17% used [0x00000000f5580000,0x00000000f5a985b0,0x00000000f7300000)
  from space 5632K, 50% used [0x00000000f7300000,0x00000000f75cc010,0x00000000f7880000)
  to   space 5632K, 0% used [0x00000000f7900000,0x00000000f7900000,0x00000000f7e80000)
 ParOldGen       total 97792K, used 66559K [0x00000000e0000000, 0x00000000e5f80000, 0x00000000f5580000)
  object space 97792K, 68% used [0x00000000e0000000,0x00000000e40ffe98,0x00000000e5f80000)
 Metaspace       used 109274K, capacity 117548K, committed 117888K, reserved 1153024K
  class space    used 12418K, capacity 14948K, committed 14976K, reserved 1048576K
GC Heap History (10 events):
Event: 27857.492 GC heap before
{Heap before GC invocations=1417 (full 176):
 PSYoungGen      total 34304K, used 31328K [0x00000000f5580000, 0x00000000f7d00000, 0x0000000100000000)
  eden space 29184K, 100% used [0x00000000f5580000,0x00000000f7200000,0x00000000f7200000)
  from space 5120K, 41% used [0x00000000f7800000,0x00000000f7a18000,0x00000000f7d00000)
  to   space 5632K, 0% used [0x00000000f7200000,0x00000000f7200000,0x00000000f7780000)
 ParOldGen       total 97792K, used 66559K [0x00000000e0000000, 0x00000000e5f80000, 0x00000000f5580000)
  object space 97792K, 68% used [0x00000000e0000000,0x00000000e40ffe98,0x00000000e5f80000)
 Metaspace       used 108687K, capacity 116872K, committed 117120K, reserved 1150976K
  class space    used 12353K, capacity 14912K, committed 14976K, reserved 1048576K
Event: 27857.494 GC heap after
Heap after GC invocations=1417 (full 176):
 PSYoungGen      total 34816K, used 2384K [0x00000000f5580000, 0x00000000f7d80000, 0x0000000100000000)
  eden space 29184K, 0% used [0x00000000f5580000,0x00000000f5580000,0x00000000f7200000)
  from space 5632K, 42% used [0x00000000f7200000,0x00000000f7454120,0x00000000f7780000)
  to   space 5632K, 0% used [0x00000000f7800000,0x00000000f7800000,0x00000000f7d80000)
 ParOldGen       total 97792K, used 66559K [0x00000000e0000000, 0x00000000e5f80000, 0x00000000f5580000)
  object space 97792K, 68% used [0x00000000e0000000,0x00000000e40ffe98,0x00000000e5f80000)
 Metaspace       used 108687K, capacity 116872K, committed 117120K, reserved 1150976K
  class space    used 12353K, capacity 14912K, committed 14976K, reserved 1048576K
}
Event: 27861.818 GC heap before
{Heap before GC invocations=1418 (full 176):
 PSYoungGen      total 34816K, used 31568K [0x00000000f5580000, 0x00000000f7d80000, 0x0000000100000000)
  eden space 29184K, 100% used [0x00000000f5580000,0x00000000f7200000,0x00000000f7200000)
  from space 5632K, 42% used [0x00000000f7200000,0x00000000f7454120,0x00000000f7780000)
  to   space 5632K, 0% used [0x00000000f7800000,0x00000000f7800000,0x00000000f7d80000)
 ParOldGen       total 97792K, used 66559K [0x00000000e0000000, 0x00000000e5f80000, 0x00000000f5580000)
  object space 97792K, 68% used [0x00000000e0000000,0x00000000e40ffe98,0x00000000e5f80000)
 Metaspace       used 108689K, capacity 116872K, committed 117120K, reserved 1150976K
  class space    used 12353K, capacity 14912K, committed 14976K, reserved 1048576K
Event: 27861.822 GC heap after
Heap after GC invocations=1418 (full 176):
 PSYoungGen      total 35328K, used 3230K [0x00000000f5580000, 0x00000000f7d80000, 0x0000000100000000)
  eden space 29696K, 0% used [0x00000000f5580000,0x00000000f5580000,0x00000000f7280000)
  from space 5632K, 57% used [0x00000000f7800000,0x00000000f7b278d0,0x00000000f7d80000)
  to   space 5632K, 0% used [0x00000000f7280000,0x00000000f7280000,0x00000000f7800000)
 ParOldGen       total 97792K, used 66559K [0x00000000e0000000, 0x00000000e5f80000, 0x00000000f5580000)
  object space 97792K, 68% used [0x00000000e0000000,0x00000000e40ffe98,0x00000000e5f80000)
 Metaspace       used 108689K, capacity 116872K, committed 117120K, reserved 1150976K
  class space    used 12353K, capacity 14912K, committed 14976K, reserved 1048576K
}
Event: 27888.755 GC heap before
{Heap before GC invocations=1419 (full 176):
 PSYoungGen      total 35328K, used 32926K [0x00000000f5580000, 0x00000000f7d80000, 0x0000000100000000)
  eden space 29696K, 100% used [0x00000000f5580000,0x00000000f7280000,0x00000000f7280000)
  from space 5632K, 57% used [0x00000000f7800000,0x00000000f7b278d0,0x00000000f7d80000)
  to   space 5632K, 0% used [0x00000000f7280000,0x00000000f7280000,0x00000000f7800000)
 ParOldGen       total 97792K, used 66559K [0x00000000e0000000, 0x00000000e5f80000, 0x00000000f5580000)
  object space 97792K, 68% used [0x00000000e0000000,0x00000000e40ffe98,0x00000000e5f80000)
 Metaspace       used 108689K, capacity 116872K, committed 117120K, reserved 1150976K
  class space    used 12353K, capacity 14912K, committed 14976K, reserved 1048576K
Event: 27888.761 GC heap after
Heap after GC invocations=1419 (full 176):
 PSYoungGen      total 35328K, used 4141K [0x00000000f5580000, 0x00000000f7e00000, 0x0000000100000000)
  eden space 29696K, 0% used [0x00000000f5580000,0x00000000f5580000,0x00000000f7280000)
  from space 5632K, 73% used [0x00000000f7280000,0x00000000f768b5e8,0x00000000f7800000)
  to   space 5632K, 0% used [0x00000000f7880000,0x00000000f7880000,0x00000000f7e00000)
 ParOldGen       total 97792K, used 66559K [0x00000000e0000000, 0x00000000e5f80000, 0x00000000f5580000)
  object space 97792K, 68% used [0x00000000e0000000,0x00000000e40ffe98,0x00000000e5f80000)
 Metaspace       used 108689K, capacity 116872K, committed 117120K, reserved 1150976K
  class space    used 12353K, capacity 14912K, committed 14976K, reserved 1048576K
}
Event: 27904.659 GC heap before
{Heap before GC invocations=1420 (full 176):
 PSYoungGen      total 35328K, used 33837K [0x00000000f5580000, 0x00000000f7e00000, 0x0000000100000000)
  eden space 29696K, 100% used [0x00000000f5580000,0x00000000f7280000,0x00000000f7280000)
  from space 5632K, 73% used [0x00000000f7280000,0x00000000f768b5e8,0x00000000f7800000)
  to   space 5632K, 0% used [0x00000000f7880000,0x00000000f7880000,0x00000000f7e00000)
 ParOldGen       total 97792K, used 66559K [0x00000000e0000000, 0x00000000e5f80000, 0x00000000f5580000)
  object space 97792K, 68% used [0x00000000e0000000,0x00000000e40ffe98,0x00000000e5f80000)
 Metaspace       used 108845K, capacity 117096K, committed 117376K, reserved 1150976K
  class space    used 12373K, capacity 14944K, committed 14976K, reserved 1048576K
Event: 27904.663 GC heap after
Heap after GC invocations=1420 (full 176):
 PSYoungGen      total 35840K, used 3646K [0x00000000f5580000, 0x00000000f7e00000, 0x0000000100000000)
  eden space 30208K, 0% used [0x00000000f5580000,0x00000000f5580000,0x00000000f7300000)
  from space 5632K, 64% used [0x00000000f7880000,0x00000000f7c0fa00,0x00000000f7e00000)
  to   space 5632K, 0% used [0x00000000f7300000,0x00000000f7300000,0x00000000f7880000)
 ParOldGen       total 97792K, used 66559K [0x00000000e0000000, 0x00000000e5f80000, 0x00000000f5580000)
  object space 97792K, 68% used [0x00000000e0000000,0x00000000e40ffe98,0x00000000e5f80000)
 Metaspace       used 108845K, capacity 117096K, committed 117376K, reserved 1150976K
  class space    used 12373K, capacity 14944K, committed 14976K, reserved 1048576K
}
Event: 27907.260 GC heap before
{Heap before GC invocations=1421 (full 176):
 PSYoungGen      total 35840K, used 33854K [0x00000000f5580000, 0x00000000f7e00000, 0x0000000100000000)
  eden space 30208K, 100% used [0x00000000f5580000,0x00000000f7300000,0x00000000f7300000)
  from space 5632K, 64% used [0x00000000f7880000,0x00000000f7c0fa00,0x00000000f7e00000)
  to   space 5632K, 0% used [0x00000000f7300000,0x00000000f7300000,0x00000000f7880000)
 ParOldGen       total 97792K, used 66559K [0x00000000e0000000, 0x00000000e5f80000, 0x00000000f5580000)
  object space 97792K, 68% used [0x00000000e0000000,0x00000000e40ffe98,0x00000000e5f80000)
 Metaspace       used 108985K, capacity 117224K, committed 117376K, reserved 1150976K
  class space    used 12386K, capacity 14944K, committed 14976K, reserved 1048576K
Event: 27907.267 GC heap after
Heap after GC invocations=1421 (full 176):
 PSYoungGen      total 35840K, used 2864K [0x00000000f5580000, 0x00000000f7e80000, 0x0000000100000000)
  eden space 30208K, 0% used [0x00000000f5580000,0x00000000f5580000,0x00000000f7300000)
  from space 5632K, 50% used [0x00000000f7300000,0x00000000f75cc010,0x00000000f7880000)
  to   space 5632K, 0% used [0x00000000f7900000,0x00000000f7900000,0x00000000f7e80000)
 ParOldGen       total 97792K, used 66559K [0x00000000e0000000, 0x00000000e5f80000, 0x00000000f5580000)
  object space 97792K, 68% used [0x00000000e0000000,0x00000000e40ffe98,0x00000000e5f80000)
 Metaspace       used 108985K, capacity 117224K, committed 117376K, reserved 1150976K
  class space    used 12386K, capacity 14944K, committed 14976K, reserved 1048576K
}

