# JRE version: Java(TM) SE Runtime Environment (8.0_25-b18) (build 1.8.0_25-b18)
# Java VM: Java HotSpot(TM) 64-Bit Server VM (25.25-b02 mixed mode windows-amd64 compressed oops)
Heap:
 PSYoungGen      total 142848K, used 79506K [0x00000000f5580000, 0x00000000ffb80000, 0x0000000100000000)
  eden space 117248K, 67% used [0x00000000f5580000,0x00000000fa3248c0,0x00000000fc800000)
  from space 25600K, 0% used [0x00000000fe180000,0x00000000fe180000,0x00000000ffa80000)
  to   space 26112K, 0% used [0x00000000fc800000,0x00000000fc800000,0x00000000fe180000)
 ParOldGen       total 97792K, used 53642K [0x00000000e0000000, 0x00000000e5f80000, 0x00000000f5580000)
  object space 97792K, 54% used [0x00000000e0000000,0x00000000e3462bd8,0x00000000e5f80000)
 Metaspace       used 84076K, capacity 90348K, committed 90584K, reserved 1128448K
  class space    used 10500K, capacity 12424K, committed 12504K, reserved 1048576K
GC Heap History (10 events):
Event: 62.379 GC heap before
{Heap before GC invocations=18 (full 4):
 PSYoungGen      total 142336K, used 17752K [0x00000000f5580000, 0x00000000ffa80000, 0x0000000100000000)
  eden space 117248K, 0% used [0x00000000f5580000,0x00000000f5580000,0x00000000fc800000)
  from space 25088K, 70% used [0x00000000fe100000,0x00000000ff2562b0,0x00000000ff980000)
  to   space 25600K, 0% used [0x00000000fc800000,0x00000000fc800000,0x00000000fe100000)
 ParOldGen       total 97792K, used 50981K [0x00000000e0000000, 0x00000000e5f80000, 0x00000000f5580000)
  object space 97792K, 52% used [0x00000000e0000000,0x00000000e31c9580,0x00000000e5f80000)
 Metaspace       used 77437K, capacity 83256K, committed 83288K, reserved 1120256K
  class space    used 9708K, capacity 11587K, committed 11608K, reserved 1048576K
Event: 62.644 GC heap after
Heap after GC invocations=18 (full 4):
 PSYoungGen      total 142336K, used 0K [0x00000000f5580000, 0x00000000ffa80000, 0x0000000100000000)
  eden space 117248K, 0% used [0x00000000f5580000,0x00000000f5580000,0x00000000fc800000)
  from space 25088K, 0% used [0x00000000fe100000,0x00000000fe100000,0x00000000ff980000)
  to   space 25600K, 0% used [0x00000000fc800000,0x00000000fc800000,0x00000000fe100000)
 ParOldGen       total 97792K, used 51829K [0x00000000e0000000, 0x00000000e5f80000, 0x00000000f5580000)
  object space 97792K, 52% used [0x00000000e0000000,0x00000000e329d4a0,0x00000000e5f80000)
 Metaspace       used 77437K, capacity 83256K, committed 83288K, reserved 1120256K
  class space    used 9708K, capacity 11587K, committed 11608K, reserved 1048576K
}
Event: 138.328 GC heap before
{Heap before GC invocations=19 (full 4):
 PSYoungGen      total 142336K, used 98526K [0x00000000f5580000, 0x00000000ffa80000, 0x0000000100000000)
  eden space 117248K, 84% used [0x00000000f5580000,0x00000000fb5b7b98,0x00000000fc800000)
  from space 25088K, 0% used [0x00000000fe100000,0x00000000fe100000,0x00000000ff980000)
  to   space 25600K, 0% used [0x00000000fc800000,0x00000000fc800000,0x00000000fe100000)
 ParOldGen       total 97792K, used 51829K [0x00000000e0000000, 0x00000000e5f80000, 0x00000000f5580000)
  object space 97792K, 52% used [0x00000000e0000000,0x00000000e329d4a0,0x00000000e5f80000)
 Metaspace       used 81657K, capacity 87682K, committed 87768K, reserved 1124352K
  class space    used 10246K, capacity 12185K, committed 12248K, reserved 1048576K
Event: 138.354 GC heap after
Heap after GC invocations=19 (full 4):
 PSYoungGen      total 142848K, used 7095K [0x00000000f5580000, 0x00000000ffa80000, 0x0000000100000000)
  eden space 117248K, 0% used [0x00000000f5580000,0x00000000f5580000,0x00000000fc800000)
  from space 25600K, 27% used [0x00000000fc800000,0x00000000fceedf20,0x00000000fe100000)
  to   space 25600K, 0% used [0x00000000fe180000,0x00000000fe180000,0x00000000ffa80000)
 ParOldGen       total 97792K, used 51837K [0x00000000e0000000, 0x00000000e5f80000, 0x00000000f5580000)
  object space 97792K, 53% used [0x00000000e0000000,0x00000000e329f4a0,0x00000000e5f80000)
 Metaspace       used 81657K, capacity 87682K, committed 87768K, reserved 1124352K
  class space    used 10246K, capacity 12185K, committed 12248K, reserved 1048576K
}
Event: 138.354 GC heap before
{Heap before GC invocations=20 (full 5):
 PSYoungGen      total 142848K, used 7095K [0x00000000f5580000, 0x00000000ffa80000, 0x0000000100000000)
  eden space 117248K, 0% used [0x00000000f5580000,0x00000000f5580000,0x00000000fc800000)
  from space 25600K, 27% used [0x00000000fc800000,0x00000000fceedf20,0x00000000fe100000)
  to   space 25600K, 0% used [0x00000000fe180000,0x00000000fe180000,0x00000000ffa80000)
 ParOldGen       total 97792K, used 51837K [0x00000000e0000000, 0x00000000e5f80000, 0x00000000f5580000)
  object space 97792K, 53% used [0x00000000e0000000,0x00000000e329f4a0,0x00000000e5f80000)
 Metaspace       used 81657K, capacity 87682K, committed 87768K, reserved 1124352K
  class space    used 10246K, capacity 12185K, committed 12248K, reserved 1048576K
Event: 138.723 GC heap after
Heap after GC invocations=20 (full 5):
 PSYoungGen      total 142848K, used 0K [0x00000000f5580000, 0x00000000ffa80000, 0x0000000100000000)
  eden space 117248K, 0% used [0x00000000f5580000,0x00000000f5580000,0x00000000fc800000)
  from space 25600K, 0% used [0x00000000fc800000,0x00000000fc800000,0x00000000fe100000)
  to   space 25600K, 0% used [0x00000000fe180000,0x00000000fe180000,0x00000000ffa80000)
 ParOldGen       total 97792K, used 55409K [0x00000000e0000000, 0x00000000e5f80000, 0x00000000f5580000)
  object space 97792K, 56% used [0x00000000e0000000,0x00000000e361c620,0x00000000e5f80000)
 Metaspace       used 81657K, capacity 87682K, committed 87768K, reserved 1124352K
  class space    used 10246K, capacity 12185K, committed 12248K, reserved 1048576K
}
Event: 198.333 GC heap before
{Heap before GC invocations=21 (full 5):
 PSYoungGen      total 142848K, used 69702K [0x00000000f5580000, 0x00000000ffa80000, 0x0000000100000000)
  eden space 117248K, 59% used [0x00000000f5580000,0x00000000f9991a60,0x00000000fc800000)
  from space 25600K, 0% used [0x00000000fc800000,0x00000000fc800000,0x00000000fe100000)
  to   space 25600K, 0% used [0x00000000fe180000,0x00000000fe180000,0x00000000ffa80000)
 ParOldGen       total 97792K, used 55409K [0x00000000e0000000, 0x00000000e5f80000, 0x00000000f5580000)
  object space 97792K, 56% used [0x00000000e0000000,0x00000000e361c620,0x00000000e5f80000)
 Metaspace       used 82861K, capacity 88824K, committed 88920K, reserved 1126400K
  class space    used 10393K, capacity 12323K, committed 12376K, reserved 1048576K
Event: 198.350 GC heap after
Heap after GC invocations=21 (full 5):
 PSYoungGen      total 142848K, used 2178K [0x00000000f5580000, 0x00000000ffb80000, 0x0000000100000000)
  eden space 117248K, 0% used [0x00000000f5580000,0x00000000f5580000,0x00000000fc800000)
  from space 25600K, 8% used [0x00000000fe180000,0x00000000fe3a0948,0x00000000ffa80000)
  to   space 26112K, 0% used [0x00000000fc800000,0x00000000fc800000,0x00000000fe180000)
 ParOldGen       total 97792K, used 55417K [0x00000000e0000000, 0x00000000e5f80000, 0x00000000f5580000)
  object space 97792K, 56% used [0x00000000e0000000,0x00000000e361e620,0x00000000e5f80000)
 Metaspace       used 82861K, capacity 88824K, committed 88920K, reserved 1126400K
  class space    used 10393K, capacity 12323K, committed 12376K, reserved 1048576K
}
Event: 198.350 GC heap before
{Heap before GC invocations=22 (full 6):
 PSYoungGen      total 142848K, used 2178K [0x00000000f5580000, 0x00000000ffb80000, 0x0000000100000000)
  eden space 117248K, 0% used [0x00000000f5580000,0x00000000f5580000,0x00000000fc800000)
  from space 25600K, 8% used [0x00000000fe180000,0x00000000fe3a0948,0x00000000ffa80000)
  to   space 26112K, 0% used [0x00000000fc800000,0x00000000fc800000,0x00000000fe180000)
 ParOldGen       total 97792K, used 55417K [0x00000000e0000000, 0x00000000e5f80000, 0x00000000f5580000)
  object space 97792K, 56% used [0x00000000e0000000,0x00000000e361e620,0x00000000e5f80000)
 Metaspace       used 82861K, capacity 88824K, committed 88920K, reserved 1126400K
  class space    used 10393K, capacity 12323K, committed 12376K, reserved 1048576K
Event: 198.761 GC heap after
Heap after GC invocations=22 (full 6):
 PSYoungGen      total 142848K, used 0K [0x00000000f5580000, 0x00000000ffb80000, 0x0000000100000000)
  eden space 117248K, 0% used [0x00000000f5580000,0x00000000f5580000,0x00000000fc800000)
  from space 25600K, 0% used [0x00000000fe180000,0x00000000fe180000,0x00000000ffa80000)
  to   space 26112K, 0% used [0x00000000fc800000,0x00000000fc800000,0x00000000fe180000)
 ParOldGen       total 97792K, used 53642K [0x00000000e0000000, 0x00000000e5f80000, 0x00000000f5580000)
  object space 97792K, 54% used [0x00000000e0000000,0x00000000e3462bd8,0x00000000e5f80000)
 Metaspace       used 82861K, capacity 88824K, committed 88920K, reserved 1126400K
  class space    used 10393K, capacity 12323K, committed 12376K, reserved 1048576K
}

