# JRE version: Java(TM) SE Runtime Environment (8.0_45-b15) (build 1.8.0_45-b15)
# Java VM: Java HotSpot(TM) 64-Bit Server VM (25.45-b02 mixed mode windows-amd64 compressed oops)
Heap:
 PSYoungGen      total 56832K, used 3177K [0x00000000f5580000, 0x00000000f9480000, 0x0000000100000000)
  eden space 49664K, 1% used [0x00000000f5580000,0x00000000f5646d80,0x00000000f8600000)
  from space 7168K, 33% used [0x00000000f8d00000,0x00000000f8f53778,0x00000000f9400000)
  to   space 7168K, 0% used [0x00000000f8600000,0x00000000f8600000,0x00000000f8d00000)
 ParOldGen       total 74752K, used 69606K [0x00000000e0000000, 0x00000000e4900000, 0x00000000f5580000)
  object space 74752K, 93% used [0x00000000e0000000,0x00000000e43f9950,0x00000000e4900000)
 Metaspace       used 101594K, capacity 108800K, committed 109184K, reserved 1144832K
  class space    used 11416K, capacity 13651K, committed 13696K, reserved 1048576K
GC Heap History (10 events):
Event: 40235.189 GC heap before
{Heap before GC invocations=1902 (full 364):
 PSYoungGen      total 57856K, used 8686K [0x00000000f5580000, 0x00000000f9600000, 0x0000000100000000)
  eden space 49664K, 17% used [0x00000000f5580000,0x00000000f5dfb9e0,0x00000000f8600000)
  from space 8192K, 0% used [0x00000000f8600000,0x00000000f8600000,0x00000000f8e00000)
  to   space 8192K, 0% used [0x00000000f8e00000,0x00000000f8e00000,0x00000000f9600000)
 ParOldGen       total 74752K, used 69597K [0x00000000e0000000, 0x00000000e4900000, 0x00000000f5580000)
  object space 74752K, 93% used [0x00000000e0000000,0x00000000e43f77d0,0x00000000e4900000)
 Metaspace       used 101068K, capacity 108270K, committed 108672K, reserved 1144832K
  class space    used 11361K, capacity 13648K, committed 13696K, reserved 1048576K
Event: 40235.192 GC heap after
Heap after GC invocations=1902 (full 364):
 PSYoungGen      total 56832K, used 576K [0x00000000f5580000, 0x00000000f9500000, 0x0000000100000000)
  eden space 49664K, 0% used [0x00000000f5580000,0x00000000f5580000,0x00000000f8600000)
  from space 7168K, 8% used [0x00000000f8e00000,0x00000000f8e90000,0x00000000f9500000)
  to   space 7680K, 0% used [0x00000000f8600000,0x00000000f8600000,0x00000000f8d80000)
 ParOldGen       total 74752K, used 69597K [0x00000000e0000000, 0x00000000e4900000, 0x00000000f5580000)
  object space 74752K, 93% used [0x00000000e0000000,0x00000000e43f77d0,0x00000000e4900000)
 Metaspace       used 101068K, capacity 108270K, committed 108672K, reserved 1144832K
  class space    used 11361K, capacity 13648K, committed 13696K, reserved 1048576K
}
Event: 40235.192 GC heap before
{Heap before GC invocations=1903 (full 365):
 PSYoungGen      total 56832K, used 576K [0x00000000f5580000, 0x00000000f9500000, 0x0000000100000000)
  eden space 49664K, 0% used [0x00000000f5580000,0x00000000f5580000,0x00000000f8600000)
  from space 7168K, 8% used [0x00000000f8e00000,0x00000000f8e90000,0x00000000f9500000)
  to   space 7680K, 0% used [0x00000000f8600000,0x00000000f8600000,0x00000000f8d80000)
 ParOldGen       total 74752K, used 69597K [0x00000000e0000000, 0x00000000e4900000, 0x00000000f5580000)
  object space 74752K, 93% used [0x00000000e0000000,0x00000000e43f77d0,0x00000000e4900000)
 Metaspace       used 101068K, capacity 108270K, committed 108672K, reserved 1144832K
  class space    used 11361K, capacity 13648K, committed 13696K, reserved 1048576K
Event: 40235.316 GC heap after
Heap after GC invocations=1903 (full 365):
 PSYoungGen      total 56832K, used 0K [0x00000000f5580000, 0x00000000f9500000, 0x0000000100000000)
  eden space 49664K, 0% used [0x00000000f5580000,0x00000000f5580000,0x00000000f8600000)
  from space 7168K, 0% used [0x00000000f8e00000,0x00000000f8e00000,0x00000000f9500000)
  to   space 7680K, 0% used [0x00000000f8600000,0x00000000f8600000,0x00000000f8d80000)
 ParOldGen       total 74752K, used 69764K [0x00000000e0000000, 0x00000000e4900000, 0x00000000f5580000)
  object space 74752K, 93% used [0x00000000e0000000,0x00000000e4421278,0x00000000e4900000)
 Metaspace       used 101068K, capacity 108270K, committed 108672K, reserved 1144832K
  class space    used 11361K, capacity 13648K, committed 13696K, reserved 1048576K
}
Event: 40295.195 GC heap before
{Heap before GC invocations=1904 (full 365):
 PSYoungGen      total 56832K, used 2789K [0x00000000f5580000, 0x00000000f9500000, 0x0000000100000000)
  eden space 49664K, 5% used [0x00000000f5580000,0x00000000f58397a8,0x00000000f8600000)
  from space 7168K, 0% used [0x00000000f8e00000,0x00000000f8e00000,0x00000000f9500000)
  to   space 7680K, 0% used [0x00000000f8600000,0x00000000f8600000,0x00000000f8d80000)
 ParOldGen       total 74752K, used 69764K [0x00000000e0000000, 0x00000000e4900000, 0x00000000f5580000)
  object space 74752K, 93% used [0x00000000e0000000,0x00000000e4421278,0x00000000e4900000)
 Metaspace       used 101068K, capacity 108270K, committed 108672K, reserved 1144832K
  class space    used 11361K, capacity 13648K, committed 13696K, reserved 1048576K
Event: 40295.202 GC heap after
Heap after GC invocations=1904 (full 365):
 PSYoungGen      total 50176K, used 160K [0x00000000f5580000, 0x00000000f9400000, 0x0000000100000000)
  eden space 49664K, 0% used [0x00000000f5580000,0x00000000f5580000,0x00000000f8600000)
  from space 512K, 31% used [0x00000000f8600000,0x00000000f8628000,0x00000000f8680000)
  to   space 7168K, 0% used [0x00000000f8d00000,0x00000000f8d00000,0x00000000f9400000)
 ParOldGen       total 74752K, used 69764K [0x00000000e0000000, 0x00000000e4900000, 0x00000000f5580000)
  object space 74752K, 93% used [0x00000000e0000000,0x00000000e4421278,0x00000000e4900000)
 Metaspace       used 101068K, capacity 108270K, committed 108672K, reserved 1144832K
  class space    used 11361K, capacity 13648K, committed 13696K, reserved 1048576K
}
Event: 40295.202 GC heap before
{Heap before GC invocations=1905 (full 366):
 PSYoungGen      total 50176K, used 160K [0x00000000f5580000, 0x00000000f9400000, 0x0000000100000000)
  eden space 49664K, 0% used [0x00000000f5580000,0x00000000f5580000,0x00000000f8600000)
  from space 512K, 31% used [0x00000000f8600000,0x00000000f8628000,0x00000000f8680000)
  to   space 7168K, 0% used [0x00000000f8d00000,0x00000000f8d00000,0x00000000f9400000)
 ParOldGen       total 74752K, used 69764K [0x00000000e0000000, 0x00000000e4900000, 0x00000000f5580000)
  object space 74752K, 93% used [0x00000000e0000000,0x00000000e4421278,0x00000000e4900000)
 Metaspace       used 101068K, capacity 108270K, committed 108672K, reserved 1144832K
  class space    used 11361K, capacity 13648K, committed 13696K, reserved 1048576K
Event: 40295.339 GC heap after
Heap after GC invocations=1905 (full 366):
 PSYoungGen      total 50176K, used 0K [0x00000000f5580000, 0x00000000f9400000, 0x0000000100000000)
  eden space 49664K, 0% used [0x00000000f5580000,0x00000000f5580000,0x00000000f8600000)
  from space 512K, 0% used [0x00000000f8600000,0x00000000f8600000,0x00000000f8680000)
  to   space 7168K, 0% used [0x00000000f8d00000,0x00000000f8d00000,0x00000000f9400000)
 ParOldGen       total 74752K, used 69598K [0x00000000e0000000, 0x00000000e4900000, 0x00000000f5580000)
  object space 74752K, 93% used [0x00000000e0000000,0x00000000e43f7950,0x00000000e4900000)
 Metaspace       used 101068K, capacity 108270K, committed 108672K, reserved 1144832K
  class space    used 11361K, capacity 13648K, committed 13696K, reserved 1048576K
}
Event: 40340.646 GC heap before
{Heap before GC invocations=1906 (full 366):
 PSYoungGen      total 50176K, used 49664K [0x00000000f5580000, 0x00000000f9400000, 0x0000000100000000)
  eden space 49664K, 100% used [0x00000000f5580000,0x00000000f8600000,0x00000000f8600000)
  from space 512K, 0% used [0x00000000f8600000,0x00000000f8600000,0x00000000f8680000)
  to   space 7168K, 0% used [0x00000000f8d00000,0x00000000f8d00000,0x00000000f9400000)
 ParOldGen       total 74752K, used 69598K [0x00000000e0000000, 0x00000000e4900000, 0x00000000f5580000)
  object space 74752K, 93% used [0x00000000e0000000,0x00000000e43f7950,0x00000000e4900000)
 Metaspace       used 101585K, capacity 108736K, committed 108928K, reserved 1144832K
  class space    used 11415K, capacity 13651K, committed 13696K, reserved 1048576K
Event: 40340.651 GC heap after
Heap after GC invocations=1906 (full 366):
 PSYoungGen      total 56832K, used 2381K [0x00000000f5580000, 0x00000000f9480000, 0x0000000100000000)
  eden space 49664K, 0% used [0x00000000f5580000,0x00000000f5580000,0x00000000f8600000)
  from space 7168K, 33% used [0x00000000f8d00000,0x00000000f8f53778,0x00000000f9400000)
  to   space 7168K, 0% used [0x00000000f8600000,0x00000000f8600000,0x00000000f8d00000)
 ParOldGen       total 74752K, used 69606K [0x00000000e0000000, 0x00000000e4900000, 0x00000000f5580000)
  object space 74752K, 93% used [0x00000000e0000000,0x00000000e43f9950,0x00000000e4900000)
 Metaspace       used 101585K, capacity 108736K, committed 108928K, reserved 1144832K
  class space    used 11415K, capacity 13651K, committed 13696K, reserved 1048576K
}

