# JRE version: Java(TM) SE Runtime Environment (8.0_45-b15) (build 1.8.0_45-b15)
# Java VM: Java HotSpot(TM) 64-Bit Server VM (25.45-b02 mixed mode windows-amd64 compressed oops)
Heap:
 PSYoungGen      total 64512K, used 37314K [0x00000000f5580000, 0x00000000fab80000, 0x0000000100000000)
  eden space 56832K, 52% used [0x00000000f5580000,0x00000000f72e7970,0x00000000f8d00000)
  from space 7680K, 93% used [0x00000000fa400000,0x00000000fab08eb0,0x00000000fab80000)
  to   space 13312K, 0% used [0x00000000f9180000,0x00000000f9180000,0x00000000f9e80000)
 ParOldGen       total 60928K, used 52783K [0x00000000e0000000, 0x00000000e3b80000, 0x00000000f5580000)
  object space 60928K, 86% used [0x00000000e0000000,0x00000000e338bf50,0x00000000e3b80000)
 Metaspace       used 88939K, capacity 95848K, committed 96000K, reserved 1132544K
  class space    used 11212K, capacity 13312K, committed 13312K, reserved 1048576K
GC Heap History (10 events):
Event: 214.631 GC heap before
{Heap before GC invocations=31 (full 5):
 PSYoungGen      total 64512K, used 192K [0x00000000f5580000, 0x00000000fa380000, 0x0000000100000000)
  eden space 50688K, 0% used [0x00000000f5580000,0x00000000f5580000,0x00000000f8700000)
  from space 13824K, 1% used [0x00000000f9500000,0x00000000f9530000,0x00000000fa280000)
  to   space 14336K, 0% used [0x00000000f8700000,0x00000000f8700000,0x00000000f9500000)
 ParOldGen       total 60928K, used 49886K [0x00000000e0000000, 0x00000000e3b80000, 0x00000000f5580000)
  object space 60928K, 81% used [0x00000000e0000000,0x00000000e30b7ac8,0x00000000e3b80000)
 Metaspace       used 77775K, capacity 84384K, committed 84608K, reserved 1122304K
  class space    used 9749K, capacity 11832K, committed 11904K, reserved 1048576K
Event: 214.864 GC heap after
Heap after GC invocations=31 (full 5):
 PSYoungGen      total 64512K, used 0K [0x00000000f5580000, 0x00000000fa380000, 0x0000000100000000)
  eden space 50688K, 0% used [0x00000000f5580000,0x00000000f5580000,0x00000000f8700000)
  from space 13824K, 0% used [0x00000000f9500000,0x00000000f9500000,0x00000000fa280000)
  to   space 14336K, 0% used [0x00000000f8700000,0x00000000f8700000,0x00000000f9500000)
 ParOldGen       total 60928K, used 49298K [0x00000000e0000000, 0x00000000e3b80000, 0x00000000f5580000)
  object space 60928K, 80% used [0x00000000e0000000,0x00000000e3024818,0x00000000e3b80000)
 Metaspace       used 77775K, capacity 84384K, committed 84608K, reserved 1122304K
  class space    used 9749K, capacity 11832K, committed 11904K, reserved 1048576K
}
Event: 249.257 GC heap before
{Heap before GC invocations=32 (full 5):
 PSYoungGen      total 64512K, used 50688K [0x00000000f5580000, 0x00000000fa380000, 0x0000000100000000)
  eden space 50688K, 100% used [0x00000000f5580000,0x00000000f8700000,0x00000000f8700000)
  from space 13824K, 0% used [0x00000000f9500000,0x00000000f9500000,0x00000000fa280000)
  to   space 14336K, 0% used [0x00000000f8700000,0x00000000f8700000,0x00000000f9500000)
 ParOldGen       total 60928K, used 49298K [0x00000000e0000000, 0x00000000e3b80000, 0x00000000f5580000)
  object space 60928K, 80% used [0x00000000e0000000,0x00000000e3024818,0x00000000e3b80000)
 Metaspace       used 79259K, capacity 85972K, committed 86400K, reserved 1124352K
  class space    used 9914K, capacity 12039K, committed 12160K, reserved 1048576K
Event: 249.260 GC heap after
Heap after GC invocations=32 (full 5):
 PSYoungGen      total 65024K, used 4013K [0x00000000f5580000, 0x00000000fab00000, 0x0000000100000000)
  eden space 50688K, 0% used [0x00000000f5580000,0x00000000f5580000,0x00000000f8700000)
  from space 14336K, 27% used [0x00000000f8700000,0x00000000f8aeb568,0x00000000f9500000)
  to   space 13824K, 0% used [0x00000000f9d80000,0x00000000f9d80000,0x00000000fab00000)
 ParOldGen       total 60928K, used 49306K [0x00000000e0000000, 0x00000000e3b80000, 0x00000000f5580000)
  object space 60928K, 80% used [0x00000000e0000000,0x00000000e3026818,0x00000000e3b80000)
 Metaspace       used 79259K, capacity 85972K, committed 86400K, reserved 1124352K
  class space    used 9914K, capacity 12039K, committed 12160K, reserved 1048576K
}
Event: 263.078 GC heap before
{Heap before GC invocations=33 (full 5):
 PSYoungGen      total 65024K, used 54701K [0x00000000f5580000, 0x00000000fab00000, 0x0000000100000000)
  eden space 50688K, 100% used [0x00000000f5580000,0x00000000f8700000,0x00000000f8700000)
  from space 14336K, 27% used [0x00000000f8700000,0x00000000f8aeb568,0x00000000f9500000)
  to   space 13824K, 0% used [0x00000000f9d80000,0x00000000f9d80000,0x00000000fab00000)
 ParOldGen       total 60928K, used 49306K [0x00000000e0000000, 0x00000000e3b80000, 0x00000000f5580000)
  object space 60928K, 80% used [0x00000000e0000000,0x00000000e3026818,0x00000000e3b80000)
 Metaspace       used 83544K, capacity 90326K, committed 90496K, reserved 1126400K
  class space    used 10621K, capacity 12670K, committed 12672K, reserved 1048576K
Event: 263.085 GC heap after
Heap after GC invocations=33 (full 5):
 PSYoungGen      total 70656K, used 6882K [0x00000000f5580000, 0x00000000fa900000, 0x0000000100000000)
  eden space 58880K, 0% used [0x00000000f5580000,0x00000000f5580000,0x00000000f8f00000)
  from space 11776K, 58% used [0x00000000f9d80000,0x00000000fa438b70,0x00000000fa900000)
  to   space 13312K, 0% used [0x00000000f8f00000,0x00000000f8f00000,0x00000000f9c00000)
 ParOldGen       total 60928K, used 50937K [0x00000000e0000000, 0x00000000e3b80000, 0x00000000f5580000)
  object space 60928K, 83% used [0x00000000e0000000,0x00000000e31be610,0x00000000e3b80000)
 Metaspace       used 83544K, capacity 90326K, committed 90496K, reserved 1126400K
  class space    used 10621K, capacity 12670K, committed 12672K, reserved 1048576K
}
Event: 293.226 GC heap before
{Heap before GC invocations=34 (full 5):
 PSYoungGen      total 70656K, used 65762K [0x00000000f5580000, 0x00000000fa900000, 0x0000000100000000)
  eden space 58880K, 100% used [0x00000000f5580000,0x00000000f8f00000,0x00000000f8f00000)
  from space 11776K, 58% used [0x00000000f9d80000,0x00000000fa438b70,0x00000000fa900000)
  to   space 13312K, 0% used [0x00000000f8f00000,0x00000000f8f00000,0x00000000f9c00000)
 ParOldGen       total 60928K, used 50937K [0x00000000e0000000, 0x00000000e3b80000, 0x00000000f5580000)
  object space 60928K, 83% used [0x00000000e0000000,0x00000000e31be610,0x00000000e3b80000)
 Metaspace       used 84439K, capacity 91380K, committed 91648K, reserved 1128448K
  class space    used 10673K, capacity 12740K, committed 12800K, reserved 1048576K
Event: 293.230 GC heap after
Heap after GC invocations=34 (full 5):
 PSYoungGen      total 72192K, used 2848K [0x00000000f5580000, 0x00000000fb100000, 0x0000000100000000)
  eden space 58880K, 0% used [0x00000000f5580000,0x00000000f5580000,0x00000000f8f00000)
  from space 13312K, 21% used [0x00000000f8f00000,0x00000000f91c8000,0x00000000f9c00000)
  to   space 13312K, 0% used [0x00000000fa400000,0x00000000fa400000,0x00000000fb100000)
 ParOldGen       total 60928K, used 52775K [0x00000000e0000000, 0x00000000e3b80000, 0x00000000f5580000)
  object space 60928K, 86% used [0x00000000e0000000,0x00000000e3389f50,0x00000000e3b80000)
 Metaspace       used 84439K, capacity 91380K, committed 91648K, reserved 1128448K
  class space    used 10673K, capacity 12740K, committed 12800K, reserved 1048576K
}
Event: 311.598 GC heap before
{Heap before GC invocations=35 (full 5):
 PSYoungGen      total 72192K, used 61728K [0x00000000f5580000, 0x00000000fb100000, 0x0000000100000000)
  eden space 58880K, 100% used [0x00000000f5580000,0x00000000f8f00000,0x00000000f8f00000)
  from space 13312K, 21% used [0x00000000f8f00000,0x00000000f91c8000,0x00000000f9c00000)
  to   space 13312K, 0% used [0x00000000fa400000,0x00000000fa400000,0x00000000fb100000)
 ParOldGen       total 60928K, used 52775K [0x00000000e0000000, 0x00000000e3b80000, 0x00000000f5580000)
  object space 60928K, 86% used [0x00000000e0000000,0x00000000e3389f50,0x00000000e3b80000)
 Metaspace       used 88047K, capacity 95048K, committed 95232K, reserved 1130496K
  class space    used 11117K, capacity 13216K, committed 13312K, reserved 1048576K
Event: 311.605 GC heap after
Heap after GC invocations=35 (full 5):
 PSYoungGen      total 64512K, used 7203K [0x00000000f5580000, 0x00000000fab80000, 0x0000000100000000)
  eden space 56832K, 0% used [0x00000000f5580000,0x00000000f5580000,0x00000000f8d00000)
  from space 7680K, 93% used [0x00000000fa400000,0x00000000fab08eb0,0x00000000fab80000)
  to   space 13312K, 0% used [0x00000000f9180000,0x00000000f9180000,0x00000000f9e80000)
 ParOldGen       total 60928K, used 52783K [0x00000000e0000000, 0x00000000e3b80000, 0x00000000f5580000)
  object space 60928K, 86% used [0x00000000e0000000,0x00000000e338bf50,0x00000000e3b80000)
 Metaspace       used 88047K, capacity 95048K, committed 95232K, reserved 1130496K
  class space    used 11117K, capacity 13216K, committed 13312K, reserved 1048576K
}

