# JRE version: Java(TM) SE Runtime Environment (8.0_45-b15) (build 1.8.0_45-b15)
# Java VM: Java HotSpot(TM) 64-Bit Server VM (25.45-b02 mixed mode windows-amd64 compressed oops)
Heap:
 PSYoungGen      total 49152K, used 28782K [0x00000000f5580000, 0x00000000f9200000, 0x0000000100000000)
  eden space 43520K, 54% used [0x00000000f5580000,0x00000000f6c7e560,0x00000000f8000000)
  from space 5632K, 92% used [0x00000000f8100000,0x00000000f861d408,0x00000000f8680000)
  to   space 9216K, 0% used [0x00000000f8900000,0x00000000f8900000,0x00000000f9200000)
 ParOldGen       total 94208K, used 53393K [0x00000000e0000000, 0x00000000e5c00000, 0x00000000f5580000)
  object space 94208K, 56% used [0x00000000e0000000,0x00000000e34247c0,0x00000000e5c00000)
 Metaspace       used 94260K, capacity 101280K, committed 101592K, reserved 1138688K
  class space    used 10893K, capacity 13014K, committed 13056K, reserved 1048576K
GC Heap History (10 events):
Event: 17723.088 GC heap before
{Heap before GC invocations=503 (full 160):
 PSYoungGen      total 57344K, used 55067K [0x00000000f5580000, 0x00000000f9800000, 0x0000000100000000)
  eden space 48640K, 100% used [0x00000000f5580000,0x00000000f8500000,0x00000000f8500000)
  from space 8704K, 73% used [0x00000000f8f80000,0x00000000f95c6ff0,0x00000000f9800000)
  to   space 9728K, 0% used [0x00000000f8500000,0x00000000f8500000,0x00000000f8e80000)
 ParOldGen       total 94208K, used 52769K [0x00000000e0000000, 0x00000000e5c00000, 0x00000000f5580000)
  object space 94208K, 56% used [0x00000000e0000000,0x00000000e33887c0,0x00000000e5c00000)
 Metaspace       used 93571K, capacity 100582K, committed 100824K, reserved 1136640K
  class space    used 10825K, capacity 12979K, committed 13056K, reserved 1048576K
Event: 17723.101 GC heap after
Heap after GC invocations=503 (full 160):
 PSYoungGen      total 53248K, used 5304K [0x00000000f5580000, 0x00000000f9700000, 0x0000000100000000)
  eden space 47616K, 0% used [0x00000000f5580000,0x00000000f5580000,0x00000000f8400000)
  from space 5632K, 94% used [0x00000000f8500000,0x00000000f8a2e368,0x00000000f8a80000)
  to   space 9728K, 0% used [0x00000000f8d80000,0x00000000f8d80000,0x00000000f9700000)
 ParOldGen       total 94208K, used 52801K [0x00000000e0000000, 0x00000000e5c00000, 0x00000000f5580000)
  object space 94208K, 56% used [0x00000000e0000000,0x00000000e33907c0,0x00000000e5c00000)
 Metaspace       used 93571K, capacity 100582K, committed 100824K, reserved 1136640K
  class space    used 10825K, capacity 12979K, committed 13056K, reserved 1048576K
}
Event: 17725.355 GC heap before
{Heap before GC invocations=504 (full 160):
 PSYoungGen      total 53248K, used 52920K [0x00000000f5580000, 0x00000000f9700000, 0x0000000100000000)
  eden space 47616K, 100% used [0x00000000f5580000,0x00000000f8400000,0x00000000f8400000)
  from space 5632K, 94% used [0x00000000f8500000,0x00000000f8a2e368,0x00000000f8a80000)
  to   space 9728K, 0% used [0x00000000f8d80000,0x00000000f8d80000,0x00000000f9700000)
 ParOldGen       total 94208K, used 52801K [0x00000000e0000000, 0x00000000e5c00000, 0x00000000f5580000)
  object space 94208K, 56% used [0x00000000e0000000,0x00000000e33907c0,0x00000000e5c00000)
 Metaspace       used 93612K, capacity 100650K, committed 101080K, reserved 1136640K
  class space    used 10826K, capacity 12979K, committed 13056K, reserved 1048576K
Event: 17725.359 GC heap after
Heap after GC invocations=504 (full 160):
 PSYoungGen      total 55296K, used 6013K [0x00000000f5580000, 0x00000000f9600000, 0x0000000100000000)
  eden space 46592K, 0% used [0x00000000f5580000,0x00000000f5580000,0x00000000f8300000)
  from space 8704K, 69% used [0x00000000f8d80000,0x00000000f935f590,0x00000000f9600000)
  to   space 9728K, 0% used [0x00000000f8300000,0x00000000f8300000,0x00000000f8c80000)
 ParOldGen       total 94208K, used 53145K [0x00000000e0000000, 0x00000000e5c00000, 0x00000000f5580000)
  object space 94208K, 56% used [0x00000000e0000000,0x00000000e33e67c0,0x00000000e5c00000)
 Metaspace       used 93612K, capacity 100650K, committed 101080K, reserved 1136640K
  class space    used 10826K, capacity 12979K, committed 13056K, reserved 1048576K
}
Event: 17740.427 GC heap before
{Heap before GC invocations=505 (full 160):
 PSYoungGen      total 55296K, used 52605K [0x00000000f5580000, 0x00000000f9600000, 0x0000000100000000)
  eden space 46592K, 100% used [0x00000000f5580000,0x00000000f8300000,0x00000000f8300000)
  from space 8704K, 69% used [0x00000000f8d80000,0x00000000f935f590,0x00000000f9600000)
  to   space 9728K, 0% used [0x00000000f8300000,0x00000000f8300000,0x00000000f8c80000)
 ParOldGen       total 94208K, used 53145K [0x00000000e0000000, 0x00000000e5c00000, 0x00000000f5580000)
  object space 94208K, 56% used [0x00000000e0000000,0x00000000e33e67c0,0x00000000e5c00000)
 Metaspace       used 93643K, capacity 100656K, committed 101080K, reserved 1136640K
  class space    used 10827K, capacity 12980K, committed 13056K, reserved 1048576K
Event: 17740.432 GC heap after
Heap after GC invocations=505 (full 160):
 PSYoungGen      total 52224K, used 6176K [0x00000000f5580000, 0x00000000f9500000, 0x0000000100000000)
  eden space 45568K, 0% used [0x00000000f5580000,0x00000000f5580000,0x00000000f8200000)
  from space 6656K, 92% used [0x00000000f8300000,0x00000000f89081b8,0x00000000f8980000)
  to   space 9728K, 0% used [0x00000000f8b80000,0x00000000f8b80000,0x00000000f9500000)
 ParOldGen       total 94208K, used 53297K [0x00000000e0000000, 0x00000000e5c00000, 0x00000000f5580000)
  object space 94208K, 56% used [0x00000000e0000000,0x00000000e340c7c0,0x00000000e5c00000)
 Metaspace       used 93643K, capacity 100656K, committed 101080K, reserved 1136640K
  class space    used 10827K, capacity 12980K, committed 13056K, reserved 1048576K
}
Event: 17954.237 GC heap before
{Heap before GC invocations=506 (full 160):
 PSYoungGen      total 52224K, used 51744K [0x00000000f5580000, 0x00000000f9500000, 0x0000000100000000)
  eden space 45568K, 100% used [0x00000000f5580000,0x00000000f8200000,0x00000000f8200000)
  from space 6656K, 92% used [0x00000000f8300000,0x00000000f89081b8,0x00000000f8980000)
  to   space 9728K, 0% used [0x00000000f8b80000,0x00000000f8b80000,0x00000000f9500000)
 ParOldGen       total 94208K, used 53297K [0x00000000e0000000, 0x00000000e5c00000, 0x00000000f5580000)
  object space 94208K, 56% used [0x00000000e0000000,0x00000000e340c7c0,0x00000000e5c00000)
 Metaspace       used 93666K, capacity 100656K, committed 101080K, reserved 1136640K
  class space    used 10827K, capacity 12980K, committed 13056K, reserved 1048576K
Event: 17954.251 GC heap after
Heap after GC invocations=506 (full 160):
 PSYoungGen      total 53248K, used 6255K [0x00000000f5580000, 0x00000000f9400000, 0x0000000100000000)
  eden space 44544K, 0% used [0x00000000f5580000,0x00000000f5580000,0x00000000f8100000)
  from space 8704K, 71% used [0x00000000f8b80000,0x00000000f919bef8,0x00000000f9400000)
  to   space 9728K, 0% used [0x00000000f8100000,0x00000000f8100000,0x00000000f8a80000)
 ParOldGen       total 94208K, used 53353K [0x00000000e0000000, 0x00000000e5c00000, 0x00000000f5580000)
  object space 94208K, 56% used [0x00000000e0000000,0x00000000e341a7c0,0x00000000e5c00000)
 Metaspace       used 93666K, capacity 100656K, committed 101080K, reserved 1136640K
  class space    used 10827K, capacity 12980K, committed 13056K, reserved 1048576K
}
Event: 18358.737 GC heap before
{Heap before GC invocations=507 (full 160):
 PSYoungGen      total 53248K, used 50799K [0x00000000f5580000, 0x00000000f9400000, 0x0000000100000000)
  eden space 44544K, 100% used [0x00000000f5580000,0x00000000f8100000,0x00000000f8100000)
  from space 8704K, 71% used [0x00000000f8b80000,0x00000000f919bef8,0x00000000f9400000)
  to   space 9728K, 0% used [0x00000000f8100000,0x00000000f8100000,0x00000000f8a80000)
 ParOldGen       total 94208K, used 53353K [0x00000000e0000000, 0x00000000e5c00000, 0x00000000f5580000)
  object space 94208K, 56% used [0x00000000e0000000,0x00000000e341a7c0,0x00000000e5c00000)
 Metaspace       used 93762K, capacity 100724K, committed 101080K, reserved 1136640K
  class space    used 10841K, capacity 12980K, committed 13056K, reserved 1048576K
Event: 18358.742 GC heap after
Heap after GC invocations=507 (full 160):
 PSYoungGen      total 49152K, used 5237K [0x00000000f5580000, 0x00000000f9200000, 0x0000000100000000)
  eden space 43520K, 0% used [0x00000000f5580000,0x00000000f5580000,0x00000000f8000000)
  from space 5632K, 92% used [0x00000000f8100000,0x00000000f861d408,0x00000000f8680000)
  to   space 9216K, 0% used [0x00000000f8900000,0x00000000f8900000,0x00000000f9200000)
 ParOldGen       total 94208K, used 53393K [0x00000000e0000000, 0x00000000e5c00000, 0x00000000f5580000)
  object space 94208K, 56% used [0x00000000e0000000,0x00000000e34247c0,0x00000000e5c00000)
 Metaspace       used 93762K, capacity 100724K, committed 101080K, reserved 1136640K
  class space    used 10841K, capacity 12980K, committed 13056K, reserved 1048576K
}

