# JRE version: Java(TM) SE Runtime Environment (8.0_45-b15) (build 1.8.0_45-b15)
# Java VM: Java HotSpot(TM) 64-Bit Server VM (25.45-b02 mixed mode windows-amd64 compressed oops)
Heap:
 PSYoungGen      total 95232K, used 38188K [0x00000000f5580000, 0x00000000fb380000, 0x0000000100000000)
  eden space 94208K, 40% used [0x00000000f5580000,0x00000000f7acb278,0x00000000fb180000)
  from space 1024K, 0% used [0x00000000fb280000,0x00000000fb280000,0x00000000fb380000)
  to   space 1024K, 0% used [0x00000000fb180000,0x00000000fb180000,0x00000000fb280000)
 ParOldGen       total 138752K, used 49750K [0x00000000e0000000, 0x00000000e8780000, 0x00000000f5580000)
  object space 138752K, 35% used [0x00000000e0000000,0x00000000e3095ac0,0x00000000e8780000)
 Metaspace       used 97776K, capacity 104834K, committed 105088K, reserved 1140736K
  class space    used 11527K, capacity 13685K, committed 13696K, reserved 1048576K
GC Heap History (10 events):
Event: 17483.529 GC heap before
{Heap before GC invocations=597 (full 263):
 PSYoungGen      total 95232K, used 160K [0x00000000f5580000, 0x00000000fb380000, 0x0000000100000000)
  eden space 94208K, 0% used [0x00000000f5580000,0x00000000f5580000,0x00000000fb180000)
  from space 1024K, 15% used [0x00000000fb280000,0x00000000fb2a8000,0x00000000fb380000)
  to   space 1024K, 0% used [0x00000000fb180000,0x00000000fb180000,0x00000000fb280000)
 ParOldGen       total 138752K, used 49855K [0x00000000e0000000, 0x00000000e8780000, 0x00000000f5580000)
  object space 138752K, 35% used [0x00000000e0000000,0x00000000e30afe10,0x00000000e8780000)
 Metaspace       used 97288K, capacity 104380K, committed 104576K, reserved 1140736K
  class space    used 11476K, capacity 13620K, committed 13696K, reserved 1048576K
Event: 17483.650 GC heap after
Heap after GC invocations=597 (full 263):
 PSYoungGen      total 95232K, used 0K [0x00000000f5580000, 0x00000000fb380000, 0x0000000100000000)
  eden space 94208K, 0% used [0x00000000f5580000,0x00000000f5580000,0x00000000fb180000)
  from space 1024K, 0% used [0x00000000fb280000,0x00000000fb280000,0x00000000fb380000)
  to   space 1024K, 0% used [0x00000000fb180000,0x00000000fb180000,0x00000000fb280000)
 ParOldGen       total 138752K, used 49699K [0x00000000e0000000, 0x00000000e8780000, 0x00000000f5580000)
  object space 138752K, 35% used [0x00000000e0000000,0x00000000e3088ce0,0x00000000e8780000)
 Metaspace       used 97288K, capacity 104380K, committed 104576K, reserved 1140736K
  class space    used 11476K, capacity 13620K, committed 13696K, reserved 1048576K
}
Event: 17543.529 GC heap before
{Heap before GC invocations=598 (full 263):
 PSYoungGen      total 95232K, used 3571K [0x00000000f5580000, 0x00000000fb380000, 0x0000000100000000)
  eden space 94208K, 3% used [0x00000000f5580000,0x00000000f58fcda0,0x00000000fb180000)
  from space 1024K, 0% used [0x00000000fb280000,0x00000000fb280000,0x00000000fb380000)
  to   space 1024K, 0% used [0x00000000fb180000,0x00000000fb180000,0x00000000fb280000)
 ParOldGen       total 138752K, used 49699K [0x00000000e0000000, 0x00000000e8780000, 0x00000000f5580000)
  object space 138752K, 35% used [0x00000000e0000000,0x00000000e3088ce0,0x00000000e8780000)
 Metaspace       used 97288K, capacity 104380K, committed 104576K, reserved 1140736K
  class space    used 11476K, capacity 13620K, committed 13696K, reserved 1048576K
Event: 17543.534 GC heap after
Heap after GC invocations=598 (full 263):
 PSYoungGen      total 95232K, used 160K [0x00000000f5580000, 0x00000000fb380000, 0x0000000100000000)
  eden space 94208K, 0% used [0x00000000f5580000,0x00000000f5580000,0x00000000fb180000)
  from space 1024K, 15% used [0x00000000fb180000,0x00000000fb1a8000,0x00000000fb280000)
  to   space 1024K, 0% used [0x00000000fb280000,0x00000000fb280000,0x00000000fb380000)
 ParOldGen       total 138752K, used 49699K [0x00000000e0000000, 0x00000000e8780000, 0x00000000f5580000)
  object space 138752K, 35% used [0x00000000e0000000,0x00000000e3088ce0,0x00000000e8780000)
 Metaspace       used 97288K, capacity 104380K, committed 104576K, reserved 1140736K
  class space    used 11476K, capacity 13620K, committed 13696K, reserved 1048576K
}
Event: 17543.534 GC heap before
{Heap before GC invocations=599 (full 264):
 PSYoungGen      total 95232K, used 160K [0x00000000f5580000, 0x00000000fb380000, 0x0000000100000000)
  eden space 94208K, 0% used [0x00000000f5580000,0x00000000f5580000,0x00000000fb180000)
  from space 1024K, 15% used [0x00000000fb180000,0x00000000fb1a8000,0x00000000fb280000)
  to   space 1024K, 0% used [0x00000000fb280000,0x00000000fb280000,0x00000000fb380000)
 ParOldGen       total 138752K, used 49699K [0x00000000e0000000, 0x00000000e8780000, 0x00000000f5580000)
  object space 138752K, 35% used [0x00000000e0000000,0x00000000e3088ce0,0x00000000e8780000)
 Metaspace       used 97288K, capacity 104380K, committed 104576K, reserved 1140736K
  class space    used 11476K, capacity 13620K, committed 13696K, reserved 1048576K
Event: 17543.653 GC heap after
Heap after GC invocations=599 (full 264):
 PSYoungGen      total 95232K, used 0K [0x00000000f5580000, 0x00000000fb380000, 0x0000000100000000)
  eden space 94208K, 0% used [0x00000000f5580000,0x00000000f5580000,0x00000000fb180000)
  from space 1024K, 0% used [0x00000000fb180000,0x00000000fb180000,0x00000000fb280000)
  to   space 1024K, 0% used [0x00000000fb280000,0x00000000fb280000,0x00000000fb380000)
 ParOldGen       total 138752K, used 49699K [0x00000000e0000000, 0x00000000e8780000, 0x00000000f5580000)
  object space 138752K, 35% used [0x00000000e0000000,0x00000000e3088ce0,0x00000000e8780000)
 Metaspace       used 97288K, capacity 104380K, committed 104576K, reserved 1140736K
  class space    used 11476K, capacity 13620K, committed 13696K, reserved 1048576K
}
Event: 17603.538 GC heap before
{Heap before GC invocations=600 (full 264):
 PSYoungGen      total 95232K, used 3570K [0x00000000f5580000, 0x00000000fb380000, 0x0000000100000000)
  eden space 94208K, 3% used [0x00000000f5580000,0x00000000f58fc980,0x00000000fb180000)
  from space 1024K, 0% used [0x00000000fb180000,0x00000000fb180000,0x00000000fb280000)
  to   space 1024K, 0% used [0x00000000fb280000,0x00000000fb280000,0x00000000fb380000)
 ParOldGen       total 138752K, used 49699K [0x00000000e0000000, 0x00000000e8780000, 0x00000000f5580000)
  object space 138752K, 35% used [0x00000000e0000000,0x00000000e3088ce0,0x00000000e8780000)
 Metaspace       used 97288K, capacity 104380K, committed 104576K, reserved 1140736K
  class space    used 11476K, capacity 13620K, committed 13696K, reserved 1048576K
Event: 17603.543 GC heap after
Heap after GC invocations=600 (full 264):
 PSYoungGen      total 95232K, used 192K [0x00000000f5580000, 0x00000000fb380000, 0x0000000100000000)
  eden space 94208K, 0% used [0x00000000f5580000,0x00000000f5580000,0x00000000fb180000)
  from space 1024K, 18% used [0x00000000fb280000,0x00000000fb2b0000,0x00000000fb380000)
  to   space 1024K, 0% used [0x00000000fb180000,0x00000000fb180000,0x00000000fb280000)
 ParOldGen       total 138752K, used 49699K [0x00000000e0000000, 0x00000000e8780000, 0x00000000f5580000)
  object space 138752K, 35% used [0x00000000e0000000,0x00000000e3088ce0,0x00000000e8780000)
 Metaspace       used 97288K, capacity 104380K, committed 104576K, reserved 1140736K
  class space    used 11476K, capacity 13620K, committed 13696K, reserved 1048576K
}
Event: 17603.543 GC heap before
{Heap before GC invocations=601 (full 265):
 PSYoungGen      total 95232K, used 192K [0x00000000f5580000, 0x00000000fb380000, 0x0000000100000000)
  eden space 94208K, 0% used [0x00000000f5580000,0x00000000f5580000,0x00000000fb180000)
  from space 1024K, 18% used [0x00000000fb280000,0x00000000fb2b0000,0x00000000fb380000)
  to   space 1024K, 0% used [0x00000000fb180000,0x00000000fb180000,0x00000000fb280000)
 ParOldGen       total 138752K, used 49699K [0x00000000e0000000, 0x00000000e8780000, 0x00000000f5580000)
  object space 138752K, 35% used [0x00000000e0000000,0x00000000e3088ce0,0x00000000e8780000)
 Metaspace       used 97288K, capacity 104380K, committed 104576K, reserved 1140736K
  class space    used 11476K, capacity 13620K, committed 13696K, reserved 1048576K
Event: 17603.660 GC heap after
Heap after GC invocations=601 (full 265):
 PSYoungGen      total 95232K, used 0K [0x00000000f5580000, 0x00000000fb380000, 0x0000000100000000)
  eden space 94208K, 0% used [0x00000000f5580000,0x00000000f5580000,0x00000000fb180000)
  from space 1024K, 0% used [0x00000000fb280000,0x00000000fb280000,0x00000000fb380000)
  to   space 1024K, 0% used [0x00000000fb180000,0x00000000fb180000,0x00000000fb280000)
 ParOldGen       total 138752K, used 49750K [0x00000000e0000000, 0x00000000e8780000, 0x00000000f5580000)
  object space 138752K, 35% used [0x00000000e0000000,0x00000000e3095ac0,0x00000000e8780000)
 Metaspace       used 97288K, capacity 104380K, committed 104576K, reserved 1140736K
  class space    used 11476K, capacity 13620K, committed 13696K, reserved 1048576K
}

