# JRE version: Java(TM) SE Runtime Environment (8.0_25-b18) (build 1.8.0_25-b18)
# Java VM: Java HotSpot(TM) 64-Bit Server VM (25.25-b02 mixed mode windows-amd64 compressed oops)
Heap:
 PSYoungGen      total 82944K, used 51410K [0x00000000f5580000, 0x00000000fb700000, 0x0000000100000000)
  eden space 82432K, 62% used [0x00000000f5580000,0x00000000f87b4870,0x00000000fa600000)
  from space 512K, 0% used [0x00000000fa600000,0x00000000fa600000,0x00000000fa680000)
  to   space 8704K, 0% used [0x00000000fae80000,0x00000000fae80000,0x00000000fb700000)
 ParOldGen       total 110080K, used 35976K [0x00000000e0000000, 0x00000000e6b80000, 0x00000000f5580000)
  object space 110080K, 32% used [0x00000000e0000000,0x00000000e23220f0,0x00000000e6b80000)
 Metaspace       used 82319K, capacity 87818K, committed 88084K, reserved 1126400K
  class space    used 10135K, capacity 11961K, committed 12052K, reserved 1048576K
GC Heap History (10 events):
Event: 1502.555 GC heap before
{Heap before GC invocations=65 (full 28):
 PSYoungGen      total 82944K, used 128K [0x00000000f5580000, 0x00000000fba00000, 0x0000000100000000)
  eden space 82432K, 0% used [0x00000000f5580000,0x00000000f5580000,0x00000000fa600000)
  from space 512K, 25% used [0x00000000fa600000,0x00000000fa620000,0x00000000fa680000)
  to   space 10240K, 0% used [0x00000000fb000000,0x00000000fb000000,0x00000000fba00000)
 ParOldGen       total 110080K, used 35984K [0x00000000e0000000, 0x00000000e6b80000, 0x00000000f5580000)
  object space 110080K, 32% used [0x00000000e0000000,0x00000000e2324390,0x00000000e6b80000)
 Metaspace       used 78902K, capacity 84646K, committed 84884K, reserved 1122304K
  class space    used 9768K, capacity 11632K, committed 11668K, reserved 1048576K
Event: 1502.681 GC heap after
Heap after GC invocations=65 (full 28):
 PSYoungGen      total 82944K, used 0K [0x00000000f5580000, 0x00000000fba00000, 0x0000000100000000)
  eden space 82432K, 0% used [0x00000000f5580000,0x00000000f5580000,0x00000000fa600000)
  from space 512K, 0% used [0x00000000fa600000,0x00000000fa600000,0x00000000fa680000)
  to   space 10240K, 0% used [0x00000000fb000000,0x00000000fb000000,0x00000000fba00000)
 ParOldGen       total 110080K, used 35984K [0x00000000e0000000, 0x00000000e6b80000, 0x00000000f5580000)
  object space 110080K, 32% used [0x00000000e0000000,0x00000000e2324390,0x00000000e6b80000)
 Metaspace       used 78902K, capacity 84646K, committed 84884K, reserved 1122304K
  class space    used 9768K, capacity 11632K, committed 11668K, reserved 1048576K
}
Event: 1562.564 GC heap before
{Heap before GC invocations=66 (full 28):
 PSYoungGen      total 82944K, used 8415K [0x00000000f5580000, 0x00000000fba00000, 0x0000000100000000)
  eden space 82432K, 10% used [0x00000000f5580000,0x00000000f5db7ff8,0x00000000fa600000)
  from space 512K, 0% used [0x00000000fa600000,0x00000000fa600000,0x00000000fa680000)
  to   space 10240K, 0% used [0x00000000fb000000,0x00000000fb000000,0x00000000fba00000)
 ParOldGen       total 110080K, used 35984K [0x00000000e0000000, 0x00000000e6b80000, 0x00000000f5580000)
  object space 110080K, 32% used [0x00000000e0000000,0x00000000e2324390,0x00000000e6b80000)
 Metaspace       used 78936K, capacity 84710K, committed 84884K, reserved 1122304K
  class space    used 9768K, capacity 11632K, committed 11668K, reserved 1048576K
Event: 1562.572 GC heap after
Heap after GC invocations=66 (full 28):
 PSYoungGen      total 91648K, used 512K [0x00000000f5580000, 0x00000000fb900000, 0x0000000100000000)
  eden space 82432K, 0% used [0x00000000f5580000,0x00000000f5580000,0x00000000fa600000)
  from space 9216K, 5% used [0x00000000fb000000,0x00000000fb080000,0x00000000fb900000)
  to   space 9728K, 0% used [0x00000000fa600000,0x00000000fa600000,0x00000000faf80000)
 ParOldGen       total 110080K, used 35984K [0x00000000e0000000, 0x00000000e6b80000, 0x00000000f5580000)
  object space 110080K, 32% used [0x00000000e0000000,0x00000000e2324390,0x00000000e6b80000)
 Metaspace       used 78936K, capacity 84710K, committed 84884K, reserved 1122304K
  class space    used 9768K, capacity 11632K, committed 11668K, reserved 1048576K
}
Event: 1562.572 GC heap before
{Heap before GC invocations=67 (full 29):
 PSYoungGen      total 91648K, used 512K [0x00000000f5580000, 0x00000000fb900000, 0x0000000100000000)
  eden space 82432K, 0% used [0x00000000f5580000,0x00000000f5580000,0x00000000fa600000)
  from space 9216K, 5% used [0x00000000fb000000,0x00000000fb080000,0x00000000fb900000)
  to   space 9728K, 0% used [0x00000000fa600000,0x00000000fa600000,0x00000000faf80000)
 ParOldGen       total 110080K, used 35984K [0x00000000e0000000, 0x00000000e6b80000, 0x00000000f5580000)
  object space 110080K, 32% used [0x00000000e0000000,0x00000000e2324390,0x00000000e6b80000)
 Metaspace       used 78936K, capacity 84710K, committed 84884K, reserved 1122304K
  class space    used 9768K, capacity 11632K, committed 11668K, reserved 1048576K
Event: 1562.711 GC heap after
Heap after GC invocations=67 (full 29):
 PSYoungGen      total 91648K, used 0K [0x00000000f5580000, 0x00000000fb900000, 0x0000000100000000)
  eden space 82432K, 0% used [0x00000000f5580000,0x00000000f5580000,0x00000000fa600000)
  from space 9216K, 0% used [0x00000000fb000000,0x00000000fb000000,0x00000000fb900000)
  to   space 9728K, 0% used [0x00000000fa600000,0x00000000fa600000,0x00000000faf80000)
 ParOldGen       total 110080K, used 36131K [0x00000000e0000000, 0x00000000e6b80000, 0x00000000f5580000)
  object space 110080K, 32% used [0x00000000e0000000,0x00000000e2348ef8,0x00000000e6b80000)
 Metaspace       used 78936K, capacity 84710K, committed 84884K, reserved 1122304K
  class space    used 9768K, capacity 11632K, committed 11668K, reserved 1048576K
}
Event: 1622.576 GC heap before
{Heap before GC invocations=68 (full 29):
 PSYoungGen      total 91648K, used 2934K [0x00000000f5580000, 0x00000000fb900000, 0x0000000100000000)
  eden space 82432K, 3% used [0x00000000f5580000,0x00000000f585d998,0x00000000fa600000)
  from space 9216K, 0% used [0x00000000fb000000,0x00000000fb000000,0x00000000fb900000)
  to   space 9728K, 0% used [0x00000000fa600000,0x00000000fa600000,0x00000000faf80000)
 ParOldGen       total 110080K, used 36131K [0x00000000e0000000, 0x00000000e6b80000, 0x00000000f5580000)
  object space 110080K, 32% used [0x00000000e0000000,0x00000000e2348ef8,0x00000000e6b80000)
 Metaspace       used 78936K, capacity 84710K, committed 84884K, reserved 1122304K
  class space    used 9768K, capacity 11632K, committed 11668K, reserved 1048576K
Event: 1622.579 GC heap after
Heap after GC invocations=68 (full 29):
 PSYoungGen      total 82944K, used 128K [0x00000000f5580000, 0x00000000fb700000, 0x0000000100000000)
  eden space 82432K, 0% used [0x00000000f5580000,0x00000000f5580000,0x00000000fa600000)
  from space 512K, 25% used [0x00000000fa600000,0x00000000fa620000,0x00000000fa680000)
  to   space 8704K, 0% used [0x00000000fae80000,0x00000000fae80000,0x00000000fb700000)
 ParOldGen       total 110080K, used 36131K [0x00000000e0000000, 0x00000000e6b80000, 0x00000000f5580000)
  object space 110080K, 32% used [0x00000000e0000000,0x00000000e2348ef8,0x00000000e6b80000)
 Metaspace       used 78936K, capacity 84710K, committed 84884K, reserved 1122304K
  class space    used 9768K, capacity 11632K, committed 11668K, reserved 1048576K
}
Event: 1622.579 GC heap before
{Heap before GC invocations=69 (full 30):
 PSYoungGen      total 82944K, used 128K [0x00000000f5580000, 0x00000000fb700000, 0x0000000100000000)
  eden space 82432K, 0% used [0x00000000f5580000,0x00000000f5580000,0x00000000fa600000)
  from space 512K, 25% used [0x00000000fa600000,0x00000000fa620000,0x00000000fa680000)
  to   space 8704K, 0% used [0x00000000fae80000,0x00000000fae80000,0x00000000fb700000)
 ParOldGen       total 110080K, used 36131K [0x00000000e0000000, 0x00000000e6b80000, 0x00000000f5580000)
  object space 110080K, 32% used [0x00000000e0000000,0x00000000e2348ef8,0x00000000e6b80000)
 Metaspace       used 78936K, capacity 84710K, committed 84884K, reserved 1122304K
  class space    used 9768K, capacity 11632K, committed 11668K, reserved 1048576K
Event: 1622.708 GC heap after
Heap after GC invocations=69 (full 30):
 PSYoungGen      total 82944K, used 0K [0x00000000f5580000, 0x00000000fb700000, 0x0000000100000000)
  eden space 82432K, 0% used [0x00000000f5580000,0x00000000f5580000,0x00000000fa600000)
  from space 512K, 0% used [0x00000000fa600000,0x00000000fa600000,0x00000000fa680000)
  to   space 8704K, 0% used [0x00000000fae80000,0x00000000fae80000,0x00000000fb700000)
 ParOldGen       total 110080K, used 35976K [0x00000000e0000000, 0x00000000e6b80000, 0x00000000f5580000)
  object space 110080K, 32% used [0x00000000e0000000,0x00000000e23220f0,0x00000000e6b80000)
 Metaspace       used 78936K, capacity 84710K, committed 84884K, reserved 1122304K
  class space    used 9768K, capacity 11632K, committed 11668K, reserved 1048576K
}

