# JRE version: Java(TM) SE Runtime Environment (8.0_45-b15) (build 1.8.0_45-b15)
# Java VM: Java HotSpot(TM) 64-Bit Server VM (25.45-b02 mixed mode windows-amd64 compressed oops)
Heap:
 PSYoungGen      total 54272K, used 47383K [0x00000000f5580000, 0x00000000f9500000, 0x0000000100000000)
  eden space 45568K, 91% used [0x00000000f5580000,0x00000000f7e340a8,0x00000000f8200000)
  from space 8704K, 65% used [0x00000000f8c80000,0x00000000f9211da8,0x00000000f9500000)
  to   space 9728K, 0% used [0x00000000f8200000,0x00000000f8200000,0x00000000f8b80000)
 ParOldGen       total 75776K, used 58559K [0x00000000e0000000, 0x00000000e4a00000, 0x00000000f5580000)
  object space 75776K, 77% used [0x00000000e0000000,0x00000000e392ffc8,0x00000000e4a00000)
 Metaspace       used 96588K, capacity 103602K, committed 103936K, reserved 1140736K
  class space    used 11026K, capacity 13187K, committed 13312K, reserved 1048576K
GC Heap History (10 events):
Event: 8538.144 GC heap before
{Heap before GC invocations=419 (full 79):
 PSYoungGen      total 57344K, used 50396K [0x00000000f5580000, 0x00000000f9680000, 0x0000000100000000)
  eden space 48128K, 100% used [0x00000000f5580000,0x00000000f8480000,0x00000000f8480000)
  from space 9216K, 24% used [0x00000000f8480000,0x00000000f86b72e0,0x00000000f8d80000)
  to   space 8704K, 0% used [0x00000000f8e00000,0x00000000f8e00000,0x00000000f9680000)
 ParOldGen       total 75776K, used 58551K [0x00000000e0000000, 0x00000000e4a00000, 0x00000000f5580000)
  object space 75776K, 77% used [0x00000000e0000000,0x00000000e392dfc8,0x00000000e4a00000)
 Metaspace       used 96002K, capacity 102924K, committed 103296K, reserved 1138688K
  class space    used 10964K, capacity 13154K, committed 13184K, reserved 1048576K
Event: 8538.147 GC heap after
Heap after GC invocations=419 (full 79):
 PSYoungGen      total 56832K, used 2612K [0x00000000f5580000, 0x00000000f9600000, 0x0000000100000000)
  eden space 48640K, 0% used [0x00000000f5580000,0x00000000f5580000,0x00000000f8500000)
  from space 8192K, 31% used [0x00000000f8e00000,0x00000000f908d1c0,0x00000000f9600000)
  to   space 8704K, 0% used [0x00000000f8500000,0x00000000f8500000,0x00000000f8d80000)
 ParOldGen       total 75776K, used 58551K [0x00000000e0000000, 0x00000000e4a00000, 0x00000000f5580000)
  object space 75776K, 77% used [0x00000000e0000000,0x00000000e392dfc8,0x00000000e4a00000)
 Metaspace       used 96002K, capacity 102924K, committed 103296K, reserved 1138688K
  class space    used 10964K, capacity 13154K, committed 13184K, reserved 1048576K
}
Event: 8545.647 GC heap before
{Heap before GC invocations=420 (full 79):
 PSYoungGen      total 56832K, used 51252K [0x00000000f5580000, 0x00000000f9600000, 0x0000000100000000)
  eden space 48640K, 100% used [0x00000000f5580000,0x00000000f8500000,0x00000000f8500000)
  from space 8192K, 31% used [0x00000000f8e00000,0x00000000f908d1c0,0x00000000f9600000)
  to   space 8704K, 0% used [0x00000000f8500000,0x00000000f8500000,0x00000000f8d80000)
 ParOldGen       total 75776K, used 58551K [0x00000000e0000000, 0x00000000e4a00000, 0x00000000f5580000)
  object space 75776K, 77% used [0x00000000e0000000,0x00000000e392dfc8,0x00000000e4a00000)
 Metaspace       used 96006K, capacity 102988K, committed 103296K, reserved 1138688K
  class space    used 10964K, capacity 13154K, committed 13184K, reserved 1048576K
Event: 8545.660 GC heap after
Heap after GC invocations=420 (full 79):
 PSYoungGen      total 57344K, used 6174K [0x00000000f5580000, 0x00000000f9800000, 0x0000000100000000)
  eden space 48640K, 0% used [0x00000000f5580000,0x00000000f5580000,0x00000000f8500000)
  from space 8704K, 70% used [0x00000000f8500000,0x00000000f8b07bf0,0x00000000f8d80000)
  to   space 9216K, 0% used [0x00000000f8f00000,0x00000000f8f00000,0x00000000f9800000)
 ParOldGen       total 75776K, used 58551K [0x00000000e0000000, 0x00000000e4a00000, 0x00000000f5580000)
  object space 75776K, 77% used [0x00000000e0000000,0x00000000e392dfc8,0x00000000e4a00000)
 Metaspace       used 96006K, capacity 102988K, committed 103296K, reserved 1138688K
  class space    used 10964K, capacity 13154K, committed 13184K, reserved 1048576K
}
Event: 8772.087 GC heap before
{Heap before GC invocations=421 (full 79):
 PSYoungGen      total 57344K, used 54814K [0x00000000f5580000, 0x00000000f9800000, 0x0000000100000000)
  eden space 48640K, 100% used [0x00000000f5580000,0x00000000f8500000,0x00000000f8500000)
  from space 8704K, 70% used [0x00000000f8500000,0x00000000f8b07bf0,0x00000000f8d80000)
  to   space 9216K, 0% used [0x00000000f8f00000,0x00000000f8f00000,0x00000000f9800000)
 ParOldGen       total 75776K, used 58551K [0x00000000e0000000, 0x00000000e4a00000, 0x00000000f5580000)
  object space 75776K, 77% used [0x00000000e0000000,0x00000000e392dfc8,0x00000000e4a00000)
 Metaspace       used 96008K, capacity 102988K, committed 103296K, reserved 1138688K
  class space    used 10964K, capacity 13154K, committed 13184K, reserved 1048576K
Event: 8772.101 GC heap after
Heap after GC invocations=421 (full 79):
 PSYoungGen      total 55808K, used 6859K [0x00000000f5580000, 0x00000000f9700000, 0x0000000100000000)
  eden space 47616K, 0% used [0x00000000f5580000,0x00000000f5580000,0x00000000f8400000)
  from space 8192K, 83% used [0x00000000f8f00000,0x00000000f95b2dd0,0x00000000f9700000)
  to   space 9728K, 0% used [0x00000000f8400000,0x00000000f8400000,0x00000000f8d80000)
 ParOldGen       total 75776K, used 58551K [0x00000000e0000000, 0x00000000e4a00000, 0x00000000f5580000)
  object space 75776K, 77% used [0x00000000e0000000,0x00000000e392dfc8,0x00000000e4a00000)
 Metaspace       used 96008K, capacity 102988K, committed 103296K, reserved 1138688K
  class space    used 10964K, capacity 13154K, committed 13184K, reserved 1048576K
}
Event: 9145.816 GC heap before
{Heap before GC invocations=422 (full 79):
 PSYoungGen      total 55808K, used 54475K [0x00000000f5580000, 0x00000000f9700000, 0x0000000100000000)
  eden space 47616K, 100% used [0x00000000f5580000,0x00000000f8400000,0x00000000f8400000)
  from space 8192K, 83% used [0x00000000f8f00000,0x00000000f95b2dd0,0x00000000f9700000)
  to   space 9728K, 0% used [0x00000000f8400000,0x00000000f8400000,0x00000000f8d80000)
 ParOldGen       total 75776K, used 58551K [0x00000000e0000000, 0x00000000e4a00000, 0x00000000f5580000)
  object space 75776K, 77% used [0x00000000e0000000,0x00000000e392dfc8,0x00000000e4a00000)
 Metaspace       used 96013K, capacity 102988K, committed 103296K, reserved 1138688K
  class space    used 10964K, capacity 13154K, committed 13184K, reserved 1048576K
Event: 9145.829 GC heap after
Heap after GC invocations=422 (full 79):
 PSYoungGen      total 51712K, used 5053K [0x00000000f5580000, 0x00000000f9600000, 0x0000000100000000)
  eden space 46592K, 0% used [0x00000000f5580000,0x00000000f5580000,0x00000000f8300000)
  from space 5120K, 98% used [0x00000000f8400000,0x00000000f88ef708,0x00000000f8900000)
  to   space 9728K, 0% used [0x00000000f8c80000,0x00000000f8c80000,0x00000000f9600000)
 ParOldGen       total 75776K, used 58559K [0x00000000e0000000, 0x00000000e4a00000, 0x00000000f5580000)
  object space 75776K, 77% used [0x00000000e0000000,0x00000000e392ffc8,0x00000000e4a00000)
 Metaspace       used 96013K, capacity 102988K, committed 103296K, reserved 1138688K
  class space    used 10964K, capacity 13154K, committed 13184K, reserved 1048576K
}
Event: 9151.872 GC heap before
{Heap before GC invocations=423 (full 79):
 PSYoungGen      total 51712K, used 51645K [0x00000000f5580000, 0x00000000f9600000, 0x0000000100000000)
  eden space 46592K, 100% used [0x00000000f5580000,0x00000000f8300000,0x00000000f8300000)
  from space 5120K, 98% used [0x00000000f8400000,0x00000000f88ef708,0x00000000f8900000)
  to   space 9728K, 0% used [0x00000000f8c80000,0x00000000f8c80000,0x00000000f9600000)
 ParOldGen       total 75776K, used 58559K [0x00000000e0000000, 0x00000000e4a00000, 0x00000000f5580000)
  object space 75776K, 77% used [0x00000000e0000000,0x00000000e392ffc8,0x00000000e4a00000)
 Metaspace       used 96017K, capacity 102988K, committed 103296K, reserved 1138688K
  class space    used 10964K, capacity 13154K, committed 13184K, reserved 1048576K
Event: 9151.877 GC heap after
Heap after GC invocations=423 (full 79):
 PSYoungGen      total 54272K, used 5703K [0x00000000f5580000, 0x00000000f9500000, 0x0000000100000000)
  eden space 45568K, 0% used [0x00000000f5580000,0x00000000f5580000,0x00000000f8200000)
  from space 8704K, 65% used [0x00000000f8c80000,0x00000000f9211da8,0x00000000f9500000)
  to   space 9728K, 0% used [0x00000000f8200000,0x00000000f8200000,0x00000000f8b80000)
 ParOldGen       total 75776K, used 58559K [0x00000000e0000000, 0x00000000e4a00000, 0x00000000f5580000)
  object space 75776K, 77% used [0x00000000e0000000,0x00000000e392ffc8,0x00000000e4a00000)
 Metaspace       used 96017K, capacity 102988K, committed 103296K, reserved 1138688K
  class space    used 10964K, capacity 13154K, committed 13184K, reserved 1048576K
}

